<?xml version="1.0" encoding="UTF-8"?>
<testsuite name="com.corelogic.homevisit.accuservice.AccuZipFlowHandlersTest" tests="9" skipped="0" failures="0" errors="0" timestamp="2020-04-09T17:19:49" hostname="C02XH1CYJG5M" time="0.207">
  <properties/>
  <testcase name="changePrintRequestStatusToReadyNegative()" classname="com.corelogic.homevisit.accuservice.AccuZipFlowHandlersTest" time="0.033"/>
  <testcase name="changePrintRequestStatusToPrescvup()" classname="com.corelogic.homevisit.accuservice.AccuZipFlowHandlersTest" time="0.016"/>
  <testcase name="changePrintRequestStatusToCsvup()" classname="com.corelogic.homevisit.accuservice.AccuZipFlowHandlersTest" time="0.017"/>
  <testcase name="changePrintRequestStatusToReady()" classname="com.corelogic.homevisit.accuservice.AccuZipFlowHandlersTest" time="0.01"/>
  <testcase name="printRequestReadyMessageFlowTestCleanupVerifiedAddresses()" classname="com.corelogic.homevisit.accuservice.AccuZipFlowHandlersTest" time="0.027"/>
  <testcase name="changePrintRequestStatusToReq()" classname="com.corelogic.homevisit.accuservice.AccuZipFlowHandlersTest" time="0.027"/>
  <testcase name="changePrintRequestStatusToReadyWithEmptyTotalRecords()" classname="com.corelogic.homevisit.accuservice.AccuZipFlowHandlersTest" time="0.009"/>
  <testcase name="changePrintRequestStatusToDoneAndDownloadedAddresses()" classname="com.corelogic.homevisit.accuservice.AccuZipFlowHandlersTest" time="0.013"/>
  <testcase name="changePrintRequestStatusToCheckUpload()" classname="com.corelogic.homevisit.accuservice.AccuZipFlowHandlersTest" time="0.049"/>
  <system-out><![CDATA[2020-04-09 13:19:47.050  INFO 93364 --- [    Test worker] .b.t.c.SpringBootTestContextBootstrapper : Neither @ContextConfiguration nor @ContextHierarchy found for test class [com.corelogic.homevisit.accuservice.AccuZipFlowHandlersTest], using SpringBootContextLoader
2020-04-09 13:19:47.051  INFO 93364 --- [    Test worker] o.s.t.c.support.AbstractContextLoader    : Could not detect default resource locations for test class [com.corelogic.homevisit.accuservice.AccuZipFlowHandlersTest]: no resource found for suffixes {-context.xml, Context.groovy}.
2020-04-09 13:19:47.051  INFO 93364 --- [    Test worker] t.c.s.AnnotationConfigContextLoaderUtils : Could not detect default configuration classes for test class [com.corelogic.homevisit.accuservice.AccuZipFlowHandlersTest]: AccuZipFlowHandlersTest does not declare any static, non-private, non-final, nested classes annotated with @Configuration.
2020-04-09 13:19:47.052  INFO 93364 --- [    Test worker] .b.t.c.SpringBootTestContextBootstrapper : Found @SpringBootConfiguration com.corelogic.homevisit.accuservice.AccuserviceApplication for test class com.corelogic.homevisit.accuservice.AccuZipFlowHandlersTest
2020-04-09 13:19:47.053  INFO 93364 --- [    Test worker] .b.t.c.SpringBootTestContextBootstrapper : Loaded default TestExecutionListener class names from location [META-INF/spring.factories]: [org.springframework.security.test.context.support.WithSecurityContextTestExecutionListener, org.springframework.security.test.context.support.ReactorContextTestExecutionListener, org.springframework.boot.test.autoconfigure.restdocs.RestDocsTestExecutionListener, org.springframework.boot.test.autoconfigure.web.client.MockRestServiceServerResetTestExecutionListener, org.springframework.boot.test.autoconfigure.web.servlet.MockMvcPrintOnlyOnFailureTestExecutionListener, org.springframework.boot.test.autoconfigure.web.servlet.WebDriverTestExecutionListener, org.springframework.boot.test.mock.mockito.MockitoTestExecutionListener, org.springframework.boot.test.mock.mockito.ResetMocksTestExecutionListener, org.springframework.test.context.web.ServletTestExecutionListener, org.springframework.test.context.support.DirtiesContextBeforeModesTestExecutionListener, org.springframework.test.context.support.DependencyInjectionTestExecutionListener, org.springframework.test.context.support.DirtiesContextTestExecutionListener, org.springframework.test.context.transaction.TransactionalTestExecutionListener, org.springframework.test.context.jdbc.SqlScriptsTestExecutionListener, org.springframework.test.context.event.EventPublishingTestExecutionListener]
2020-04-09 13:19:47.054  INFO 93364 --- [    Test worker] .b.t.c.SpringBootTestContextBootstrapper : Using TestExecutionListeners: [org.springframework.test.context.web.ServletTestExecutionListener@632b66d8, org.springframework.test.context.support.DirtiesContextBeforeModesTestExecutionListener@1b97e648, org.springframework.boot.test.mock.mockito.MockitoTestExecutionListener@656dc36b, org.springframework.boot.test.autoconfigure.SpringBootDependencyInjectionTestExecutionListener@74f7310c, org.springframework.test.context.support.DirtiesContextTestExecutionListener@4c5284ec, org.springframework.test.context.transaction.TransactionalTestExecutionListener@68539e88, org.springframework.test.context.jdbc.SqlScriptsTestExecutionListener@63ae7e72, org.springframework.security.test.context.support.WithSecurityContextTestExecutionListener@2e1c4c5a, org.springframework.test.context.event.EventPublishingTestExecutionListener@7631d891, org.springframework.security.test.context.support.ReactorContextTestExecutionListener@262af01, org.springframework.boot.test.autoconfigure.restdocs.RestDocsTestExecutionListener@12af0cd1, org.springframework.boot.test.autoconfigure.web.client.MockRestServiceServerResetTestExecutionListener@5e1dec42, org.springframework.boot.test.autoconfigure.web.servlet.MockMvcPrintOnlyOnFailureTestExecutionListener@26105240, org.springframework.boot.test.autoconfigure.web.servlet.WebDriverTestExecutionListener@319deb24, org.springframework.boot.test.mock.mockito.ResetMocksTestExecutionListener@5b3eb042]
2020-04-09 13:19:47.111  INFO 93364 --- [    Test worker] trationDelegate$BeanPostProcessorChecker : Bean 'org.springframework.cloud.autoconfigure.ConfigurationPropertiesRebinderAutoConfiguration' of type [org.springframework.cloud.autoconfigure.ConfigurationPropertiesRebinderAutoConfiguration$$EnhancerBySpringCGLIB$$78568474] is not eligible for getting processed by all BeanPostProcessors (for example: not eligible for auto-proxying)

  ___                 _____                 _        _____         _   
 / _ \               /  ___|               (_)      |_   _|       | |  
/ /_\ \ ___ ___ _   _\ `--.  ___ _ ____   ___  ___ ___| | ___  ___| |_ 
|  _  |/ __/ __| | | |`--. \/ _ \ '__\ \ / / |/ __/ _ \ |/ _ \/ __| __|
| | | | (_| (__| |_| /\__/ /  __/ |   \ V /| | (_|  __/ |  __/\__ \ |_ 
\_| |_/\___\___|\__,_\____/ \___|_|    \_/ |_|\___\___\_/\___||___/\__|
                                                                       
----------------------------------------------------------------------

2020-04-09 13:19:47.139  INFO 93364 --- [    Test worker] c.c.c.ConfigServicePropertySourceLocator : Fetching config from server at : http://localhost:8888
2020-04-09 13:19:47.154  WARN 93364 --- [    Test worker] c.c.c.ConfigServicePropertySourceLocator : Could not locate PropertySource: label not found
2020-04-09 13:19:47.156  INFO 93364 --- [    Test worker] c.c.h.a.AccuZipFlowHandlersTest          : The following profiles are active: localtest
2020-04-09 13:19:47.381  INFO 93364 --- [    Test worker] .s.d.r.c.RepositoryConfigurationDelegate : Bootstrapping Spring Data JPA repositories in DEFAULT mode.
2020-04-09 13:19:47.391  INFO 93364 --- [    Test worker] .s.d.r.c.RepositoryConfigurationDelegate : Finished Spring Data repository scanning in 9ms. Found 0 JPA repository interfaces.
2020-04-09 13:19:47.422  INFO 93364 --- [    Test worker] o.s.cloud.context.scope.GenericScope     : BeanFactory id=6a2ca889-cdb3-374a-94bd-28654d56941d
2020-04-09 13:19:47.430  INFO 93364 --- [    Test worker] faultConfiguringBeanFactoryPostProcessor : No bean named 'errorChannel' has been explicitly defined. Therefore, a default PublishSubscribeChannel will be created.
2020-04-09 13:19:47.430  INFO 93364 --- [    Test worker] faultConfiguringBeanFactoryPostProcessor : No bean named 'taskScheduler' has been explicitly defined. Therefore, a default ThreadPoolTaskScheduler will be created.
2020-04-09 13:19:47.431  INFO 93364 --- [    Test worker] faultConfiguringBeanFactoryPostProcessor : No bean named 'integrationHeaderChannelRegistry' has been explicitly defined. Therefore, a default DefaultHeaderChannelRegistry will be created.
2020-04-09 13:19:47.470  INFO 93364 --- [    Test worker] trationDelegate$BeanPostProcessorChecker : Bean 'org.springframework.transaction.annotation.ProxyTransactionManagementConfiguration' of type [org.springframework.transaction.annotation.ProxyTransactionManagementConfiguration] is not eligible for getting processed by all BeanPostProcessors (for example: not eligible for auto-proxying)
2020-04-09 13:19:47.483  INFO 93364 --- [    Test worker] trationDelegate$BeanPostProcessorChecker : Bean 'integrationChannelResolver' of type [org.springframework.integration.support.channel.BeanFactoryChannelResolver] is not eligible for getting processed by all BeanPostProcessors (for example: not eligible for auto-proxying)
2020-04-09 13:19:47.484  INFO 93364 --- [    Test worker] trationDelegate$BeanPostProcessorChecker : Bean 'integrationDisposableAutoCreatedBeans' of type [org.springframework.integration.config.annotation.Disposables] is not eligible for getting processed by all BeanPostProcessors (for example: not eligible for auto-proxying)
2020-04-09 13:19:47.491  INFO 93364 --- [    Test worker] trationDelegate$BeanPostProcessorChecker : Bean 'org.springframework.integration.config.IntegrationManagementConfiguration' of type [org.springframework.integration.config.IntegrationManagementConfiguration] is not eligible for getting processed by all BeanPostProcessors (for example: not eligible for auto-proxying)
2020-04-09 13:19:47.507  INFO 93364 --- [    Test worker] trationDelegate$BeanPostProcessorChecker : Bean 'org.springframework.cloud.autoconfigure.ConfigurationPropertiesRebinderAutoConfiguration' of type [org.springframework.cloud.autoconfigure.ConfigurationPropertiesRebinderAutoConfiguration$$EnhancerBySpringCGLIB$$78568474] is not eligible for getting processed by all BeanPostProcessors (for example: not eligible for auto-proxying)
2020-04-09 13:19:47.579  INFO 93364 --- [    Test worker] o.s.b.w.embedded.tomcat.TomcatWebServer  : Tomcat initialized with port(s): 18443 (https) 18087 (http)
2020-04-09 13:19:47.581  INFO 93364 --- [    Test worker] o.apache.catalina.core.StandardService   : Starting service [Tomcat]
2020-04-09 13:19:47.581  INFO 93364 --- [    Test worker] org.apache.catalina.core.StandardEngine  : Starting Servlet engine: [Apache Tomcat/9.0.30]
2020-04-09 13:19:47.603  INFO 93364 --- [    Test worker] o.a.c.c.C.[Tomcat].[localhost].[/]       : Initializing Spring embedded WebApplicationContext
2020-04-09 13:19:47.603  INFO 93364 --- [    Test worker] o.s.web.context.ContextLoader            : Root WebApplicationContext: initialization completed in 444 ms
2020-04-09 13:19:47.992  INFO 93364 --- [    Test worker] o.hibernate.jpa.internal.util.LogHelper  : HHH000204: Processing PersistenceUnitInfo [name: default]
2020-04-09 13:19:47.997  INFO 93364 --- [    Test worker] com.zaxxer.hikari.HikariDataSource       : HikariPool-7 - Starting...
2020-04-09 13:19:47.998  INFO 93364 --- [    Test worker] com.zaxxer.hikari.HikariDataSource       : HikariPool-7 - Start completed.
2020-04-09 13:19:47.998  INFO 93364 --- [    Test worker] org.hibernate.dialect.Dialect            : HHH000400: Using dialect: org.hibernate.dialect.H2Dialect
Hibernate: 
    
    drop table agvproduct if exists
Hibernate: 
    
    drop table agvproductvariant if exists
Hibernate: 
    
    drop table cart if exists
Hibernate: 
    
    drop table cart_id if exists
Hibernate: 
    
    drop table chiliDefPostagePlacement if exists
Hibernate: 
    
    drop table chiliMasterTemplateAltLayout if exists
Hibernate: 
    
    drop table chiliUserPrint if exists
Hibernate: 
    
    drop table chiliUserPrintPage if exists
Hibernate: 
    
    drop table chiliUserPrintProduction if exists
Hibernate: 
    
    drop table item if exists
Hibernate: 
    
    drop table printAddress if exists
Hibernate: 
    
    drop table printAddressVerified if exists
Hibernate: 
    
    drop table printRequest if exists
Hibernate: 
    
    create table agvproduct (
       id bigint generated by default as identity,
        mail_class varchar(255),
        product_type varchar(255),
        sku varchar(255),
        primary key (id)
    )
Hibernate: 
    
    create table agvproductvariant (
       id bigint generated by default as identity,
        item_id bigint,
        print_name varchar(255),
        product_id bigint,
        primary key (id)
    )
Hibernate: 
    
    create table cart (
       id bigint generated by default as identity,
        chili_print_id bigint,
        qty integer,
        cartID bigint,
        selection bigint,
        primary key (id)
    )
Hibernate: 
    
    create table cart_id (
       id bigint generated by default as identity,
        sAddressID bigint,
        aAddress varchar(255),
        aAddressID bigint,
        aAddressType varchar(255),
        aAddressName varchar(255),
        aAddressModel varchar(255),
        aAddressee varchar(255),
        aCertified boolean,
        aCity varchar(255),
        aCompany varchar(255),
        aFirstName varchar(255),
        aLastName varchar(255),
        aLocality varchar(255),
        aState varchar(255),
        aZip varchar(15),
        ccAnaTransId varchar(255),
        ccApproval varchar(255),
        ccCharged boolean,
        ccChargedTime timestamp,
        ccError varchar(255),
        complete boolean,
        creditCard varchar(50),
        creditCardExp varchar(15),
        creditCardId varchar(255),
        creditCardName varchar(200),
        creditCardNumber varchar(100),
        discount decimal(19,2),
        hvID bigint,
        orderNotes varchar(255),
        orderType integer,
        print_request_id bigint,
        pID bigint,
        salesTax decimal(19,2),
        salesTaxState varchar(3),
        shipMethod bigint,
        sAddress varchar(255),
        sAddressType varchar(255),
        sAddressName varchar(255),
        sAddressModel varchar(255),
        sAddressee varchar(255),
        sCertified boolean,
        sCity varchar(255),
        sCompany varchar(255),
        shippingCost decimal(19,2),
        sFirstName varchar(255),
        sLastName varchar(255),
        sLocality varchar(255),
        sState varchar(255),
        sZip varchar(15),
        stripe_json varchar(255),
        totalCost decimal(19,2),
        userId integer,
        primary key (id)
    )
Hibernate: 
    
    create table chiliDefPostagePlacement (
       id bigint generated by default as identity,
        placement varchar(255),
        postagePlacement bigint,
        primary key (id)
    )
Hibernate: 
    
    create table chiliMasterTemplateAltLayout (
       id bigint generated by default as identity,
        itemID varchar(255),
        mtID bigint,
        name varchar(255),
        postagePlacement bigint,
        primary key (id)
    )
Hibernate: 
    
    create table chiliUserPrint (
       id bigint generated by default as identity,
        agentLayerTag varchar(255),
        agentid bigint,
        primary key (id)
    )
Hibernate: 
    
    create table chiliUserPrintPage (
       id bigint generated by default as identity,
        mtID bigint,
        pageNumber integer,
        selectedLayoutID varchar(255),
        printPagePdf varchar(255),
        upid bigint,
        primary key (id)
    )
Hibernate: 
    
    create table chiliUserPrintProduction (
       id bigint generated by default as identity,
        thumbURL varchar(255),
        upid bigint,
        printReadyURL varchar(255),
        print_request_id bigint,
        primary key (id)
    )
Hibernate: 
    
    create table item (
       ID bigint generated by default as identity,
        name varchar(255),
        isPrinted boolean,
        code varchar(255),
        primary key (ID)
    )
Hibernate: 
    
    create table printAddress (
       id bigint generated by default as identity,
        address1 varchar(255),
        address2 varchar(255),
        addressName varchar(255),
        addressType varchar(255),
        addressee varchar(255),
        certified boolean not null,
        city varchar(255),
        company varchar(255),
        firstName varchar(255),
        lastName varchar(255),
        locality varchar(255),
        occupant varchar(255),
        printRequestId bigint,
        state varchar(255),
        zip varchar(255),
        primary key (id)
    )
Hibernate: 
    
    create table printAddressVerified (
       id bigint generated by default as identity,
        address varchar(255),
        address2 varchar(255),
        barcode varchar(255),
        city varchar(255),
        cont_id varchar(255),
        crrt varchar(255),
        endorse varchar(255),
        first_name varchar(255),
        gpb_id varchar(255),
        imbarcode varchar(255),
        imbdigits varchar(255),
        last_name varchar(255),
        middle_name varchar(255),
        print_request_id bigint,
        sal varchar(255),
        sequenc varchar(255),
        state varchar(255),
        zip varchar(255),
        primary key (id)
    )
Hibernate: 
    
    create table printRequest (
       id bigint generated by default as identity,
        acc_count integer,
        acc_status varchar(12),
        acc_uuid varchar(48),
        printType varchar(255),
        provider varchar(255),
        uuid varchar(255),
        primary key (id)
    )
Hibernate: 
    
    alter table cart 
       add constraint FK8or64r1977dbvn60sqql40avj 
       foreign key (cartID) 
       references cart_id
Hibernate: 
    
    alter table cart 
       add constraint FK3cry4gt1er65oa4q40af389fo 
       foreign key (selection) 
       references item
2020-04-09 13:19:48.085  INFO 93364 --- [    Test worker] o.h.e.t.j.p.i.JtaPlatformInitiator       : HHH000490: Using JtaPlatform implementation: [org.hibernate.engine.transaction.jta.platform.internal.NoJtaPlatform]
2020-04-09 13:19:48.085  INFO 93364 --- [    Test worker] j.LocalContainerEntityManagerFactoryBean : Initialized JPA EntityManagerFactory for persistence unit 'default'
2020-04-09 13:19:48.152  WARN 93364 --- [    Test worker] JpaBaseConfiguration$JpaWebConfiguration : spring.jpa.open-in-view is enabled by default. Therefore, database queries may be performed during view rendering. Explicitly configure spring.jpa.open-in-view to disable this warning
2020-04-09 13:19:48.901  INFO 93364 --- [    Test worker] o.s.s.concurrent.ThreadPoolTaskExecutor  : Initializing ExecutorService 'applicationTaskExecutor'
2020-04-09 13:19:49.133  INFO 93364 --- [    Test worker] .s.s.UserDetailsServiceAutoConfiguration : 

Using generated security password: 94a688c4-fd1d-4f2f-90df-326f7d32bc8e

2020-04-09 13:19:49.192  INFO 93364 --- [    Test worker] o.s.s.web.DefaultSecurityFilterChain     : Creating filter chain: any request, [org.springframework.security.web.context.request.async.WebAsyncManagerIntegrationFilter@4d5d39c5, org.springframework.security.web.context.SecurityContextPersistenceFilter@39263b85, org.springframework.security.web.header.HeaderWriterFilter@4e188d6e, org.springframework.security.web.authentication.logout.LogoutFilter@6922c8c9, org.springframework.security.web.savedrequest.RequestCacheAwareFilter@53ee93aa, org.springframework.security.web.servletapi.SecurityContextHolderAwareRequestFilter@59170744, org.springframework.security.web.authentication.AnonymousAuthenticationFilter@31aa85f9, org.springframework.security.web.session.SessionManagementFilter@714936dd, org.springframework.security.web.access.ExceptionTranslationFilter@1fcebd86, org.springframework.security.web.access.intercept.FilterSecurityInterceptor@307a201b]
2020-04-09 13:19:49.237  INFO 93364 --- [    Test worker] org.quartz.impl.StdSchedulerFactory      : Using default implementation for ThreadExecutor
2020-04-09 13:19:49.238  INFO 93364 --- [    Test worker] org.quartz.core.SchedulerSignalerImpl    : Initialized Scheduler Signaller of type: class org.quartz.core.SchedulerSignalerImpl
2020-04-09 13:19:49.238  INFO 93364 --- [    Test worker] org.quartz.core.QuartzScheduler          : Quartz Scheduler v.2.3.2 created.
2020-04-09 13:19:49.239  INFO 93364 --- [    Test worker] org.quartz.simpl.RAMJobStore             : RAMJobStore initialized.
2020-04-09 13:19:49.239  INFO 93364 --- [    Test worker] org.quartz.core.QuartzScheduler          : Scheduler meta-data: Quartz Scheduler (v2.3.2) 'quartzScheduler' with instanceId 'NON_CLUSTERED'
  Scheduler class: 'org.quartz.core.QuartzScheduler' - running locally.
  NOT STARTED.
  Currently in standby mode.
  Number of jobs executed: 0
  Using thread pool 'org.quartz.simpl.SimpleThreadPool' - with 10 threads.
  Using job-store 'org.quartz.simpl.RAMJobStore' - which does not support persistence. and is not clustered.

2020-04-09 13:19:49.239  INFO 93364 --- [    Test worker] org.quartz.impl.StdSchedulerFactory      : Quartz scheduler 'quartzScheduler' initialized from an externally provided properties instance.
2020-04-09 13:19:49.239  INFO 93364 --- [    Test worker] org.quartz.impl.StdSchedulerFactory      : Quartz scheduler version: 2.3.2
2020-04-09 13:19:49.239  INFO 93364 --- [    Test worker] org.quartz.core.QuartzScheduler          : JobFactory set to: org.springframework.scheduling.quartz.SpringBeanJobFactory@1de9befe
2020-04-09 13:19:49.302  INFO 93364 --- [    Test worker] o.s.b.a.e.web.EndpointLinksResolver      : Exposing 4 endpoint(s) beneath base path '/actuator'
2020-04-09 13:19:49.338  INFO 93364 --- [    Test worker] o.s.s.c.ThreadPoolTaskScheduler          : Initializing ExecutorService 'taskScheduler'
2020-04-09 13:19:49.382  INFO 93364 --- [    Test worker] o.s.i.endpoint.EventDrivenConsumer       : Adding {logging-channel-adapter:_org.springframework.integration.errorLogger} as a subscriber to the 'errorChannel' channel
2020-04-09 13:19:49.382  INFO 93364 --- [    Test worker] o.s.i.channel.PublishSubscribeChannel    : Channel 'application-1.errorChannel' has 1 subscriber(s).
2020-04-09 13:19:49.382  INFO 93364 --- [    Test worker] o.s.i.endpoint.EventDrivenConsumer       : started bean '_org.springframework.integration.errorLogger'
2020-04-09 13:19:49.382  INFO 93364 --- [    Test worker] o.s.i.endpoint.EventDrivenConsumer       : Adding {bridge} as a subscriber to the 'toEnrichWithVerifiedAddresses' channel
2020-04-09 13:19:49.382  INFO 93364 --- [    Test worker] o.s.i.channel.PublishSubscribeChannel    : Channel 'application-1.toEnrichWithVerifiedAddresses' has 1 subscriber(s).
2020-04-09 13:19:49.382  INFO 93364 --- [    Test worker] o.s.i.endpoint.EventDrivenConsumer       : started bean 'enrichWithVerifiedAddressesFlow.org.springframework.integration.config.ConsumerEndpointFactoryBean#0'; defined in: 'class path resource [com/corelogic/homevisit/accuservice/AccuConnectConfiguration.class]'; from source: 'bean method enrichWithVerifiedAddressesFlow'
2020-04-09 13:19:49.382  INFO 93364 --- [    Test worker] o.s.i.endpoint.EventDrivenConsumer       : Adding {header-enricher} as a subscriber to the 'enrichWithVerifiedAddressesFlow.channel#1' channel
2020-04-09 13:19:49.382  INFO 93364 --- [    Test worker] o.s.integration.channel.DirectChannel    : Channel 'application-1.enrichWithVerifiedAddressesFlow.channel#1' has 1 subscriber(s).
2020-04-09 13:19:49.382  INFO 93364 --- [    Test worker] o.s.i.endpoint.EventDrivenConsumer       : started bean 'enrichWithVerifiedAddressesFlow.org.springframework.integration.config.ConsumerEndpointFactoryBean#1'; defined in: 'class path resource [com/corelogic/homevisit/accuservice/AccuConnectConfiguration.class]'; from source: 'bean method enrichWithVerifiedAddressesFlow'
2020-04-09 13:19:49.382  INFO 93364 --- [    Test worker] o.s.i.endpoint.EventDrivenConsumer       : Adding {enricher} as a subscriber to the 'enrichWithVerifiedAddressesFlow.channel#2' channel
2020-04-09 13:19:49.382  INFO 93364 --- [    Test worker] o.s.integration.channel.DirectChannel    : Channel 'application-1.enrichWithVerifiedAddressesFlow.channel#2' has 1 subscriber(s).
2020-04-09 13:19:49.382  INFO 93364 --- [    Test worker] o.s.i.endpoint.EventDrivenConsumer       : started bean 'enrichWithVerifiedAddressesFlow.org.springframework.integration.config.ConsumerEndpointFactoryBean#2'; defined in: 'class path resource [com/corelogic/homevisit/accuservice/AccuConnectConfiguration.class]'; from source: 'bean method enrichWithVerifiedAddressesFlow'
2020-04-09 13:19:49.382  INFO 93364 --- [    Test worker] o.s.i.endpoint.EventDrivenConsumer       : Adding {bridge} as a subscriber to the 'enrichWithVerifiedAddressesFlow.channel#4' channel
2020-04-09 13:19:49.382  INFO 93364 --- [    Test worker] o.s.integration.channel.DirectChannel    : Channel 'application-1.enrichWithVerifiedAddressesFlow.channel#4' has 1 subscriber(s).
2020-04-09 13:19:49.382  INFO 93364 --- [    Test worker] o.s.i.endpoint.EventDrivenConsumer       : started bean 'enrichWithVerifiedAddressesFlow.org.springframework.integration.config.ConsumerEndpointFactoryBean#3'; defined in: 'class path resource [com/corelogic/homevisit/accuservice/AccuConnectConfiguration.class]'; from source: 'bean method enrichWithVerifiedAddressesFlow'
2020-04-09 13:19:49.382  INFO 93364 --- [    Test worker] o.s.i.endpoint.EventDrivenConsumer       : Adding {bridge} as a subscriber to the 'toEnrichWithDial' channel
2020-04-09 13:19:49.382  INFO 93364 --- [    Test worker] o.s.i.channel.PublishSubscribeChannel    : Channel 'application-1.toEnrichWithDial' has 1 subscriber(s).
2020-04-09 13:19:49.382  INFO 93364 --- [    Test worker] o.s.i.endpoint.EventDrivenConsumer       : started bean 'enrichWithDialFlow.org.springframework.integration.config.ConsumerEndpointFactoryBean#0'; defined in: 'class path resource [com/corelogic/homevisit/accuservice/AccuConnectConfiguration.class]'; from source: 'bean method enrichWithDialFlow'
2020-04-09 13:19:49.382  INFO 93364 --- [    Test worker] o.s.i.endpoint.EventDrivenConsumer       : Adding {enricher} as a subscriber to the 'enrichWithDialFlow.channel#1' channel
2020-04-09 13:19:49.382  INFO 93364 --- [    Test worker] o.s.integration.channel.DirectChannel    : Channel 'application-1.enrichWithDialFlow.channel#1' has 1 subscriber(s).
2020-04-09 13:19:49.382  INFO 93364 --- [    Test worker] o.s.i.endpoint.EventDrivenConsumer       : started bean 'enrichWithDialFlow.org.springframework.integration.config.ConsumerEndpointFactoryBean#1'; defined in: 'class path resource [com/corelogic/homevisit/accuservice/AccuConnectConfiguration.class]'; from source: 'bean method enrichWithDialFlow'
2020-04-09 13:19:49.382  INFO 93364 --- [    Test worker] o.s.i.endpoint.EventDrivenConsumer       : Adding {router} as a subscriber to the 'enrichWithDialFlow.channel#3' channel
2020-04-09 13:19:49.382  INFO 93364 --- [    Test worker] o.s.integration.channel.DirectChannel    : Channel 'application-1.enrichWithDialFlow.channel#3' has 1 subscriber(s).
2020-04-09 13:19:49.382  INFO 93364 --- [    Test worker] o.s.i.endpoint.EventDrivenConsumer       : started bean 'enrichWithDialFlow.org.springframework.integration.config.ConsumerEndpointFactoryBean#2'; defined in: 'class path resource [com/corelogic/homevisit/accuservice/AccuConnectConfiguration.class]'; from source: 'bean method enrichWithDialFlow'
2020-04-09 13:19:49.382  INFO 93364 --- [    Test worker] o.s.i.endpoint.EventDrivenConsumer       : Adding {bridge} as a subscriber to the 'toRequestPrintJob' channel
2020-04-09 13:19:49.382  INFO 93364 --- [    Test worker] o.s.i.channel.PublishSubscribeChannel    : Channel 'application-1.toRequestPrintJob' has 1 subscriber(s).
2020-04-09 13:19:49.382  INFO 93364 --- [    Test worker] o.s.i.endpoint.EventDrivenConsumer       : started bean 'submitOrderFlow.org.springframework.integration.config.ConsumerEndpointFactoryBean#0'; defined in: 'class path resource [com/corelogic/homevisit/accuservice/AccuConnectConfiguration.class]'; from source: 'bean method submitOrderFlow'
2020-04-09 13:19:49.382  INFO 93364 --- [    Test worker] o.s.i.endpoint.EventDrivenConsumer       : Adding {filter} as a subscriber to the 'submitOrderFlow.channel#1' channel
2020-04-09 13:19:49.382  INFO 93364 --- [    Test worker] o.s.integration.channel.DirectChannel    : Channel 'application-1.submitOrderFlow.channel#1' has 1 subscriber(s).
2020-04-09 13:19:49.382  INFO 93364 --- [    Test worker] o.s.i.endpoint.EventDrivenConsumer       : started bean 'submitOrderFlow.org.springframework.integration.config.ConsumerEndpointFactoryBean#1'; defined in: 'class path resource [com/corelogic/homevisit/accuservice/AccuConnectConfiguration.class]'; from source: 'bean method submitOrderFlow'
2020-04-09 13:19:49.382  INFO 93364 --- [    Test worker] o.s.i.endpoint.EventDrivenConsumer       : Adding {transformer} as a subscriber to the 'submitOrderFlow.channel#2' channel
2020-04-09 13:19:49.382  INFO 93364 --- [    Test worker] o.s.integration.channel.DirectChannel    : Channel 'application-1.submitOrderFlow.channel#2' has 1 subscriber(s).
2020-04-09 13:19:49.382  INFO 93364 --- [    Test worker] o.s.i.endpoint.EventDrivenConsumer       : started bean 'submitOrderFlow.org.springframework.integration.config.ConsumerEndpointFactoryBean#2'; defined in: 'class path resource [com/corelogic/homevisit/accuservice/AccuConnectConfiguration.class]'; from source: 'bean method submitOrderFlow'
2020-04-09 13:19:49.382  INFO 93364 --- [    Test worker] o.s.i.endpoint.EventDrivenConsumer       : Adding {transformer} as a subscriber to the 'submitOrderFlow.channel#4' channel
2020-04-09 13:19:49.382  INFO 93364 --- [    Test worker] o.s.integration.channel.DirectChannel    : Channel 'application-1.submitOrderFlow.channel#4' has 1 subscriber(s).
2020-04-09 13:19:49.382  INFO 93364 --- [    Test worker] o.s.i.endpoint.EventDrivenConsumer       : started bean 'submitOrderFlow.org.springframework.integration.config.ConsumerEndpointFactoryBean#3'; defined in: 'class path resource [com/corelogic/homevisit/accuservice/AccuConnectConfiguration.class]'; from source: 'bean method submitOrderFlow'
2020-04-09 13:19:49.382  INFO 93364 --- [    Test worker] o.s.i.endpoint.EventDrivenConsumer       : Adding {http:outbound-gateway} as a subscriber to the 'submitOrderFlow.channel#6' channel
2020-04-09 13:19:49.382  INFO 93364 --- [    Test worker] o.s.integration.channel.DirectChannel    : Channel 'application-1.submitOrderFlow.channel#6' has 1 subscriber(s).
2020-04-09 13:19:49.382  INFO 93364 --- [    Test worker] o.s.i.endpoint.EventDrivenConsumer       : started bean 'submitOrderFlow.org.springframework.integration.config.ConsumerEndpointFactoryBean#4'; defined in: 'class path resource [com/corelogic/homevisit/accuservice/AccuConnectConfiguration.class]'; from source: 'bean method submitOrderFlow'
2020-04-09 13:19:49.382  INFO 93364 --- [    Test worker] o.s.i.endpoint.EventDrivenConsumer       : Adding {bridge} as a subscriber to the 'submitOrderFlow.channel#8' channel
2020-04-09 13:19:49.382  INFO 93364 --- [    Test worker] o.s.integration.channel.DirectChannel    : Channel 'application-1.submitOrderFlow.channel#8' has 1 subscriber(s).
2020-04-09 13:19:49.382  INFO 93364 --- [    Test worker] o.s.i.endpoint.EventDrivenConsumer       : started bean 'submitOrderFlow.org.springframework.integration.config.ConsumerEndpointFactoryBean#5'; defined in: 'class path resource [com/corelogic/homevisit/accuservice/AccuConnectConfiguration.class]'; from source: 'bean method submitOrderFlow'
2020-04-09 13:19:49.382  INFO 93364 --- [    Test worker] o.s.i.endpoint.EventDrivenConsumer       : Adding {bridge} as a subscriber to the 'toPrintJobResponse' channel
2020-04-09 13:19:49.382  INFO 93364 --- [    Test worker] o.s.i.channel.PublishSubscribeChannel    : Channel 'application-1.toPrintJobResponse' has 1 subscriber(s).
2020-04-09 13:19:49.382  INFO 93364 --- [    Test worker] o.s.i.endpoint.EventDrivenConsumer       : started bean 'processPrintJobRequestFlow.org.springframework.integration.config.ConsumerEndpointFactoryBean#0'; defined in: 'class path resource [com/corelogic/homevisit/accuservice/AccuConnectConfiguration.class]'; from source: 'bean method processPrintJobRequestFlow'
2020-04-09 13:19:49.382  INFO 93364 --- [    Test worker] o.s.i.endpoint.EventDrivenConsumer       : Adding {transformer} as a subscriber to the 'processPrintJobRequestFlow.channel#1' channel
2020-04-09 13:19:49.382  INFO 93364 --- [    Test worker] o.s.integration.channel.DirectChannel    : Channel 'application-1.processPrintJobRequestFlow.channel#1' has 1 subscriber(s).
2020-04-09 13:19:49.383  INFO 93364 --- [    Test worker] o.s.i.endpoint.EventDrivenConsumer       : started bean 'processPrintJobRequestFlow.org.springframework.integration.config.ConsumerEndpointFactoryBean#1'; defined in: 'class path resource [com/corelogic/homevisit/accuservice/AccuConnectConfiguration.class]'; from source: 'bean method processPrintJobRequestFlow'
2020-04-09 13:19:49.383  INFO 93364 --- [    Test worker] o.s.i.endpoint.EventDrivenConsumer       : Adding {header-enricher} as a subscriber to the 'processPrintJobRequestFlow.channel#2' channel
2020-04-09 13:19:49.383  INFO 93364 --- [    Test worker] o.s.integration.channel.DirectChannel    : Channel 'application-1.processPrintJobRequestFlow.channel#2' has 1 subscriber(s).
2020-04-09 13:19:49.383  INFO 93364 --- [    Test worker] o.s.i.endpoint.EventDrivenConsumer       : started bean 'processPrintJobRequestFlow.org.springframework.integration.config.ConsumerEndpointFactoryBean#2'; defined in: 'class path resource [com/corelogic/homevisit/accuservice/AccuConnectConfiguration.class]'; from source: 'bean method processPrintJobRequestFlow'
2020-04-09 13:19:49.383  INFO 93364 --- [    Test worker] o.s.i.endpoint.EventDrivenConsumer       : Adding {bridge} as a subscriber to the 'processPrintJobRequestFlow.channel#4' channel
2020-04-09 13:19:49.383  INFO 93364 --- [    Test worker] o.s.integration.channel.DirectChannel    : Channel 'application-1.processPrintJobRequestFlow.channel#4' has 1 subscriber(s).
2020-04-09 13:19:49.383  INFO 93364 --- [    Test worker] o.s.i.endpoint.EventDrivenConsumer       : started bean 'processPrintJobRequestFlow.org.springframework.integration.config.ConsumerEndpointFactoryBean#3'; defined in: 'class path resource [com/corelogic/homevisit/accuservice/AccuConnectConfiguration.class]'; from source: 'bean method processPrintJobRequestFlow'
2020-04-09 13:19:49.383  INFO 93364 --- [    Test worker] o.s.i.endpoint.EventDrivenConsumer       : Adding {bridge} as a subscriber to the 'toPrintRequestHasError' channel
2020-04-09 13:19:49.383  INFO 93364 --- [    Test worker] o.s.i.channel.PublishSubscribeChannel    : Channel 'application-1.toPrintRequestHasError' has 1 subscriber(s).
2020-04-09 13:19:49.383  INFO 93364 --- [    Test worker] o.s.i.endpoint.EventDrivenConsumer       : started bean 'printRequestHasErrorFlow.org.springframework.integration.config.ConsumerEndpointFactoryBean#0'; defined in: 'class path resource [com/corelogic/homevisit/accuservice/AccuConnectConfiguration.class]'; from source: 'bean method printRequestHasErrorFlow'
2020-04-09 13:19:49.383  INFO 93364 --- [    Test worker] o.s.i.endpoint.EventDrivenConsumer       : Adding {transformer} as a subscriber to the 'printRequestHasErrorFlow.channel#1' channel
2020-04-09 13:19:49.383  INFO 93364 --- [    Test worker] o.s.integration.channel.DirectChannel    : Channel 'application-1.printRequestHasErrorFlow.channel#1' has 1 subscriber(s).
2020-04-09 13:19:49.383  INFO 93364 --- [    Test worker] o.s.i.endpoint.EventDrivenConsumer       : started bean 'printRequestHasErrorFlow.org.springframework.integration.config.ConsumerEndpointFactoryBean#1'; defined in: 'class path resource [com/corelogic/homevisit/accuservice/AccuConnectConfiguration.class]'; from source: 'bean method printRequestHasErrorFlow'
2020-04-09 13:19:49.383  INFO 93364 --- [    Test worker] o.s.i.endpoint.EventDrivenConsumer       : Adding {header-enricher} as a subscriber to the 'printRequestHasErrorFlow.channel#2' channel
2020-04-09 13:19:49.383  INFO 93364 --- [    Test worker] o.s.integration.channel.DirectChannel    : Channel 'application-1.printRequestHasErrorFlow.channel#2' has 1 subscriber(s).
2020-04-09 13:19:49.383  INFO 93364 --- [    Test worker] o.s.i.endpoint.EventDrivenConsumer       : started bean 'printRequestHasErrorFlow.org.springframework.integration.config.ConsumerEndpointFactoryBean#2'; defined in: 'class path resource [com/corelogic/homevisit/accuservice/AccuConnectConfiguration.class]'; from source: 'bean method printRequestHasErrorFlow'
2020-04-09 13:19:49.383  INFO 93364 --- [    Test worker] o.s.i.endpoint.EventDrivenConsumer       : Adding {bridge} as a subscriber to the 'printRequestHasErrorFlow.channel#4' channel
2020-04-09 13:19:49.383  INFO 93364 --- [    Test worker] o.s.integration.channel.DirectChannel    : Channel 'application-1.printRequestHasErrorFlow.channel#4' has 1 subscriber(s).
2020-04-09 13:19:49.383  INFO 93364 --- [    Test worker] o.s.i.endpoint.EventDrivenConsumer       : started bean 'printRequestHasErrorFlow.org.springframework.integration.config.ConsumerEndpointFactoryBean#3'; defined in: 'class path resource [com/corelogic/homevisit/accuservice/AccuConnectConfiguration.class]'; from source: 'bean method printRequestHasErrorFlow'
2020-04-09 13:19:49.383  INFO 93364 --- [    Test worker] o.s.i.endpoint.EventDrivenConsumer       : Adding {filter} as a subscriber to the 'inboundSuccessCallbackFlow.channel#0' channel
2020-04-09 13:19:49.383  INFO 93364 --- [    Test worker] o.s.integration.channel.DirectChannel    : Channel 'application-1.inboundSuccessCallbackFlow.channel#0' has 1 subscriber(s).
2020-04-09 13:19:49.383  INFO 93364 --- [    Test worker] o.s.i.endpoint.EventDrivenConsumer       : started bean 'inboundSuccessCallbackFlow.org.springframework.integration.config.ConsumerEndpointFactoryBean#0'; defined in: 'class path resource [com/corelogic/homevisit/accuservice/AccuConnectConfiguration.class]'; from source: 'bean method inboundSuccessCallbackFlow'
2020-04-09 13:19:49.383  INFO 93364 --- [    Test worker] o.s.i.endpoint.EventDrivenConsumer       : Adding {json-to-object-transformer} as a subscriber to the 'inboundSuccessCallbackFlow.channel#1' channel
2020-04-09 13:19:49.383  INFO 93364 --- [    Test worker] o.s.integration.channel.DirectChannel    : Channel 'application-1.inboundSuccessCallbackFlow.channel#1' has 1 subscriber(s).
2020-04-09 13:19:49.383  INFO 93364 --- [    Test worker] o.s.i.endpoint.EventDrivenConsumer       : started bean 'inboundSuccessCallbackFlow.org.springframework.integration.config.ConsumerEndpointFactoryBean#1'; defined in: 'class path resource [com/corelogic/homevisit/accuservice/AccuConnectConfiguration.class]'; from source: 'bean method inboundSuccessCallbackFlow'
2020-04-09 13:19:49.383  INFO 93364 --- [    Test worker] o.s.i.endpoint.EventDrivenConsumer       : Adding {header-enricher} as a subscriber to the 'inboundSuccessCallbackFlow.channel#2' channel
2020-04-09 13:19:49.383  INFO 93364 --- [    Test worker] o.s.integration.channel.DirectChannel    : Channel 'application-1.inboundSuccessCallbackFlow.channel#2' has 1 subscriber(s).
2020-04-09 13:19:49.383  INFO 93364 --- [    Test worker] o.s.i.endpoint.EventDrivenConsumer       : started bean 'inboundSuccessCallbackFlow.org.springframework.integration.config.ConsumerEndpointFactoryBean#2'; defined in: 'class path resource [com/corelogic/homevisit/accuservice/AccuConnectConfiguration.class]'; from source: 'bean method inboundSuccessCallbackFlow'
2020-04-09 13:19:49.383  INFO 93364 --- [    Test worker] o.s.i.endpoint.EventDrivenConsumer       : Adding {bridge} as a subscriber to the 'inboundSuccessCallbackFlow.channel#4' channel
2020-04-09 13:19:49.383  INFO 93364 --- [    Test worker] o.s.integration.channel.DirectChannel    : Channel 'application-1.inboundSuccessCallbackFlow.channel#4' has 1 subscriber(s).
2020-04-09 13:19:49.383  INFO 93364 --- [    Test worker] o.s.i.endpoint.EventDrivenConsumer       : started bean 'inboundSuccessCallbackFlow.org.springframework.integration.config.ConsumerEndpointFactoryBean#3'; defined in: 'class path resource [com/corelogic/homevisit/accuservice/AccuConnectConfiguration.class]'; from source: 'bean method inboundSuccessCallbackFlow'
2020-04-09 13:19:49.383  INFO 93364 --- [    Test worker] o.s.i.endpoint.EventDrivenConsumer       : Adding {header-enricher} as a subscriber to the 'toPickupAddressesChannel' channel
2020-04-09 13:19:49.383  INFO 93364 --- [    Test worker] o.s.i.channel.PublishSubscribeChannel    : Channel 'application-1.toPickupAddressesChannel' has 1 subscriber(s).
2020-04-09 13:19:49.383  INFO 93364 --- [    Test worker] o.s.i.endpoint.EventDrivenConsumer       : started bean 'addressForVerificationIntegrationFlow.org.springframework.integration.config.ConsumerEndpointFactoryBean#0'; defined in: 'class path resource [com/corelogic/homevisit/accuservice/AccuServiceConfiguration.class]'; from source: 'bean method addressForVerificationIntegrationFlow'
2020-04-09 13:19:49.383  INFO 93364 --- [    Test worker] o.s.i.endpoint.EventDrivenConsumer       : Adding {transformer} as a subscriber to the 'addressForVerificationIntegrationFlow.channel#1' channel
2020-04-09 13:19:49.383  INFO 93364 --- [    Test worker] o.s.integration.channel.DirectChannel    : Channel 'application-1.addressForVerificationIntegrationFlow.channel#1' has 1 subscriber(s).
2020-04-09 13:19:49.383  INFO 93364 --- [    Test worker] o.s.i.endpoint.EventDrivenConsumer       : started bean 'addressForVerificationIntegrationFlow.org.springframework.integration.config.ConsumerEndpointFactoryBean#1'; defined in: 'class path resource [com/corelogic/homevisit/accuservice/AccuServiceConfiguration.class]'; from source: 'bean method addressForVerificationIntegrationFlow'
2020-04-09 13:19:49.383  INFO 93364 --- [    Test worker] o.s.i.endpoint.EventDrivenConsumer       : Adding {filter} as a subscriber to the 'addressForVerificationIntegrationFlow.channel#2' channel
2020-04-09 13:19:49.383  INFO 93364 --- [    Test worker] o.s.integration.channel.DirectChannel    : Channel 'application-1.addressForVerificationIntegrationFlow.channel#2' has 1 subscriber(s).
2020-04-09 13:19:49.383  INFO 93364 --- [    Test worker] o.s.i.endpoint.EventDrivenConsumer       : started bean 'addressForVerificationIntegrationFlow.org.springframework.integration.config.ConsumerEndpointFactoryBean#2'; defined in: 'class path resource [com/corelogic/homevisit/accuservice/AccuServiceConfiguration.class]'; from source: 'bean method addressForVerificationIntegrationFlow'
2020-04-09 13:19:49.383  INFO 93364 --- [    Test worker] o.s.i.endpoint.EventDrivenConsumer       : Adding {bridge} as a subscriber to the 'addressForVerificationIntegrationFlow.channel#4' channel
2020-04-09 13:19:49.383  INFO 93364 --- [    Test worker] o.s.integration.channel.DirectChannel    : Channel 'application-1.addressForVerificationIntegrationFlow.channel#4' has 1 subscriber(s).
2020-04-09 13:19:49.383  INFO 93364 --- [    Test worker] o.s.i.endpoint.EventDrivenConsumer       : started bean 'addressForVerificationIntegrationFlow.org.springframework.integration.config.ConsumerEndpointFactoryBean#3'; defined in: 'class path resource [com/corelogic/homevisit/accuservice/AccuServiceConfiguration.class]'; from source: 'bean method addressForVerificationIntegrationFlow'
2020-04-09 13:19:49.383  INFO 93364 --- [    Test worker] o.s.i.endpoint.EventDrivenConsumer       : Adding {bridge} as a subscriber to the 'toCsvUploadChannel' channel
2020-04-09 13:19:49.383  INFO 93364 --- [    Test worker] o.s.i.channel.PublishSubscribeChannel    : Channel 'application-1.toCsvUploadChannel' has 1 subscriber(s).
2020-04-09 13:19:49.383  INFO 93364 --- [    Test worker] o.s.i.endpoint.EventDrivenConsumer       : started bean 'toCsvMessageFlow.org.springframework.integration.config.ConsumerEndpointFactoryBean#0'; defined in: 'class path resource [com/corelogic/homevisit/accuservice/AccuServiceConfiguration.class]'; from source: 'bean method toCsvMessageFlow'
2020-04-09 13:19:49.383  INFO 93364 --- [    Test worker] o.s.i.endpoint.EventDrivenConsumer       : Adding {transformer} as a subscriber to the 'toCsvMessageFlow.channel#1' channel
2020-04-09 13:19:49.383  INFO 93364 --- [    Test worker] o.s.integration.channel.DirectChannel    : Channel 'application-1.toCsvMessageFlow.channel#1' has 1 subscriber(s).
2020-04-09 13:19:49.383  INFO 93364 --- [    Test worker] o.s.i.endpoint.EventDrivenConsumer       : started bean 'toCsvMessageFlow.org.springframework.integration.config.ConsumerEndpointFactoryBean#1'; defined in: 'class path resource [com/corelogic/homevisit/accuservice/AccuServiceConfiguration.class]'; from source: 'bean method toCsvMessageFlow'
2020-04-09 13:19:49.383  INFO 93364 --- [    Test worker] o.s.i.endpoint.EventDrivenConsumer       : Adding {http:outbound-gateway} as a subscriber to the 'toCsvMessageFlow.channel#3' channel
2020-04-09 13:19:49.383  INFO 93364 --- [    Test worker] o.s.integration.channel.DirectChannel    : Channel 'application-1.toCsvMessageFlow.channel#3' has 1 subscriber(s).
2020-04-09 13:19:49.383  INFO 93364 --- [    Test worker] o.s.i.endpoint.EventDrivenConsumer       : started bean 'toCsvMessageFlow.org.springframework.integration.config.ConsumerEndpointFactoryBean#2'; defined in: 'class path resource [com/corelogic/homevisit/accuservice/AccuServiceConfiguration.class]'; from source: 'bean method toCsvMessageFlow'
2020-04-09 13:19:49.383  INFO 93364 --- [    Test worker] o.s.i.endpoint.EventDrivenConsumer       : Adding {filter} as a subscriber to the 'toCsvMessageFlow.channel#5' channel
2020-04-09 13:19:49.383  INFO 93364 --- [    Test worker] o.s.integration.channel.DirectChannel    : Channel 'application-1.toCsvMessageFlow.channel#5' has 1 subscriber(s).
2020-04-09 13:19:49.383  INFO 93364 --- [    Test worker] o.s.i.endpoint.EventDrivenConsumer       : started bean 'toCsvMessageFlow.org.springframework.integration.config.ConsumerEndpointFactoryBean#3'; defined in: 'class path resource [com/corelogic/homevisit/accuservice/AccuServiceConfiguration.class]'; from source: 'bean method toCsvMessageFlow'
2020-04-09 13:19:49.384  INFO 93364 --- [    Test worker] o.s.i.endpoint.EventDrivenConsumer       : Adding {transformer} as a subscriber to the 'toCsvMessageFlow.channel#6' channel
2020-04-09 13:19:49.384  INFO 93364 --- [    Test worker] o.s.integration.channel.DirectChannel    : Channel 'application-1.toCsvMessageFlow.channel#6' has 1 subscriber(s).
2020-04-09 13:19:49.384  INFO 93364 --- [    Test worker] o.s.i.endpoint.EventDrivenConsumer       : started bean 'toCsvMessageFlow.org.springframework.integration.config.ConsumerEndpointFactoryBean#4'; defined in: 'class path resource [com/corelogic/homevisit/accuservice/AccuServiceConfiguration.class]'; from source: 'bean method toCsvMessageFlow'
2020-04-09 13:19:49.384  INFO 93364 --- [    Test worker] o.s.i.endpoint.EventDrivenConsumer       : Adding {header-enricher} as a subscriber to the 'toCsvMessageFlow.channel#7' channel
2020-04-09 13:19:49.384  INFO 93364 --- [    Test worker] o.s.integration.channel.DirectChannel    : Channel 'application-1.toCsvMessageFlow.channel#7' has 1 subscriber(s).
2020-04-09 13:19:49.384  INFO 93364 --- [    Test worker] o.s.i.endpoint.EventDrivenConsumer       : started bean 'toCsvMessageFlow.org.springframework.integration.config.ConsumerEndpointFactoryBean#5'; defined in: 'class path resource [com/corelogic/homevisit/accuservice/AccuServiceConfiguration.class]'; from source: 'bean method toCsvMessageFlow'
2020-04-09 13:19:49.384  INFO 93364 --- [    Test worker] o.s.i.endpoint.EventDrivenConsumer       : Adding {bridge} as a subscriber to the 'toCsvMessageFlow.channel#9' channel
2020-04-09 13:19:49.384  INFO 93364 --- [    Test worker] o.s.integration.channel.DirectChannel    : Channel 'application-1.toCsvMessageFlow.channel#9' has 1 subscriber(s).
2020-04-09 13:19:49.384  INFO 93364 --- [    Test worker] o.s.i.endpoint.EventDrivenConsumer       : started bean 'toCsvMessageFlow.org.springframework.integration.config.ConsumerEndpointFactoryBean#6'; defined in: 'class path resource [com/corelogic/homevisit/accuservice/AccuServiceConfiguration.class]'; from source: 'bean method toCsvMessageFlow'
2020-04-09 13:19:49.384  INFO 93364 --- [    Test worker] o.s.i.endpoint.EventDrivenConsumer       : Adding {header-enricher} as a subscriber to the 'checkUploadMessageChannel' channel
2020-04-09 13:19:49.384  INFO 93364 --- [    Test worker] o.s.i.channel.PublishSubscribeChannel    : Channel 'application-1.checkUploadMessageChannel' has 1 subscriber(s).
2020-04-09 13:19:49.384  INFO 93364 --- [    Test worker] o.s.i.endpoint.EventDrivenConsumer       : started bean 'checkUploadMessageFlow.org.springframework.integration.config.ConsumerEndpointFactoryBean#0'; defined in: 'class path resource [com/corelogic/homevisit/accuservice/AccuServiceConfiguration.class]'; from source: 'bean method checkUploadMessageFlow'
2020-04-09 13:19:49.384  INFO 93364 --- [    Test worker] o.s.i.endpoint.EventDrivenConsumer       : Adding {http:outbound-gateway} as a subscriber to the 'checkUploadMessageFlow.channel#1' channel
2020-04-09 13:19:49.384  INFO 93364 --- [    Test worker] o.s.integration.channel.DirectChannel    : Channel 'application-1.checkUploadMessageFlow.channel#1' has 1 subscriber(s).
2020-04-09 13:19:49.384  INFO 93364 --- [    Test worker] o.s.i.endpoint.EventDrivenConsumer       : started bean 'checkUploadMessageFlow.org.springframework.integration.config.ConsumerEndpointFactoryBean#1'; defined in: 'class path resource [com/corelogic/homevisit/accuservice/AccuServiceConfiguration.class]'; from source: 'bean method checkUploadMessageFlow'
2020-04-09 13:19:49.384  INFO 93364 --- [    Test worker] o.s.i.endpoint.EventDrivenConsumer       : Adding {transformer} as a subscriber to the 'checkUploadMessageFlow.channel#3' channel
2020-04-09 13:19:49.384  INFO 93364 --- [    Test worker] o.s.integration.channel.DirectChannel    : Channel 'application-1.checkUploadMessageFlow.channel#3' has 1 subscriber(s).
2020-04-09 13:19:49.384  INFO 93364 --- [    Test worker] o.s.i.endpoint.EventDrivenConsumer       : started bean 'checkUploadMessageFlow.org.springframework.integration.config.ConsumerEndpointFactoryBean#2'; defined in: 'class path resource [com/corelogic/homevisit/accuservice/AccuServiceConfiguration.class]'; from source: 'bean method checkUploadMessageFlow'
2020-04-09 13:19:49.384  INFO 93364 --- [    Test worker] o.s.i.endpoint.EventDrivenConsumer       : Adding {filter} as a subscriber to the 'checkUploadMessageFlow.channel#4' channel
2020-04-09 13:19:49.384  INFO 93364 --- [    Test worker] o.s.integration.channel.DirectChannel    : Channel 'application-1.checkUploadMessageFlow.channel#4' has 1 subscriber(s).
2020-04-09 13:19:49.384  INFO 93364 --- [    Test worker] o.s.i.endpoint.EventDrivenConsumer       : started bean 'checkUploadMessageFlow.org.springframework.integration.config.ConsumerEndpointFactoryBean#3'; defined in: 'class path resource [com/corelogic/homevisit/accuservice/AccuServiceConfiguration.class]'; from source: 'bean method checkUploadMessageFlow'
2020-04-09 13:19:49.384  INFO 93364 --- [    Test worker] o.s.i.endpoint.EventDrivenConsumer       : Adding {header-enricher} as a subscriber to the 'checkUploadMessageFlow.channel#5' channel
2020-04-09 13:19:49.384  INFO 93364 --- [    Test worker] o.s.integration.channel.DirectChannel    : Channel 'application-1.checkUploadMessageFlow.channel#5' has 1 subscriber(s).
2020-04-09 13:19:49.384  INFO 93364 --- [    Test worker] o.s.i.endpoint.EventDrivenConsumer       : started bean 'checkUploadMessageFlow.org.springframework.integration.config.ConsumerEndpointFactoryBean#4'; defined in: 'class path resource [com/corelogic/homevisit/accuservice/AccuServiceConfiguration.class]'; from source: 'bean method checkUploadMessageFlow'
2020-04-09 13:19:49.384  INFO 93364 --- [    Test worker] o.s.i.endpoint.EventDrivenConsumer       : Adding {bridge} as a subscriber to the 'checkUploadMessageFlow.channel#7' channel
2020-04-09 13:19:49.384  INFO 93364 --- [    Test worker] o.s.integration.channel.DirectChannel    : Channel 'application-1.checkUploadMessageFlow.channel#7' has 1 subscriber(s).
2020-04-09 13:19:49.384  INFO 93364 --- [    Test worker] o.s.i.endpoint.EventDrivenConsumer       : started bean 'checkUploadMessageFlow.org.springframework.integration.config.ConsumerEndpointFactoryBean#5'; defined in: 'class path resource [com/corelogic/homevisit/accuservice/AccuServiceConfiguration.class]'; from source: 'bean method checkUploadMessageFlow'
2020-04-09 13:19:49.384  INFO 93364 --- [    Test worker] o.s.i.endpoint.EventDrivenConsumer       : Adding {header-enricher} as a subscriber to the 'updateQuoteMessageChannel' channel
2020-04-09 13:19:49.384  INFO 93364 --- [    Test worker] o.s.i.channel.PublishSubscribeChannel    : Channel 'application-1.updateQuoteMessageChannel' has 1 subscriber(s).
2020-04-09 13:19:49.384  INFO 93364 --- [    Test worker] o.s.i.endpoint.EventDrivenConsumer       : started bean 'updateQuoteMessageFlow.org.springframework.integration.config.ConsumerEndpointFactoryBean#0'; defined in: 'class path resource [com/corelogic/homevisit/accuservice/AccuServiceConfiguration.class]'; from source: 'bean method updateQuoteMessageFlow'
2020-04-09 13:19:49.384  INFO 93364 --- [    Test worker] o.s.i.endpoint.EventDrivenConsumer       : Adding {transformer} as a subscriber to the 'updateQuoteMessageFlow.channel#0' channel
2020-04-09 13:19:49.384  INFO 93364 --- [    Test worker] o.s.integration.channel.DirectChannel    : Channel 'application-1.updateQuoteMessageFlow.channel#0' has 1 subscriber(s).
2020-04-09 13:19:49.384  INFO 93364 --- [    Test worker] o.s.i.endpoint.EventDrivenConsumer       : started bean 'updateQuoteMessageFlow.org.springframework.integration.config.ConsumerEndpointFactoryBean#1'; defined in: 'class path resource [com/corelogic/homevisit/accuservice/AccuServiceConfiguration.class]'; from source: 'bean method updateQuoteMessageFlow'
2020-04-09 13:19:49.384  INFO 93364 --- [    Test worker] o.s.i.endpoint.EventDrivenConsumer       : Adding {http:outbound-gateway} as a subscriber to the 'updateQuoteMessageFlow.channel#2' channel
2020-04-09 13:19:49.384  INFO 93364 --- [    Test worker] o.s.integration.channel.DirectChannel    : Channel 'application-1.updateQuoteMessageFlow.channel#2' has 1 subscriber(s).
2020-04-09 13:19:49.384  INFO 93364 --- [    Test worker] o.s.i.endpoint.EventDrivenConsumer       : started bean 'updateQuoteMessageFlow.org.springframework.integration.config.ConsumerEndpointFactoryBean#2'; defined in: 'class path resource [com/corelogic/homevisit/accuservice/AccuServiceConfiguration.class]'; from source: 'bean method updateQuoteMessageFlow'
2020-04-09 13:19:49.384  INFO 93364 --- [    Test worker] o.s.i.endpoint.EventDrivenConsumer       : Adding {transformer} as a subscriber to the 'updateQuoteMessageFlow.channel#4' channel
2020-04-09 13:19:49.384  INFO 93364 --- [    Test worker] o.s.integration.channel.DirectChannel    : Channel 'application-1.updateQuoteMessageFlow.channel#4' has 1 subscriber(s).
2020-04-09 13:19:49.384  INFO 93364 --- [    Test worker] o.s.i.endpoint.EventDrivenConsumer       : started bean 'updateQuoteMessageFlow.org.springframework.integration.config.ConsumerEndpointFactoryBean#3'; defined in: 'class path resource [com/corelogic/homevisit/accuservice/AccuServiceConfiguration.class]'; from source: 'bean method updateQuoteMessageFlow'
2020-04-09 13:19:49.384  INFO 93364 --- [    Test worker] o.s.i.endpoint.EventDrivenConsumer       : Adding {header-enricher} as a subscriber to the 'updateQuoteMessageFlow.channel#5' channel
2020-04-09 13:19:49.384  INFO 93364 --- [    Test worker] o.s.integration.channel.DirectChannel    : Channel 'application-1.updateQuoteMessageFlow.channel#5' has 1 subscriber(s).
2020-04-09 13:19:49.384  INFO 93364 --- [    Test worker] o.s.i.endpoint.EventDrivenConsumer       : started bean 'updateQuoteMessageFlow.org.springframework.integration.config.ConsumerEndpointFactoryBean#4'; defined in: 'class path resource [com/corelogic/homevisit/accuservice/AccuServiceConfiguration.class]'; from source: 'bean method updateQuoteMessageFlow'
2020-04-09 13:19:49.384  INFO 93364 --- [    Test worker] o.s.i.endpoint.EventDrivenConsumer       : Adding {bridge} as a subscriber to the 'updateQuoteMessageFlow.channel#7' channel
2020-04-09 13:19:49.384  INFO 93364 --- [    Test worker] o.s.integration.channel.DirectChannel    : Channel 'application-1.updateQuoteMessageFlow.channel#7' has 1 subscriber(s).
2020-04-09 13:19:49.384  INFO 93364 --- [    Test worker] o.s.i.endpoint.EventDrivenConsumer       : started bean 'updateQuoteMessageFlow.org.springframework.integration.config.ConsumerEndpointFactoryBean#5'; defined in: 'class path resource [com/corelogic/homevisit/accuservice/AccuServiceConfiguration.class]'; from source: 'bean method updateQuoteMessageFlow'
2020-04-09 13:19:49.384  INFO 93364 --- [    Test worker] o.s.i.endpoint.EventDrivenConsumer       : Adding {header-enricher} as a subscriber to the 'printRequestCsvJobMessageChannel' channel
2020-04-09 13:19:49.384  INFO 93364 --- [    Test worker] o.s.i.channel.PublishSubscribeChannel    : Channel 'application-1.printRequestCsvJobMessageChannel' has 1 subscriber(s).
2020-04-09 13:19:49.384  INFO 93364 --- [    Test worker] o.s.i.endpoint.EventDrivenConsumer       : started bean 'printRequestCsvJobMessageFlow.org.springframework.integration.config.ConsumerEndpointFactoryBean#0'; defined in: 'class path resource [com/corelogic/homevisit/accuservice/AccuServiceConfiguration.class]'; from source: 'bean method printRequestCsvJobMessageFlow'
2020-04-09 13:19:49.384  INFO 93364 --- [    Test worker] o.s.i.endpoint.EventDrivenConsumer       : Adding {http:outbound-gateway} as a subscriber to the 'printRequestCsvJobMessageFlow.channel#1' channel
2020-04-09 13:19:49.384  INFO 93364 --- [    Test worker] o.s.integration.channel.DirectChannel    : Channel 'application-1.printRequestCsvJobMessageFlow.channel#1' has 1 subscriber(s).
2020-04-09 13:19:49.384  INFO 93364 --- [    Test worker] o.s.i.endpoint.EventDrivenConsumer       : started bean 'printRequestCsvJobMessageFlow.org.springframework.integration.config.ConsumerEndpointFactoryBean#1'; defined in: 'class path resource [com/corelogic/homevisit/accuservice/AccuServiceConfiguration.class]'; from source: 'bean method printRequestCsvJobMessageFlow'
2020-04-09 13:19:49.384  INFO 93364 --- [    Test worker] o.s.i.endpoint.EventDrivenConsumer       : Adding {transformer} as a subscriber to the 'printRequestCsvJobMessageFlow.channel#3' channel
2020-04-09 13:19:49.384  INFO 93364 --- [    Test worker] o.s.integration.channel.DirectChannel    : Channel 'application-1.printRequestCsvJobMessageFlow.channel#3' has 1 subscriber(s).
2020-04-09 13:19:49.384  INFO 93364 --- [    Test worker] o.s.i.endpoint.EventDrivenConsumer       : started bean 'printRequestCsvJobMessageFlow.org.springframework.integration.config.ConsumerEndpointFactoryBean#2'; defined in: 'class path resource [com/corelogic/homevisit/accuservice/AccuServiceConfiguration.class]'; from source: 'bean method printRequestCsvJobMessageFlow'
2020-04-09 13:19:49.384  INFO 93364 --- [    Test worker] o.s.i.endpoint.EventDrivenConsumer       : Adding {filter} as a subscriber to the 'printRequestCsvJobMessageFlow.channel#4' channel
2020-04-09 13:19:49.384  INFO 93364 --- [    Test worker] o.s.integration.channel.DirectChannel    : Channel 'application-1.printRequestCsvJobMessageFlow.channel#4' has 1 subscriber(s).
2020-04-09 13:19:49.384  INFO 93364 --- [    Test worker] o.s.i.endpoint.EventDrivenConsumer       : started bean 'printRequestCsvJobMessageFlow.org.springframework.integration.config.ConsumerEndpointFactoryBean#3'; defined in: 'class path resource [com/corelogic/homevisit/accuservice/AccuServiceConfiguration.class]'; from source: 'bean method printRequestCsvJobMessageFlow'
2020-04-09 13:19:49.384  INFO 93364 --- [    Test worker] o.s.i.endpoint.EventDrivenConsumer       : Adding {http:outbound-gateway} as a subscriber to the 'printRequestCsvJobMessageFlow.channel#5' channel
2020-04-09 13:19:49.384  INFO 93364 --- [    Test worker] o.s.integration.channel.DirectChannel    : Channel 'application-1.printRequestCsvJobMessageFlow.channel#5' has 1 subscriber(s).
2020-04-09 13:19:49.384  INFO 93364 --- [    Test worker] o.s.i.endpoint.EventDrivenConsumer       : started bean 'printRequestCsvJobMessageFlow.org.springframework.integration.config.ConsumerEndpointFactoryBean#4'; defined in: 'class path resource [com/corelogic/homevisit/accuservice/AccuServiceConfiguration.class]'; from source: 'bean method printRequestCsvJobMessageFlow'
2020-04-09 13:19:49.384  INFO 93364 --- [    Test worker] o.s.i.endpoint.EventDrivenConsumer       : Adding {transformer} as a subscriber to the 'printRequestCsvJobMessageFlow.channel#7' channel
2020-04-09 13:19:49.384  INFO 93364 --- [    Test worker] o.s.integration.channel.DirectChannel    : Channel 'application-1.printRequestCsvJobMessageFlow.channel#7' has 1 subscriber(s).
2020-04-09 13:19:49.384  INFO 93364 --- [    Test worker] o.s.i.endpoint.EventDrivenConsumer       : started bean 'printRequestCsvJobMessageFlow.org.springframework.integration.config.ConsumerEndpointFactoryBean#5'; defined in: 'class path resource [com/corelogic/homevisit/accuservice/AccuServiceConfiguration.class]'; from source: 'bean method printRequestCsvJobMessageFlow'
2020-04-09 13:19:49.384  INFO 93364 --- [    Test worker] o.s.i.endpoint.EventDrivenConsumer       : Adding {filter} as a subscriber to the 'printRequestCsvJobMessageFlow.channel#8' channel
2020-04-09 13:19:49.384  INFO 93364 --- [    Test worker] o.s.integration.channel.DirectChannel    : Channel 'application-1.printRequestCsvJobMessageFlow.channel#8' has 1 subscriber(s).
2020-04-09 13:19:49.384  INFO 93364 --- [    Test worker] o.s.i.endpoint.EventDrivenConsumer       : started bean 'printRequestCsvJobMessageFlow.org.springframework.integration.config.ConsumerEndpointFactoryBean#6'; defined in: 'class path resource [com/corelogic/homevisit/accuservice/AccuServiceConfiguration.class]'; from source: 'bean method printRequestCsvJobMessageFlow'
2020-04-09 13:19:49.384  INFO 93364 --- [    Test worker] o.s.i.endpoint.EventDrivenConsumer       : Adding {header-enricher} as a subscriber to the 'printRequestCsvJobMessageFlow.channel#9' channel
2020-04-09 13:19:49.384  INFO 93364 --- [    Test worker] o.s.integration.channel.DirectChannel    : Channel 'application-1.printRequestCsvJobMessageFlow.channel#9' has 1 subscriber(s).
2020-04-09 13:19:49.384  INFO 93364 --- [    Test worker] o.s.i.endpoint.EventDrivenConsumer       : started bean 'printRequestCsvJobMessageFlow.org.springframework.integration.config.ConsumerEndpointFactoryBean#7'; defined in: 'class path resource [com/corelogic/homevisit/accuservice/AccuServiceConfiguration.class]'; from source: 'bean method printRequestCsvJobMessageFlow'
2020-04-09 13:19:49.385  INFO 93364 --- [    Test worker] o.s.i.endpoint.EventDrivenConsumer       : Adding {bridge} as a subscriber to the 'printRequestCsvJobMessageFlow.channel#11' channel
2020-04-09 13:19:49.385  INFO 93364 --- [    Test worker] o.s.integration.channel.DirectChannel    : Channel 'application-1.printRequestCsvJobMessageFlow.channel#11' has 1 subscriber(s).
2020-04-09 13:19:49.385  INFO 93364 --- [    Test worker] o.s.i.endpoint.EventDrivenConsumer       : started bean 'printRequestCsvJobMessageFlow.org.springframework.integration.config.ConsumerEndpointFactoryBean#8'; defined in: 'class path resource [com/corelogic/homevisit/accuservice/AccuServiceConfiguration.class]'; from source: 'bean method printRequestCsvJobMessageFlow'
2020-04-09 13:19:49.385  INFO 93364 --- [    Test worker] o.s.i.endpoint.EventDrivenConsumer       : Adding {header-enricher} as a subscriber to the 'printRequestQuoteMessageChannel' channel
2020-04-09 13:19:49.385  INFO 93364 --- [    Test worker] o.s.i.channel.PublishSubscribeChannel    : Channel 'application-1.printRequestQuoteMessageChannel' has 1 subscriber(s).
2020-04-09 13:19:49.385  INFO 93364 --- [    Test worker] o.s.i.endpoint.EventDrivenConsumer       : started bean 'printRequestQuoteMessageFlow.org.springframework.integration.config.ConsumerEndpointFactoryBean#0'; defined in: 'class path resource [com/corelogic/homevisit/accuservice/AccuServiceConfiguration.class]'; from source: 'bean method printRequestQuoteMessageFlow'
2020-04-09 13:19:49.385  INFO 93364 --- [    Test worker] o.s.i.endpoint.EventDrivenConsumer       : Adding {http:outbound-gateway} as a subscriber to the 'printRequestQuoteMessageFlow.channel#1' channel
2020-04-09 13:19:49.385  INFO 93364 --- [    Test worker] o.s.integration.channel.DirectChannel    : Channel 'application-1.printRequestQuoteMessageFlow.channel#1' has 1 subscriber(s).
2020-04-09 13:19:49.385  INFO 93364 --- [    Test worker] o.s.i.endpoint.EventDrivenConsumer       : started bean 'printRequestQuoteMessageFlow.org.springframework.integration.config.ConsumerEndpointFactoryBean#1'; defined in: 'class path resource [com/corelogic/homevisit/accuservice/AccuServiceConfiguration.class]'; from source: 'bean method printRequestQuoteMessageFlow'
2020-04-09 13:19:49.385  INFO 93364 --- [    Test worker] o.s.i.endpoint.EventDrivenConsumer       : Adding {transformer} as a subscriber to the 'printRequestQuoteMessageFlow.channel#3' channel
2020-04-09 13:19:49.385  INFO 93364 --- [    Test worker] o.s.integration.channel.DirectChannel    : Channel 'application-1.printRequestQuoteMessageFlow.channel#3' has 1 subscriber(s).
2020-04-09 13:19:49.385  INFO 93364 --- [    Test worker] o.s.i.endpoint.EventDrivenConsumer       : started bean 'printRequestQuoteMessageFlow.org.springframework.integration.config.ConsumerEndpointFactoryBean#2'; defined in: 'class path resource [com/corelogic/homevisit/accuservice/AccuServiceConfiguration.class]'; from source: 'bean method printRequestQuoteMessageFlow'
2020-04-09 13:19:49.385  INFO 93364 --- [    Test worker] o.s.i.endpoint.EventDrivenConsumer       : Adding {filter} as a subscriber to the 'printRequestQuoteMessageFlow.channel#4' channel
2020-04-09 13:19:49.385  INFO 93364 --- [    Test worker] o.s.integration.channel.DirectChannel    : Channel 'application-1.printRequestQuoteMessageFlow.channel#4' has 1 subscriber(s).
2020-04-09 13:19:49.385  INFO 93364 --- [    Test worker] o.s.i.endpoint.EventDrivenConsumer       : started bean 'printRequestQuoteMessageFlow.org.springframework.integration.config.ConsumerEndpointFactoryBean#3'; defined in: 'class path resource [com/corelogic/homevisit/accuservice/AccuServiceConfiguration.class]'; from source: 'bean method printRequestQuoteMessageFlow'
2020-04-09 13:19:49.385  INFO 93364 --- [    Test worker] o.s.i.endpoint.EventDrivenConsumer       : Adding {header-enricher} as a subscriber to the 'printRequestQuoteMessageFlow.channel#5' channel
2020-04-09 13:19:49.385  INFO 93364 --- [    Test worker] o.s.integration.channel.DirectChannel    : Channel 'application-1.printRequestQuoteMessageFlow.channel#5' has 1 subscriber(s).
2020-04-09 13:19:49.385  INFO 93364 --- [    Test worker] o.s.i.endpoint.EventDrivenConsumer       : started bean 'printRequestQuoteMessageFlow.org.springframework.integration.config.ConsumerEndpointFactoryBean#4'; defined in: 'class path resource [com/corelogic/homevisit/accuservice/AccuServiceConfiguration.class]'; from source: 'bean method printRequestQuoteMessageFlow'
2020-04-09 13:19:49.385  INFO 93364 --- [    Test worker] o.s.i.endpoint.EventDrivenConsumer       : Adding {bridge} as a subscriber to the 'printRequestQuoteMessageFlow.channel#7' channel
2020-04-09 13:19:49.385  INFO 93364 --- [    Test worker] o.s.integration.channel.DirectChannel    : Channel 'application-1.printRequestQuoteMessageFlow.channel#7' has 1 subscriber(s).
2020-04-09 13:19:49.385  INFO 93364 --- [    Test worker] o.s.i.endpoint.EventDrivenConsumer       : started bean 'printRequestQuoteMessageFlow.org.springframework.integration.config.ConsumerEndpointFactoryBean#5'; defined in: 'class path resource [com/corelogic/homevisit/accuservice/AccuServiceConfiguration.class]'; from source: 'bean method printRequestQuoteMessageFlow'
2020-04-09 13:19:49.385  INFO 93364 --- [    Test worker] o.s.i.endpoint.EventDrivenConsumer       : Adding {header-enricher} as a subscriber to the 'printRequestReadyMessageChannel' channel
2020-04-09 13:19:49.385  INFO 93364 --- [    Test worker] o.s.i.channel.PublishSubscribeChannel    : Channel 'application-1.printRequestReadyMessageChannel' has 1 subscriber(s).
2020-04-09 13:19:49.385  INFO 93364 --- [    Test worker] o.s.i.endpoint.EventDrivenConsumer       : started bean 'printRequestReadyMessageFlow.org.springframework.integration.config.ConsumerEndpointFactoryBean#0'; defined in: 'class path resource [com/corelogic/homevisit/accuservice/AccuServiceConfiguration.class]'; from source: 'bean method printRequestReadyMessageFlow'
2020-04-09 13:19:49.385  INFO 93364 --- [    Test worker] o.s.i.endpoint.EventDrivenConsumer       : Adding {jdbc:outbound-gateway} as a subscriber to the 'printRequestReadyMessageFlow.channel#1' channel
2020-04-09 13:19:49.385  INFO 93364 --- [    Test worker] o.s.integration.channel.DirectChannel    : Channel 'application-1.printRequestReadyMessageFlow.channel#1' has 1 subscriber(s).
2020-04-09 13:19:49.385  INFO 93364 --- [    Test worker] o.s.i.endpoint.EventDrivenConsumer       : started bean 'printRequestReadyMessageFlow.org.springframework.integration.config.ConsumerEndpointFactoryBean#1'; defined in: 'class path resource [com/corelogic/homevisit/accuservice/AccuServiceConfiguration.class]'; from source: 'bean method printRequestReadyMessageFlow'
2020-04-09 13:19:49.385  INFO 93364 --- [    Test worker] o.s.i.endpoint.EventDrivenConsumer       : Adding {http:outbound-gateway} as a subscriber to the 'printRequestReadyMessageFlow.channel#3' channel
2020-04-09 13:19:49.385  INFO 93364 --- [    Test worker] o.s.integration.channel.DirectChannel    : Channel 'application-1.printRequestReadyMessageFlow.channel#3' has 1 subscriber(s).
2020-04-09 13:19:49.385  INFO 93364 --- [    Test worker] o.s.i.endpoint.EventDrivenConsumer       : started bean 'printRequestReadyMessageFlow.org.springframework.integration.config.ConsumerEndpointFactoryBean#2'; defined in: 'class path resource [com/corelogic/homevisit/accuservice/AccuServiceConfiguration.class]'; from source: 'bean method printRequestReadyMessageFlow'
2020-04-09 13:19:49.385  INFO 93364 --- [    Test worker] o.s.i.endpoint.EventDrivenConsumer       : Adding {transformer} as a subscriber to the 'printRequestReadyMessageFlow.channel#5' channel
2020-04-09 13:19:49.385  INFO 93364 --- [    Test worker] o.s.integration.channel.DirectChannel    : Channel 'application-1.printRequestReadyMessageFlow.channel#5' has 1 subscriber(s).
2020-04-09 13:19:49.385  INFO 93364 --- [    Test worker] o.s.i.endpoint.EventDrivenConsumer       : started bean 'printRequestReadyMessageFlow.org.springframework.integration.config.ConsumerEndpointFactoryBean#3'; defined in: 'class path resource [com/corelogic/homevisit/accuservice/AccuServiceConfiguration.class]'; from source: 'bean method printRequestReadyMessageFlow'
2020-04-09 13:19:49.385  INFO 93364 --- [    Test worker] o.s.i.endpoint.EventDrivenConsumer       : Adding {jdbc:outbound-gateway} as a subscriber to the 'printRequestReadyMessageFlow.channel#7' channel
2020-04-09 13:19:49.385  INFO 93364 --- [    Test worker] o.s.integration.channel.DirectChannel    : Channel 'application-1.printRequestReadyMessageFlow.channel#7' has 1 subscriber(s).
2020-04-09 13:19:49.385  INFO 93364 --- [    Test worker] o.s.i.endpoint.EventDrivenConsumer       : started bean 'printRequestReadyMessageFlow.org.springframework.integration.config.ConsumerEndpointFactoryBean#4'; defined in: 'class path resource [com/corelogic/homevisit/accuservice/AccuServiceConfiguration.class]'; from source: 'bean method printRequestReadyMessageFlow'
2020-04-09 13:19:49.385  INFO 93364 --- [    Test worker] o.s.i.endpoint.EventDrivenConsumer       : Adding {header-enricher} as a subscriber to the 'printRequestReadyMessageFlow.channel#9' channel
2020-04-09 13:19:49.385  INFO 93364 --- [    Test worker] o.s.integration.channel.DirectChannel    : Channel 'application-1.printRequestReadyMessageFlow.channel#9' has 1 subscriber(s).
2020-04-09 13:19:49.385  INFO 93364 --- [    Test worker] o.s.i.endpoint.EventDrivenConsumer       : started bean 'printRequestReadyMessageFlow.org.springframework.integration.config.ConsumerEndpointFactoryBean#5'; defined in: 'class path resource [com/corelogic/homevisit/accuservice/AccuServiceConfiguration.class]'; from source: 'bean method printRequestReadyMessageFlow'
2020-04-09 13:19:49.385  INFO 93364 --- [    Test worker] o.s.i.endpoint.EventDrivenConsumer       : Adding {bridge} as a subscriber to the 'printRequestReadyMessageFlow.channel#11' channel
2020-04-09 13:19:49.385  INFO 93364 --- [    Test worker] o.s.integration.channel.DirectChannel    : Channel 'application-1.printRequestReadyMessageFlow.channel#11' has 1 subscriber(s).
2020-04-09 13:19:49.385  INFO 93364 --- [    Test worker] o.s.i.endpoint.EventDrivenConsumer       : started bean 'printRequestReadyMessageFlow.org.springframework.integration.config.ConsumerEndpointFactoryBean#6'; defined in: 'class path resource [com/corelogic/homevisit/accuservice/AccuServiceConfiguration.class]'; from source: 'bean method printRequestReadyMessageFlow'
2020-04-09 13:19:49.385  INFO 93364 --- [    Test worker] o.s.i.endpoint.EventDrivenConsumer       : Adding {http:outbound-gateway} as a subscriber to the 'accountInfo.channel#1' channel
2020-04-09 13:19:49.385  INFO 93364 --- [    Test worker] o.s.integration.channel.DirectChannel    : Channel 'application-1.accountInfo.channel#1' has 1 subscriber(s).
2020-04-09 13:19:49.385  INFO 93364 --- [    Test worker] o.s.i.endpoint.EventDrivenConsumer       : started bean 'accountInfo.org.springframework.integration.config.ConsumerEndpointFactoryBean#0'; defined in: 'class path resource [com/corelogic/homevisit/accuservice/AccuServiceConfiguration.class]'; from source: 'bean method accountInfo'
2020-04-09 13:19:49.385  INFO 93364 --- [    Test worker] o.s.i.endpoint.EventDrivenConsumer       : Adding {bridge} as a subscriber to the 'accountInfo.channel#3' channel
2020-04-09 13:19:49.385  INFO 93364 --- [    Test worker] o.s.integration.channel.DirectChannel    : Channel 'application-1.accountInfo.channel#3' has 1 subscriber(s).
2020-04-09 13:19:49.385  INFO 93364 --- [    Test worker] o.s.i.endpoint.EventDrivenConsumer       : started bean 'accountInfo.org.springframework.integration.config.ConsumerEndpointFactoryBean#1'; defined in: 'class path resource [com/corelogic/homevisit/accuservice/AccuServiceConfiguration.class]'; from source: 'bean method accountInfo'
2020-04-09 13:19:49.385  INFO 93364 --- [    Test worker] o.s.i.endpoint.EventDrivenConsumer       : Adding {message-handler:accuConnectConfiguration.updateSecurityToken.serviceActivator} as a subscriber to the 'toUpdateSecurityToken' channel
2020-04-09 13:19:49.385  INFO 93364 --- [    Test worker] o.s.i.channel.PublishSubscribeChannel    : Channel 'application-1.toUpdateSecurityToken' has 1 subscriber(s).
2020-04-09 13:19:49.385  INFO 93364 --- [    Test worker] o.s.i.endpoint.EventDrivenConsumer       : started bean 'accuConnectConfiguration.updateSecurityToken.serviceActivator'
2020-04-09 13:19:49.385  INFO 93364 --- [    Test worker] o.s.i.endpoint.EventDrivenConsumer       : Adding {message-handler:accuConnectConfiguration.updatePrintJobRequestStatus.serviceActivator} as a subscriber to the 'toUpdatePrintJobRequestStatus' channel
2020-04-09 13:19:49.385  INFO 93364 --- [    Test worker] o.s.i.channel.PublishSubscribeChannel    : Channel 'application-1.toUpdatePrintJobRequestStatus' has 1 subscriber(s).
2020-04-09 13:19:49.385  INFO 93364 --- [    Test worker] o.s.i.endpoint.EventDrivenConsumer       : started bean 'accuConnectConfiguration.updatePrintJobRequestStatus.serviceActivator'
2020-04-09 13:19:49.385  INFO 93364 --- [    Test worker] o.s.i.endpoint.EventDrivenConsumer       : Adding {message-handler:accuServiceConfiguration.updatePrintRequestStatusCounter.serviceActivator} as a subscriber to the 'toUpdatePrintRequestStatusCounter' channel
2020-04-09 13:19:49.385  INFO 93364 --- [    Test worker] o.s.i.channel.PublishSubscribeChannel    : Channel 'application-1.toUpdatePrintRequestStatusCounter' has 1 subscriber(s).
2020-04-09 13:19:49.385  INFO 93364 --- [    Test worker] o.s.i.endpoint.EventDrivenConsumer       : started bean 'accuServiceConfiguration.updatePrintRequestStatusCounter.serviceActivator'
2020-04-09 13:19:49.385  INFO 93364 --- [    Test worker] o.s.i.endpoint.EventDrivenConsumer       : Adding {message-handler:accuServiceConfiguration.updatePrintRequestStatus.serviceActivator} as a subscriber to the 'toUpdatePrintRequestStatus' channel
2020-04-09 13:19:49.385  INFO 93364 --- [    Test worker] o.s.i.channel.PublishSubscribeChannel    : Channel 'application-1.toUpdatePrintRequestStatus' has 1 subscriber(s).
2020-04-09 13:19:49.385  INFO 93364 --- [    Test worker] o.s.i.endpoint.EventDrivenConsumer       : started bean 'accuServiceConfiguration.updatePrintRequestStatus.serviceActivator'
2020-04-09 13:19:49.385  INFO 93364 --- [    Test worker] .h.i.HttpRequestHandlingMessagingGateway : started bean 'inboundSuccessCallbackFlow.http:inbound-channel-adapter#0'; defined in: 'class path resource [com/corelogic/homevisit/accuservice/AccuConnectConfiguration.class]'; from source: 'bean method inboundSuccessCallbackFlow'
2020-04-09 13:19:49.386  INFO 93364 --- [    Test worker] o.s.i.e.SourcePollingChannelAdapter      : started bean 'accountInfo.org.springframework.integration.config.SourcePollingChannelAdapterFactoryBean#0'; defined in: 'class path resource [com/corelogic/homevisit/accuservice/AccuServiceConfiguration.class]'; from source: 'bean method accountInfo'
2020-04-09 13:19:49.386  INFO 93364 --- [    Test worker] o.s.s.quartz.SchedulerFactoryBean        : Starting Quartz Scheduler now
2020-04-09 13:19:49.386  INFO 93364 --- [    Test worker] org.quartz.core.QuartzScheduler          : Scheduler quartzScheduler_$_NON_CLUSTERED started.
2020-04-09 13:19:49.598  INFO 93364 --- [    Test worker] o.s.b.w.embedded.tomcat.TomcatWebServer  : Tomcat started on port(s): 18443 (https) 18087 (http) with context path ''
2020-04-09 13:19:49.601  INFO 93364 --- [    Test worker] c.c.h.a.AccuZipFlowHandlersTest          : Started AccuZipFlowHandlersTest in 2.546 seconds (JVM running for 36.562)
2020-04-09 13:19:49.611  INFO 93364 --- [    Test worker] o.s.integration.handler.LoggingHandler   : ACCUZIP QUOTE Request  printRequest id GenericMessage [payload={ID=12, ACC_UUID=1212-QWER-ZXVV-1234}, headers={id=1ae6c684-f828-e9af-0799-d5f79e6de8a3, acc_uuid=1212-QWER-ZXVV-1234, printRequestId=12, timestamp=1586452789611}]
2020-04-09 13:19:49.611  WARN 93364 --- [    Test worker] i.h.o.HttpRequestExecutingMessageHandler : The 'extractPayload' attribute has no relevance for the current request since the HTTP Method is 'GET', and no request body will be sent for that method.
[...]
2020-04-09 13:19:49.819  INFO 93364 --- [    Test worker] o.s.i.endpoint.EventDrivenConsumer       : Removing {transformer} as a subscriber to the 'printRequestCsvJobMessageFlow.channel#7' channel
2020-04-09 13:19:49.819  INFO 93364 --- [    Test worker] o.s.integration.channel.DirectChannel    : Channel 'application-1.printRequestCsvJobMessageFlow.channel#7' has 0 subscriber(s).
2020-04-09 13:19:49.819  INFO 93364 --- [    Test worker] o.s.i.endpoint.EventDrivenConsumer       : stopped bean 'printRequestCsvJobMessageFlow.org.springframework.integration.config.ConsumerEndpointFactoryBean#5'; defined in: 'class path resource [com/corelogic/homevisit/accuservice/AccuServiceConfiguration.class]'; from source: 'bean method printRequestCsvJobMessageFlow'
2020-04-09 13:19:49.819  INFO 93364 --- [    Test worker] o.s.i.endpoint.EventDrivenConsumer       : Removing {filter} as a subscriber to the 'printRequestCsvJobMessageFlow.channel#8' channel
2020-04-09 13:19:49.819  INFO 93364 --- [    Test worker] o.s.integration.channel.DirectChannel    : Channel 'application-1.printRequestCsvJobMessageFlow.channel#8' has 0 subscriber(s).
2020-04-09 13:19:49.819  INFO 93364 --- [    Test worker] o.s.i.endpoint.EventDrivenConsumer       : stopped bean 'printRequestCsvJobMessageFlow.org.springframework.integration.config.ConsumerEndpointFactoryBean#6'; defined in: 'class path resource [com/corelogic/homevisit/accuservice/AccuServiceConfiguration.class]'; from source: 'bean method printRequestCsvJobMessageFlow'
2020-04-09 13:19:49.819  INFO 93364 --- [    Test worker] o.s.i.endpoint.EventDrivenConsumer       : Removing {header-enricher} as a subscriber to the 'printRequestCsvJobMessageFlow.channel#9' channel
2020-04-09 13:19:49.819  INFO 93364 --- [    Test worker] o.s.integration.channel.DirectChannel    : Channel 'application-1.printRequestCsvJobMessageFlow.channel#9' has 0 subscriber(s).
2020-04-09 13:19:49.819  INFO 93364 --- [    Test worker] o.s.i.endpoint.EventDrivenConsumer       : stopped bean 'printRequestCsvJobMessageFlow.org.springframework.integration.config.ConsumerEndpointFactoryBean#7'; defined in: 'class path resource [com/corelogic/homevisit/accuservice/AccuServiceConfiguration.class]'; from source: 'bean method printRequestCsvJobMessageFlow'
2020-04-09 13:19:49.819  INFO 93364 --- [    Test worker] o.s.i.endpoint.EventDrivenConsumer       : Removing {bridge} as a subscriber to the 'printRequestCsvJobMessageFlow.channel#11' channel
2020-04-09 13:19:49.819  INFO 93364 --- [    Test worker] o.s.integration.channel.DirectChannel    : Channel 'application-1.printRequestCsvJobMessageFlow.channel#11' has 0 subscriber(s).
2020-04-09 13:19:49.819  INFO 93364 --- [    Test worker] o.s.i.endpoint.EventDrivenConsumer       : stopped bean 'printRequestCsvJobMessageFlow.org.springframework.integration.config.ConsumerEndpointFactoryBean#8'; defined in: 'class path resource [com/corelogic/homevisit/accuservice/AccuServiceConfiguration.class]'; from source: 'bean method printRequestCsvJobMessageFlow'
2020-04-09 13:19:49.819  INFO 93364 --- [    Test worker] o.s.i.endpoint.EventDrivenConsumer       : Removing {header-enricher} as a subscriber to the 'printRequestQuoteMessageChannel' channel
2020-04-09 13:19:49.819  INFO 93364 --- [    Test worker] o.s.i.channel.PublishSubscribeChannel    : Channel 'application-1.printRequestQuoteMessageChannel' has 0 subscriber(s).
2020-04-09 13:19:49.819  INFO 93364 --- [    Test worker] o.s.i.endpoint.EventDrivenConsumer       : stopped bean 'printRequestQuoteMessageFlow.org.springframework.integration.config.ConsumerEndpointFactoryBean#0'; defined in: 'class path resource [com/corelogic/homevisit/accuservice/AccuServiceConfiguration.class]'; from source: 'bean method printRequestQuoteMessageFlow'
2020-04-09 13:19:49.819  INFO 93364 --- [    Test worker] o.s.i.endpoint.EventDrivenConsumer       : Removing {http:outbound-gateway} as a subscriber to the 'printRequestQuoteMessageFlow.channel#1' channel
2020-04-09 13:19:49.819  INFO 93364 --- [    Test worker] o.s.integration.channel.DirectChannel    : Channel 'application-1.printRequestQuoteMessageFlow.channel#1' has 0 subscriber(s).
2020-04-09 13:19:49.819  INFO 93364 --- [    Test worker] o.s.i.endpoint.EventDrivenConsumer       : stopped bean 'printRequestQuoteMessageFlow.org.springframework.integration.config.ConsumerEndpointFactoryBean#1'; defined in: 'class path resource [com/corelogic/homevisit/accuservice/AccuServiceConfiguration.class]'; from source: 'bean method printRequestQuoteMessageFlow'
2020-04-09 13:19:49.819  INFO 93364 --- [    Test worker] o.s.i.endpoint.EventDrivenConsumer       : Removing {transformer} as a subscriber to the 'printRequestQuoteMessageFlow.channel#3' channel
2020-04-09 13:19:49.819  INFO 93364 --- [    Test worker] o.s.integration.channel.DirectChannel    : Channel 'application-1.printRequestQuoteMessageFlow.channel#3' has 0 subscriber(s).
2020-04-09 13:19:49.819  INFO 93364 --- [    Test worker] o.s.i.endpoint.EventDrivenConsumer       : stopped bean 'printRequestQuoteMessageFlow.org.springframework.integration.config.ConsumerEndpointFactoryBean#2'; defined in: 'class path resource [com/corelogic/homevisit/accuservice/AccuServiceConfiguration.class]'; from source: 'bean method printRequestQuoteMessageFlow'
2020-04-09 13:19:49.819  INFO 93364 --- [    Test worker] o.s.i.endpoint.EventDrivenConsumer       : Removing {filter} as a subscriber to the 'printRequestQuoteMessageFlow.channel#4' channel
2020-04-09 13:19:49.819  INFO 93364 --- [    Test worker] o.s.integration.channel.DirectChannel    : Channel 'application-1.printRequestQuoteMessageFlow.channel#4' has 0 subscriber(s).
2020-04-09 13:19:49.819  INFO 93364 --- [    Test worker] o.s.i.endpoint.EventDrivenConsumer       : stopped bean 'printRequestQuoteMessageFlow.org.springframework.integration.config.ConsumerEndpointFactoryBean#3'; defined in: 'class path resource [com/corelogic/homevisit/accuservice/AccuServiceConfiguration.class]'; from source: 'bean method printRequestQuoteMessageFlow'
2020-04-09 13:19:49.819  INFO 93364 --- [    Test worker] o.s.i.endpoint.EventDrivenConsumer       : Removing {header-enricher} as a subscriber to the 'printRequestQuoteMessageFlow.channel#5' channel
2020-04-09 13:19:49.819  INFO 93364 --- [    Test worker] o.s.integration.channel.DirectChannel    : Channel 'application-1.printRequestQuoteMessageFlow.channel#5' has 0 subscriber(s).
2020-04-09 13:19:49.819  INFO 93364 --- [    Test worker] o.s.i.endpoint.EventDrivenConsumer       : stopped bean 'printRequestQuoteMessageFlow.org.springframework.integration.config.ConsumerEndpointFactoryBean#4'; defined in: 'class path resource [com/corelogic/homevisit/accuservice/AccuServiceConfiguration.class]'; from source: 'bean method printRequestQuoteMessageFlow'
2020-04-09 13:19:49.819  INFO 93364 --- [    Test worker] o.s.i.endpoint.EventDrivenConsumer       : Removing {bridge} as a subscriber to the 'printRequestQuoteMessageFlow.channel#7' channel
2020-04-09 13:19:49.819  INFO 93364 --- [    Test worker] o.s.integration.channel.DirectChannel    : Channel 'application-1.printRequestQuoteMessageFlow.channel#7' has 0 subscriber(s).
2020-04-09 13:19:49.819  INFO 93364 --- [    Test worker] o.s.i.endpoint.EventDrivenConsumer       : stopped bean 'printRequestQuoteMessageFlow.org.springframework.integration.config.ConsumerEndpointFactoryBean#5'; defined in: 'class path resource [com/corelogic/homevisit/accuservice/AccuServiceConfiguration.class]'; from source: 'bean method printRequestQuoteMessageFlow'
2020-04-09 13:19:49.819  INFO 93364 --- [    Test worker] o.s.i.endpoint.EventDrivenConsumer       : Removing {header-enricher} as a subscriber to the 'printRequestReadyMessageChannel' channel
2020-04-09 13:19:49.819  INFO 93364 --- [    Test worker] o.s.i.channel.PublishSubscribeChannel    : Channel 'application-1.printRequestReadyMessageChannel' has 0 subscriber(s).
2020-04-09 13:19:49.819  INFO 93364 --- [    Test worker] o.s.i.endpoint.EventDrivenConsumer       : stopped bean 'printRequestReadyMessageFlow.org.springframework.integration.config.ConsumerEndpointFactoryBean#0'; defined in: 'class path resource [com/corelogic/homevisit/accuservice/AccuServiceConfiguration.class]'; from source: 'bean method printRequestReadyMessageFlow'
2020-04-09 13:19:49.819  INFO 93364 --- [    Test worker] o.s.i.endpoint.EventDrivenConsumer       : Removing {jdbc:outbound-gateway} as a subscriber to the 'printRequestReadyMessageFlow.channel#1' channel
2020-04-09 13:19:49.819  INFO 93364 --- [    Test worker] o.s.integration.channel.DirectChannel    : Channel 'application-1.printRequestReadyMessageFlow.channel#1' has 0 subscriber(s).
2020-04-09 13:19:49.819  INFO 93364 --- [    Test worker] o.s.i.endpoint.EventDrivenConsumer       : stopped bean 'printRequestReadyMessageFlow.org.springframework.integration.config.ConsumerEndpointFactoryBean#1'; defined in: 'class path resource [com/corelogic/homevisit/accuservice/AccuServiceConfiguration.class]'; from source: 'bean method printRequestReadyMessageFlow'
2020-04-09 13:19:49.819  INFO 93364 --- [    Test worker] o.s.i.endpoint.EventDrivenConsumer       : Removing {http:outbound-gateway} as a subscriber to the 'printRequestReadyMessageFlow.channel#3' channel
2020-04-09 13:19:49.819  INFO 93364 --- [    Test worker] o.s.integration.channel.DirectChannel    : Channel 'application-1.printRequestReadyMessageFlow.channel#3' has 0 subscriber(s).
2020-04-09 13:19:49.819  INFO 93364 --- [    Test worker] o.s.i.endpoint.EventDrivenConsumer       : stopped bean 'printRequestReadyMessageFlow.org.springframework.integration.config.ConsumerEndpointFactoryBean#2'; defined in: 'class path resource [com/corelogic/homevisit/accuservice/AccuServiceConfiguration.class]'; from source: 'bean method printRequestReadyMessageFlow'
2020-04-09 13:19:49.819  INFO 93364 --- [    Test worker] o.s.i.endpoint.EventDrivenConsumer       : Removing {transformer} as a subscriber to the 'printRequestReadyMessageFlow.channel#5' channel
2020-04-09 13:19:49.820  INFO 93364 --- [    Test worker] o.s.integration.channel.DirectChannel    : Channel 'application-1.printRequestReadyMessageFlow.channel#5' has 0 subscriber(s).
2020-04-09 13:19:49.820  INFO 93364 --- [    Test worker] o.s.i.endpoint.EventDrivenConsumer       : stopped bean 'printRequestReadyMessageFlow.org.springframework.integration.config.ConsumerEndpointFactoryBean#3'; defined in: 'class path resource [com/corelogic/homevisit/accuservice/AccuServiceConfiguration.class]'; from source: 'bean method printRequestReadyMessageFlow'
2020-04-09 13:19:49.820  INFO 93364 --- [    Test worker] o.s.i.endpoint.EventDrivenConsumer       : Removing {jdbc:outbound-gateway} as a subscriber to the 'printRequestReadyMessageFlow.channel#7' channel
2020-04-09 13:19:49.820  INFO 93364 --- [    Test worker] o.s.integration.channel.DirectChannel    : Channel 'application-1.printRequestReadyMessageFlow.channel#7' has 0 subscriber(s).
2020-04-09 13:19:49.820  INFO 93364 --- [    Test worker] o.s.i.endpoint.EventDrivenConsumer       : stopped bean 'printRequestReadyMessageFlow.org.springframework.integration.config.ConsumerEndpointFactoryBean#4'; defined in: 'class path resource [com/corelogic/homevisit/accuservice/AccuServiceConfiguration.class]'; from source: 'bean method printRequestReadyMessageFlow'
2020-04-09 13:19:49.820  INFO 93364 --- [    Test worker] o.s.i.endpoint.EventDrivenConsumer       : Removing {header-enricher} as a subscriber to the 'printRequestReadyMessageFlow.channel#9' channel
2020-04-09 13:19:49.820  INFO 93364 --- [    Test worker] o.s.integration.channel.DirectChannel    : Channel 'application-1.printRequestReadyMessageFlow.channel#9' has 0 subscriber(s).
2020-04-09 13:19:49.820  INFO 93364 --- [    Test worker] o.s.i.endpoint.EventDrivenConsumer       : stopped bean 'printRequestReadyMessageFlow.org.springframework.integration.config.ConsumerEndpointFactoryBean#5'; defined in: 'class path resource [com/corelogic/homevisit/accuservice/AccuServiceConfiguration.class]'; from source: 'bean method printRequestReadyMessageFlow'
2020-04-09 13:19:49.820  INFO 93364 --- [    Test worker] o.s.i.endpoint.EventDrivenConsumer       : Removing {bridge} as a subscriber to the 'printRequestReadyMessageFlow.channel#11' channel
2020-04-09 13:19:49.820  INFO 93364 --- [    Test worker] o.s.integration.channel.DirectChannel    : Channel 'application-1.printRequestReadyMessageFlow.channel#11' has 0 subscriber(s).
2020-04-09 13:19:49.820  INFO 93364 --- [    Test worker] o.s.i.endpoint.EventDrivenConsumer       : stopped bean 'printRequestReadyMessageFlow.org.springframework.integration.config.ConsumerEndpointFactoryBean#6'; defined in: 'class path resource [com/corelogic/homevisit/accuservice/AccuServiceConfiguration.class]'; from source: 'bean method printRequestReadyMessageFlow'
2020-04-09 13:19:49.820  INFO 93364 --- [    Test worker] o.s.i.endpoint.EventDrivenConsumer       : Removing {http:outbound-gateway} as a subscriber to the 'accountInfo.channel#1' channel
2020-04-09 13:19:49.820  INFO 93364 --- [    Test worker] o.s.integration.channel.DirectChannel    : Channel 'application-1.accountInfo.channel#1' has 0 subscriber(s).
2020-04-09 13:19:49.820  INFO 93364 --- [    Test worker] o.s.i.endpoint.EventDrivenConsumer       : stopped bean 'accountInfo.org.springframework.integration.config.ConsumerEndpointFactoryBean#0'; defined in: 'class path resource [com/corelogic/homevisit/accuservice/AccuServiceConfiguration.class]'; from source: 'bean method accountInfo'
2020-04-09 13:19:49.820  INFO 93364 --- [    Test worker] o.s.i.endpoint.EventDrivenConsumer       : Removing {bridge} as a subscriber to the 'accountInfo.channel#3' channel
2020-04-09 13:19:49.820  INFO 93364 --- [    Test worker] o.s.integration.channel.DirectChannel    : Channel 'application-1.accountInfo.channel#3' has 0 subscriber(s).
2020-04-09 13:19:49.820  INFO 93364 --- [    Test worker] o.s.i.endpoint.EventDrivenConsumer       : stopped bean 'accountInfo.org.springframework.integration.config.ConsumerEndpointFactoryBean#1'; defined in: 'class path resource [com/corelogic/homevisit/accuservice/AccuServiceConfiguration.class]'; from source: 'bean method accountInfo'
2020-04-09 13:19:49.820  INFO 93364 --- [    Test worker] o.s.i.endpoint.EventDrivenConsumer       : Removing {logging-channel-adapter:_org.springframework.integration.errorLogger} as a subscriber to the 'errorChannel' channel
2020-04-09 13:19:49.820  INFO 93364 --- [    Test worker] o.s.i.channel.PublishSubscribeChannel    : Channel 'application-1.errorChannel' has 0 subscriber(s).
2020-04-09 13:19:49.820  INFO 93364 --- [    Test worker] o.s.i.endpoint.EventDrivenConsumer       : stopped bean '_org.springframework.integration.errorLogger'
2020-04-09 13:19:49.820  INFO 93364 --- [    Test worker] o.s.i.endpoint.EventDrivenConsumer       : Removing {message-handler:accuConnectConfiguration.updateSecurityToken.serviceActivator} as a subscriber to the 'toUpdateSecurityToken' channel
2020-04-09 13:19:49.820  INFO 93364 --- [    Test worker] o.s.i.channel.PublishSubscribeChannel    : Channel 'application-1.toUpdateSecurityToken' has 0 subscriber(s).
2020-04-09 13:19:49.820  INFO 93364 --- [    Test worker] o.s.i.endpoint.EventDrivenConsumer       : stopped bean 'accuConnectConfiguration.updateSecurityToken.serviceActivator'
2020-04-09 13:19:49.820  INFO 93364 --- [    Test worker] o.s.i.endpoint.EventDrivenConsumer       : Removing {message-handler:accuConnectConfiguration.updatePrintJobRequestStatus.serviceActivator} as a subscriber to the 'toUpdatePrintJobRequestStatus' channel
2020-04-09 13:19:49.820  INFO 93364 --- [    Test worker] o.s.i.channel.PublishSubscribeChannel    : Channel 'application-1.toUpdatePrintJobRequestStatus' has 0 subscriber(s).
2020-04-09 13:19:49.820  INFO 93364 --- [    Test worker] o.s.i.endpoint.EventDrivenConsumer       : stopped bean 'accuConnectConfiguration.updatePrintJobRequestStatus.serviceActivator'
2020-04-09 13:19:49.820  INFO 93364 --- [    Test worker] o.s.i.endpoint.EventDrivenConsumer       : Removing {message-handler:accuServiceConfiguration.updatePrintRequestStatusCounter.serviceActivator} as a subscriber to the 'toUpdatePrintRequestStatusCounter' channel
2020-04-09 13:19:49.820  INFO 93364 --- [    Test worker] o.s.i.channel.PublishSubscribeChannel    : Channel 'application-1.toUpdatePrintRequestStatusCounter' has 0 subscriber(s).
2020-04-09 13:19:49.820  INFO 93364 --- [    Test worker] o.s.i.endpoint.EventDrivenConsumer       : stopped bean 'accuServiceConfiguration.updatePrintRequestStatusCounter.serviceActivator'
2020-04-09 13:19:49.820  INFO 93364 --- [    Test worker] o.s.i.endpoint.EventDrivenConsumer       : Removing {message-handler:accuServiceConfiguration.updatePrintRequestStatus.serviceActivator} as a subscriber to the 'toUpdatePrintRequestStatus' channel
2020-04-09 13:19:49.820  INFO 93364 --- [    Test worker] o.s.i.channel.PublishSubscribeChannel    : Channel 'application-1.toUpdatePrintRequestStatus' has 0 subscriber(s).
2020-04-09 13:19:49.820  INFO 93364 --- [    Test worker] o.s.i.endpoint.EventDrivenConsumer       : stopped bean 'accuServiceConfiguration.updatePrintRequestStatus.serviceActivator'
2020-04-09 13:19:49.820  INFO 93364 --- [    Test worker] o.s.s.c.ThreadPoolTaskScheduler          : Shutting down ExecutorService 'taskScheduler'
2020-04-09 13:19:49.821  INFO 93364 --- [    Test worker] o.s.s.quartz.SchedulerFactoryBean        : Shutting down Quartz Scheduler
2020-04-09 13:19:49.821  INFO 93364 --- [    Test worker] org.quartz.core.QuartzScheduler          : Scheduler quartzScheduler_$_NON_CLUSTERED shutting down.
2020-04-09 13:19:49.821  INFO 93364 --- [    Test worker] org.quartz.core.QuartzScheduler          : Scheduler quartzScheduler_$_NON_CLUSTERED paused.
2020-04-09 13:19:49.821  INFO 93364 --- [    Test worker] org.quartz.core.QuartzScheduler          : Scheduler quartzScheduler_$_NON_CLUSTERED shutdown complete.
2020-04-09 13:19:49.821  INFO 93364 --- [    Test worker] o.s.s.concurrent.ThreadPoolTaskExecutor  : Shutting down ExecutorService 'applicationTaskExecutor'
2020-04-09 13:19:49.824  INFO 93364 --- [    Test worker] j.LocalContainerEntityManagerFactoryBean : Closing JPA EntityManagerFactory for persistence unit 'default'
2020-04-09 13:19:49.824  INFO 93364 --- [    Test worker] .SchemaDropperImpl$DelayedDropActionImpl : HHH000477: Starting delayed evictData of schema as part of SessionFactory shut-down'
Hibernate: 
    
    drop table agvproduct if exists
Hibernate: 
    
    drop table agvproductvariant if exists
Hibernate: 
    
    drop table cart if exists
Hibernate: 
    
    drop table cart_id if exists
Hibernate: 
    
    drop table chiliDefPostagePlacement if exists
Hibernate: 
    
    drop table chiliMasterTemplateAltLayout if exists
Hibernate: 
    
    drop table chiliUserPrint if exists
Hibernate: 
    
    drop table chiliUserPrintPage if exists
Hibernate: 
    
    drop table chiliUserPrintProduction if exists
Hibernate: 
    
    drop table item if exists
Hibernate: 
    
    drop table printAddress if exists
Hibernate: 
    
    drop table printAddressVerified if exists
Hibernate: 
    
    drop table printRequest if exists
2020-04-09 13:19:49.827  INFO 93364 --- [    Test worker] com.zaxxer.hikari.HikariDataSource       : HikariPool-7 - Shutdown initiated...
2020-04-09 13:19:49.828  INFO 93364 --- [    Test worker] com.zaxxer.hikari.HikariDataSource       : HikariPool-7 - Shutdown completed.
2020-04-09 13:19:49.845  INFO 93364 --- [    Test worker] o.apache.catalina.core.StandardService   : Stopping service [Tomcat]
2020-04-09 13:19:49.845  INFO 93364 --- [    Test worker] o.a.c.c.C.[Tomcat].[localhost].[/]       : Destroying Spring FrameworkServlet 'dispatcherServlet'
]]></system-out>
  <system-err><![CDATA[]]></system-err>
</testsuite>
