<?xml version="1.0" encoding="UTF-8"?>
<testsuite name="com.corelogic.homevisit.accuservice.AccuConnectConfigurationTest" tests="1" skipped="0" failures="0" errors="0" timestamp="2020-04-09T17:19:32" hostname="C02XH1CYJG5M" time="0.005">
  <properties/>
  <testcase name="composeAwsUrl()" classname="com.corelogic.homevisit.accuservice.AccuConnectConfigurationTest" time="0.005"/>
  <system-out><![CDATA[2020-04-09 13:19:29.754  INFO 93364 --- [    Test worker] .b.t.c.SpringBootTestContextBootstrapper : Neither @ContextConfiguration nor @ContextHierarchy found for test class [com.corelogic.homevisit.accuservice.AccuConnectConfigurationTest], using SpringBootContextLoader
2020-04-09 13:19:29.755  INFO 93364 --- [    Test worker] o.s.t.c.support.AbstractContextLoader    : Could not detect default resource locations for test class [com.corelogic.homevisit.accuservice.AccuConnectConfigurationTest]: no resource found for suffixes {-context.xml, Context.groovy}.
2020-04-09 13:19:29.755  INFO 93364 --- [    Test worker] t.c.s.AnnotationConfigContextLoaderUtils : Could not detect default configuration classes for test class [com.corelogic.homevisit.accuservice.AccuConnectConfigurationTest]: AccuConnectConfigurationTest does not declare any static, non-private, non-final, nested classes annotated with @Configuration.
2020-04-09 13:19:29.756  INFO 93364 --- [    Test worker] .b.t.c.SpringBootTestContextBootstrapper : Found @SpringBootConfiguration com.corelogic.homevisit.accuservice.AccuserviceApplication for test class com.corelogic.homevisit.accuservice.AccuConnectConfigurationTest
2020-04-09 13:19:29.757  INFO 93364 --- [    Test worker] .b.t.c.SpringBootTestContextBootstrapper : Loaded default TestExecutionListener class names from location [META-INF/spring.factories]: [org.springframework.security.test.context.support.WithSecurityContextTestExecutionListener, org.springframework.security.test.context.support.ReactorContextTestExecutionListener, org.springframework.boot.test.autoconfigure.restdocs.RestDocsTestExecutionListener, org.springframework.boot.test.autoconfigure.web.client.MockRestServiceServerResetTestExecutionListener, org.springframework.boot.test.autoconfigure.web.servlet.MockMvcPrintOnlyOnFailureTestExecutionListener, org.springframework.boot.test.autoconfigure.web.servlet.WebDriverTestExecutionListener, org.springframework.boot.test.mock.mockito.MockitoTestExecutionListener, org.springframework.boot.test.mock.mockito.ResetMocksTestExecutionListener, org.springframework.test.context.web.ServletTestExecutionListener, org.springframework.test.context.support.DirtiesContextBeforeModesTestExecutionListener, org.springframework.test.context.support.DependencyInjectionTestExecutionListener, org.springframework.test.context.support.DirtiesContextTestExecutionListener, org.springframework.test.context.transaction.TransactionalTestExecutionListener, org.springframework.test.context.jdbc.SqlScriptsTestExecutionListener, org.springframework.test.context.event.EventPublishingTestExecutionListener]
2020-04-09 13:19:29.757  INFO 93364 --- [    Test worker] .b.t.c.SpringBootTestContextBootstrapper : Using TestExecutionListeners: [org.springframework.test.context.web.ServletTestExecutionListener@6bcb9bf4, org.springframework.test.context.support.DirtiesContextBeforeModesTestExecutionListener@2dc23102, org.springframework.boot.test.mock.mockito.MockitoTestExecutionListener@7fece7aa, org.springframework.boot.test.autoconfigure.SpringBootDependencyInjectionTestExecutionListener@2aacdd, org.springframework.test.context.support.DirtiesContextTestExecutionListener@37099317, org.springframework.test.context.transaction.TransactionalTestExecutionListener@b7feed5, org.springframework.test.context.jdbc.SqlScriptsTestExecutionListener@133699a7, org.springframework.security.test.context.support.WithSecurityContextTestExecutionListener@46af9358, org.springframework.test.context.event.EventPublishingTestExecutionListener@3dc531b1, org.springframework.security.test.context.support.ReactorContextTestExecutionListener@49b8799a, org.springframework.boot.test.autoconfigure.restdocs.RestDocsTestExecutionListener@6ee42aab, org.springframework.boot.test.autoconfigure.web.client.MockRestServiceServerResetTestExecutionListener@546b517c, org.springframework.boot.test.autoconfigure.web.servlet.MockMvcPrintOnlyOnFailureTestExecutionListener@4037aaf9, org.springframework.boot.test.autoconfigure.web.servlet.WebDriverTestExecutionListener@4ac97fcc, org.springframework.boot.test.mock.mockito.ResetMocksTestExecutionListener@5b7a54c]
2020-04-09 13:19:29.839  INFO 93364 --- [    Test worker] trationDelegate$BeanPostProcessorChecker : Bean 'org.springframework.cloud.autoconfigure.ConfigurationPropertiesRebinderAutoConfiguration' of type [org.springframework.cloud.autoconfigure.ConfigurationPropertiesRebinderAutoConfiguration$$EnhancerBySpringCGLIB$$78568474] is not eligible for getting processed by all BeanPostProcessors (for example: not eligible for auto-proxying)

  ___                 _____                 _        _____         _   
 / _ \               /  ___|               (_)      |_   _|       | |  
/ /_\ \ ___ ___ _   _\ `--.  ___ _ ____   ___  ___ ___| | ___  ___| |_ 
|  _  |/ __/ __| | | |`--. \/ _ \ '__\ \ / / |/ __/ _ \ |/ _ \/ __| __|
| | | | (_| (__| |_| /\__/ /  __/ |   \ V /| | (_|  __/ |  __/\__ \ |_ 
\_| |_/\___\___|\__,_\____/ \___|_|    \_/ |_|\___\___\_/\___||___/\__|
                                                                       
----------------------------------------------------------------------

2020-04-09 13:19:29.882  INFO 93364 --- [    Test worker] c.c.c.ConfigServicePropertySourceLocator : Fetching config from server at : http://localhost:8888
2020-04-09 13:19:29.898  WARN 93364 --- [    Test worker] c.c.c.ConfigServicePropertySourceLocator : Could not locate PropertySource: label not found
2020-04-09 13:19:29.900  INFO 93364 --- [    Test worker] c.c.h.a.AccuConnectConfigurationTest     : The following profiles are active: localtest
2020-04-09 13:19:30.193  INFO 93364 --- [    Test worker] .s.d.r.c.RepositoryConfigurationDelegate : Bootstrapping Spring Data JPA repositories in DEFAULT mode.
2020-04-09 13:19:30.205  INFO 93364 --- [    Test worker] .s.d.r.c.RepositoryConfigurationDelegate : Finished Spring Data repository scanning in 12ms. Found 0 JPA repository interfaces.
2020-04-09 13:19:30.257  INFO 93364 --- [    Test worker] o.s.cloud.context.scope.GenericScope     : BeanFactory id=6a2ca889-cdb3-374a-94bd-28654d56941d
2020-04-09 13:19:30.267  INFO 93364 --- [    Test worker] faultConfiguringBeanFactoryPostProcessor : No bean named 'errorChannel' has been explicitly defined. Therefore, a default PublishSubscribeChannel will be created.
2020-04-09 13:19:30.267  INFO 93364 --- [    Test worker] faultConfiguringBeanFactoryPostProcessor : No bean named 'taskScheduler' has been explicitly defined. Therefore, a default ThreadPoolTaskScheduler will be created.
2020-04-09 13:19:30.269  INFO 93364 --- [    Test worker] faultConfiguringBeanFactoryPostProcessor : No bean named 'integrationHeaderChannelRegistry' has been explicitly defined. Therefore, a default DefaultHeaderChannelRegistry will be created.
2020-04-09 13:19:30.314  INFO 93364 --- [    Test worker] trationDelegate$BeanPostProcessorChecker : Bean 'org.springframework.transaction.annotation.ProxyTransactionManagementConfiguration' of type [org.springframework.transaction.annotation.ProxyTransactionManagementConfiguration] is not eligible for getting processed by all BeanPostProcessors (for example: not eligible for auto-proxying)
2020-04-09 13:19:30.330  INFO 93364 --- [    Test worker] trationDelegate$BeanPostProcessorChecker : Bean 'integrationChannelResolver' of type [org.springframework.integration.support.channel.BeanFactoryChannelResolver] is not eligible for getting processed by all BeanPostProcessors (for example: not eligible for auto-proxying)
2020-04-09 13:19:30.332  INFO 93364 --- [    Test worker] trationDelegate$BeanPostProcessorChecker : Bean 'integrationDisposableAutoCreatedBeans' of type [org.springframework.integration.config.annotation.Disposables] is not eligible for getting processed by all BeanPostProcessors (for example: not eligible for auto-proxying)
2020-04-09 13:19:30.341  INFO 93364 --- [    Test worker] trationDelegate$BeanPostProcessorChecker : Bean 'org.springframework.integration.config.IntegrationManagementConfiguration' of type [org.springframework.integration.config.IntegrationManagementConfiguration] is not eligible for getting processed by all BeanPostProcessors (for example: not eligible for auto-proxying)
2020-04-09 13:19:30.358  INFO 93364 --- [    Test worker] trationDelegate$BeanPostProcessorChecker : Bean 'org.springframework.cloud.autoconfigure.ConfigurationPropertiesRebinderAutoConfiguration' of type [org.springframework.cloud.autoconfigure.ConfigurationPropertiesRebinderAutoConfiguration$$EnhancerBySpringCGLIB$$78568474] is not eligible for getting processed by all BeanPostProcessors (for example: not eligible for auto-proxying)
2020-04-09 13:19:30.444  INFO 93364 --- [    Test worker] o.s.b.w.embedded.tomcat.TomcatWebServer  : Tomcat initialized with port(s): 18443 (https) 18087 (http)
2020-04-09 13:19:30.445  INFO 93364 --- [    Test worker] o.apache.catalina.core.StandardService   : Starting service [Tomcat]
2020-04-09 13:19:30.445  INFO 93364 --- [    Test worker] org.apache.catalina.core.StandardEngine  : Starting Servlet engine: [Apache Tomcat/9.0.30]
2020-04-09 13:19:30.475  INFO 93364 --- [    Test worker] o.a.c.c.C.[Tomcat].[localhost].[/]       : Initializing Spring embedded WebApplicationContext
2020-04-09 13:19:30.475  INFO 93364 --- [    Test worker] o.s.web.context.ContextLoader            : Root WebApplicationContext: initialization completed in 573 ms
2020-04-09 13:19:30.934  INFO 93364 --- [    Test worker] o.hibernate.jpa.internal.util.LogHelper  : HHH000204: Processing PersistenceUnitInfo [name: default]
2020-04-09 13:19:30.940  INFO 93364 --- [    Test worker] com.zaxxer.hikari.HikariDataSource       : HikariPool-3 - Starting...
2020-04-09 13:19:30.941  INFO 93364 --- [    Test worker] com.zaxxer.hikari.HikariDataSource       : HikariPool-3 - Start completed.
2020-04-09 13:19:30.941  INFO 93364 --- [    Test worker] org.hibernate.dialect.Dialect            : HHH000400: Using dialect: org.hibernate.dialect.H2Dialect
Hibernate: 
    
    drop table agvproduct if exists
Hibernate: 
    
    drop table agvproductvariant if exists
Hibernate: 
    
    drop table cart if exists
Hibernate: 
    
    drop table cart_id if exists
Hibernate: 
    
    drop table chiliDefPostagePlacement if exists
Hibernate: 
    
    drop table chiliMasterTemplateAltLayout if exists
Hibernate: 
    
    drop table chiliUserPrint if exists
Hibernate: 
    
    drop table chiliUserPrintPage if exists
Hibernate: 
    
    drop table chiliUserPrintProduction if exists
Hibernate: 
    
    drop table item if exists
Hibernate: 
    
    drop table printAddress if exists
Hibernate: 
    
    drop table printAddressVerified if exists
Hibernate: 
    
    drop table printRequest if exists
Hibernate: 
    
    create table agvproduct (
       id bigint generated by default as identity,
        mail_class varchar(255),
        product_type varchar(255),
        sku varchar(255),
        primary key (id)
    )
Hibernate: 
    
    create table agvproductvariant (
       id bigint generated by default as identity,
        item_id bigint,
        print_name varchar(255),
        product_id bigint,
        primary key (id)
    )
Hibernate: 
    
    create table cart (
       id bigint generated by default as identity,
        chili_print_id bigint,
        qty integer,
        cartID bigint,
        selection bigint,
        primary key (id)
    )
Hibernate: 
    
    create table cart_id (
       id bigint generated by default as identity,
        sAddressID bigint,
        aAddress varchar(255),
        aAddressID bigint,
        aAddressType varchar(255),
        aAddressName varchar(255),
        aAddressModel varchar(255),
        aAddressee varchar(255),
        aCertified boolean,
        aCity varchar(255),
        aCompany varchar(255),
        aFirstName varchar(255),
        aLastName varchar(255),
        aLocality varchar(255),
        aState varchar(255),
        aZip varchar(15),
        ccAnaTransId varchar(255),
        ccApproval varchar(255),
        ccCharged boolean,
        ccChargedTime timestamp,
        ccError varchar(255),
        complete boolean,
        creditCard varchar(50),
        creditCardExp varchar(15),
        creditCardId varchar(255),
        creditCardName varchar(200),
        creditCardNumber varchar(100),
        discount decimal(19,2),
        hvID bigint,
        orderNotes varchar(255),
        orderType integer,
        print_request_id bigint,
        pID bigint,
        salesTax decimal(19,2),
        salesTaxState varchar(3),
        shipMethod bigint,
        sAddress varchar(255),
        sAddressType varchar(255),
        sAddressName varchar(255),
        sAddressModel varchar(255),
        sAddressee varchar(255),
        sCertified boolean,
        sCity varchar(255),
        sCompany varchar(255),
        shippingCost decimal(19,2),
        sFirstName varchar(255),
        sLastName varchar(255),
        sLocality varchar(255),
        sState varchar(255),
        sZip varchar(15),
        stripe_json varchar(255),
        totalCost decimal(19,2),
        userId integer,
        primary key (id)
    )
Hibernate: 
    
    create table chiliDefPostagePlacement (
       id bigint generated by default as identity,
        placement varchar(255),
        postagePlacement bigint,
        primary key (id)
    )
Hibernate: 
    
    create table chiliMasterTemplateAltLayout (
       id bigint generated by default as identity,
        itemID varchar(255),
        mtID bigint,
        name varchar(255),
        postagePlacement bigint,
        primary key (id)
    )
Hibernate: 
    
    create table chiliUserPrint (
       id bigint generated by default as identity,
        agentLayerTag varchar(255),
        agentid bigint,
        primary key (id)
    )
Hibernate: 
    
    create table chiliUserPrintPage (
       id bigint generated by default as identity,
        mtID bigint,
        pageNumber integer,
        selectedLayoutID varchar(255),
        printPagePdf varchar(255),
        upid bigint,
        primary key (id)
    )
Hibernate: 
    
    create table chiliUserPrintProduction (
       id bigint generated by default as identity,
        thumbURL varchar(255),
        upid bigint,
        printReadyURL varchar(255),
        print_request_id bigint,
        primary key (id)
    )
Hibernate: 
    
    create table item (
       ID bigint generated by default as identity,
        name varchar(255),
        isPrinted boolean,
        code varchar(255),
        primary key (ID)
    )
Hibernate: 
    
    create table printAddress (
       id bigint generated by default as identity,
        address1 varchar(255),
        address2 varchar(255),
        addressName varchar(255),
        addressType varchar(255),
        addressee varchar(255),
        certified boolean not null,
        city varchar(255),
        company varchar(255),
        firstName varchar(255),
        lastName varchar(255),
        locality varchar(255),
        occupant varchar(255),
        printRequestId bigint,
        state varchar(255),
        zip varchar(255),
        primary key (id)
    )
Hibernate: 
    
    create table printAddressVerified (
       id bigint generated by default as identity,
        address varchar(255),
        address2 varchar(255),
        barcode varchar(255),
        city varchar(255),
        cont_id varchar(255),
        crrt varchar(255),
        endorse varchar(255),
        first_name varchar(255),
        gpb_id varchar(255),
        imbarcode varchar(255),
        imbdigits varchar(255),
        last_name varchar(255),
        middle_name varchar(255),
        print_request_id bigint,
        sal varchar(255),
        sequenc varchar(255),
        state varchar(255),
        zip varchar(255),
        primary key (id)
    )
Hibernate: 
    
    create table printRequest (
       id bigint generated by default as identity,
        acc_count integer,
        acc_status varchar(12),
        acc_uuid varchar(48),
        printType varchar(255),
        provider varchar(255),
        uuid varchar(255),
        primary key (id)
    )
Hibernate: 
    
    alter table cart 
       add constraint FK8or64r1977dbvn60sqql40avj 
       foreign key (cartID) 
       references cart_id
Hibernate: 
    
    alter table cart 
       add constraint FK3cry4gt1er65oa4q40af389fo 
       foreign key (selection) 
       references item
2020-04-09 13:19:31.075  INFO 93364 --- [    Test worker] o.h.e.t.j.p.i.JtaPlatformInitiator       : HHH000490: Using JtaPlatform implementation: [org.hibernate.engine.transaction.jta.platform.internal.NoJtaPlatform]
2020-04-09 13:19:31.076  INFO 93364 --- [    Test worker] j.LocalContainerEntityManagerFactoryBean : Initialized JPA EntityManagerFactory for persistence unit 'default'
2020-04-09 13:19:31.171  WARN 93364 --- [    Test worker] JpaBaseConfiguration$JpaWebConfiguration : spring.jpa.open-in-view is enabled by default. Therefore, database queries may be performed during view rendering. Explicitly configure spring.jpa.open-in-view to disable this warning
2020-04-09 13:19:32.045  INFO 93364 --- [    Test worker] o.s.s.concurrent.ThreadPoolTaskExecutor  : Initializing ExecutorService 'applicationTaskExecutor'
2020-04-09 13:19:32.293  INFO 93364 --- [    Test worker] .s.s.UserDetailsServiceAutoConfiguration : 

Using generated security password: 06f2f2d9-0368-4f64-a513-ade0829a7165

2020-04-09 13:19:32.357  INFO 93364 --- [    Test worker] o.s.s.web.DefaultSecurityFilterChain     : Creating filter chain: any request, [org.springframework.security.web.context.request.async.WebAsyncManagerIntegrationFilter@283ec538, org.springframework.security.web.context.SecurityContextPersistenceFilter@5a73d8cf, org.springframework.security.web.header.HeaderWriterFilter@3ac42c84, org.springframework.security.web.authentication.logout.LogoutFilter@12aca61f, org.springframework.security.web.savedrequest.RequestCacheAwareFilter@55042ec7, org.springframework.security.web.servletapi.SecurityContextHolderAwareRequestFilter@4e3f98ef, org.springframework.security.web.authentication.AnonymousAuthenticationFilter@7a2ece22, org.springframework.security.web.session.SessionManagementFilter@7aac5ac1, org.springframework.security.web.access.ExceptionTranslationFilter@3f160dd3, org.springframework.security.web.access.intercept.FilterSecurityInterceptor@18a0e0af]
2020-04-09 13:19:32.404  INFO 93364 --- [    Test worker] org.quartz.impl.StdSchedulerFactory      : Using default implementation for ThreadExecutor
2020-04-09 13:19:32.405  INFO 93364 --- [    Test worker] org.quartz.core.SchedulerSignalerImpl    : Initialized Scheduler Signaller of type: class org.quartz.core.SchedulerSignalerImpl
2020-04-09 13:19:32.405  INFO 93364 --- [    Test worker] org.quartz.core.QuartzScheduler          : Quartz Scheduler v.2.3.2 created.
2020-04-09 13:19:32.405  INFO 93364 --- [    Test worker] org.quartz.simpl.RAMJobStore             : RAMJobStore initialized.
2020-04-09 13:19:32.405  INFO 93364 --- [    Test worker] org.quartz.core.QuartzScheduler          : Scheduler meta-data: Quartz Scheduler (v2.3.2) 'quartzScheduler' with instanceId 'NON_CLUSTERED'
  Scheduler class: 'org.quartz.core.QuartzScheduler' - running locally.
  NOT STARTED.
  Currently in standby mode.
  Number of jobs executed: 0
  Using thread pool 'org.quartz.simpl.SimpleThreadPool' - with 10 threads.
  Using job-store 'org.quartz.simpl.RAMJobStore' - which does not support persistence. and is not clustered.

2020-04-09 13:19:32.405  INFO 93364 --- [    Test worker] org.quartz.impl.StdSchedulerFactory      : Quartz scheduler 'quartzScheduler' initialized from an externally provided properties instance.
2020-04-09 13:19:32.405  INFO 93364 --- [    Test worker] org.quartz.impl.StdSchedulerFactory      : Quartz scheduler version: 2.3.2
2020-04-09 13:19:32.405  INFO 93364 --- [    Test worker] org.quartz.core.QuartzScheduler          : JobFactory set to: org.springframework.scheduling.quartz.SpringBeanJobFactory@755d39d7
2020-04-09 13:19:32.489  INFO 93364 --- [    Test worker] o.s.b.a.e.web.EndpointLinksResolver      : Exposing 4 endpoint(s) beneath base path '/actuator'
2020-04-09 13:19:32.540  INFO 93364 --- [    Test worker] o.s.s.c.ThreadPoolTaskScheduler          : Initializing ExecutorService 'taskScheduler'
2020-04-09 13:19:32.591  INFO 93364 --- [    Test worker] o.s.i.endpoint.EventDrivenConsumer       : Adding {logging-channel-adapter:_org.springframework.integration.errorLogger} as a subscriber to the 'errorChannel' channel
2020-04-09 13:19:32.591  INFO 93364 --- [    Test worker] o.s.i.channel.PublishSubscribeChannel    : Channel 'application-1.errorChannel' has 1 subscriber(s).
2020-04-09 13:19:32.591  INFO 93364 --- [    Test worker] o.s.i.endpoint.EventDrivenConsumer       : started bean '_org.springframework.integration.errorLogger'
2020-04-09 13:19:32.592  INFO 93364 --- [    Test worker] o.s.i.endpoint.EventDrivenConsumer       : Adding {bridge} as a subscriber to the 'toEnrichWithVerifiedAddresses' channel
2020-04-09 13:19:32.592  INFO 93364 --- [    Test worker] o.s.i.channel.PublishSubscribeChannel    : Channel 'application-1.toEnrichWithVerifiedAddresses' has 1 subscriber(s).
2020-04-09 13:19:32.592  INFO 93364 --- [    Test worker] o.s.i.endpoint.EventDrivenConsumer       : started bean 'enrichWithVerifiedAddressesFlow.org.springframework.integration.config.ConsumerEndpointFactoryBean#0'; defined in: 'class path resource [com/corelogic/homevisit/accuservice/AccuConnectConfiguration.class]'; from source: 'bean method enrichWithVerifiedAddressesFlow'
2020-04-09 13:19:32.592  INFO 93364 --- [    Test worker] o.s.i.endpoint.EventDrivenConsumer       : Adding {header-enricher} as a subscriber to the 'enrichWithVerifiedAddressesFlow.channel#1' channel
2020-04-09 13:19:32.592  INFO 93364 --- [    Test worker] o.s.integration.channel.DirectChannel    : Channel 'application-1.enrichWithVerifiedAddressesFlow.channel#1' has 1 subscriber(s).
2020-04-09 13:19:32.592  INFO 93364 --- [    Test worker] o.s.i.endpoint.EventDrivenConsumer       : started bean 'enrichWithVerifiedAddressesFlow.org.springframework.integration.config.ConsumerEndpointFactoryBean#1'; defined in: 'class path resource [com/corelogic/homevisit/accuservice/AccuConnectConfiguration.class]'; from source: 'bean method enrichWithVerifiedAddressesFlow'
2020-04-09 13:19:32.592  INFO 93364 --- [    Test worker] o.s.i.endpoint.EventDrivenConsumer       : Adding {enricher} as a subscriber to the 'enrichWithVerifiedAddressesFlow.channel#2' channel
2020-04-09 13:19:32.592  INFO 93364 --- [    Test worker] o.s.integration.channel.DirectChannel    : Channel 'application-1.enrichWithVerifiedAddressesFlow.channel#2' has 1 subscriber(s).
2020-04-09 13:19:32.592  INFO 93364 --- [    Test worker] o.s.i.endpoint.EventDrivenConsumer       : started bean 'enrichWithVerifiedAddressesFlow.org.springframework.integration.config.ConsumerEndpointFactoryBean#2'; defined in: 'class path resource [com/corelogic/homevisit/accuservice/AccuConnectConfiguration.class]'; from source: 'bean method enrichWithVerifiedAddressesFlow'
2020-04-09 13:19:32.592  INFO 93364 --- [    Test worker] o.s.i.endpoint.EventDrivenConsumer       : Adding {bridge} as a subscriber to the 'enrichWithVerifiedAddressesFlow.channel#4' channel
2020-04-09 13:19:32.592  INFO 93364 --- [    Test worker] o.s.integration.channel.DirectChannel    : Channel 'application-1.enrichWithVerifiedAddressesFlow.channel#4' has 1 subscriber(s).
2020-04-09 13:19:32.592  INFO 93364 --- [    Test worker] o.s.i.endpoint.EventDrivenConsumer       : started bean 'enrichWithVerifiedAddressesFlow.org.springframework.integration.config.ConsumerEndpointFactoryBean#3'; defined in: 'class path resource [com/corelogic/homevisit/accuservice/AccuConnectConfiguration.class]'; from source: 'bean method enrichWithVerifiedAddressesFlow'
2020-04-09 13:19:32.592  INFO 93364 --- [    Test worker] o.s.i.endpoint.EventDrivenConsumer       : Adding {bridge} as a subscriber to the 'toEnrichWithDial' channel
2020-04-09 13:19:32.592  INFO 93364 --- [    Test worker] o.s.i.channel.PublishSubscribeChannel    : Channel 'application-1.toEnrichWithDial' has 1 subscriber(s).
2020-04-09 13:19:32.592  INFO 93364 --- [    Test worker] o.s.i.endpoint.EventDrivenConsumer       : started bean 'enrichWithDialFlow.org.springframework.integration.config.ConsumerEndpointFactoryBean#0'; defined in: 'class path resource [com/corelogic/homevisit/accuservice/AccuConnectConfiguration.class]'; from source: 'bean method enrichWithDialFlow'
2020-04-09 13:19:32.592  INFO 93364 --- [    Test worker] o.s.i.endpoint.EventDrivenConsumer       : Adding {enricher} as a subscriber to the 'enrichWithDialFlow.channel#1' channel
2020-04-09 13:19:32.592  INFO 93364 --- [    Test worker] o.s.integration.channel.DirectChannel    : Channel 'application-1.enrichWithDialFlow.channel#1' has 1 subscriber(s).
2020-04-09 13:19:32.592  INFO 93364 --- [    Test worker] o.s.i.endpoint.EventDrivenConsumer       : started bean 'enrichWithDialFlow.org.springframework.integration.config.ConsumerEndpointFactoryBean#1'; defined in: 'class path resource [com/corelogic/homevisit/accuservice/AccuConnectConfiguration.class]'; from source: 'bean method enrichWithDialFlow'
2020-04-09 13:19:32.592  INFO 93364 --- [    Test worker] o.s.i.endpoint.EventDrivenConsumer       : Adding {router} as a subscriber to the 'enrichWithDialFlow.channel#3' channel
2020-04-09 13:19:32.592  INFO 93364 --- [    Test worker] o.s.integration.channel.DirectChannel    : Channel 'application-1.enrichWithDialFlow.channel#3' has 1 subscriber(s).
2020-04-09 13:19:32.592  INFO 93364 --- [    Test worker] o.s.i.endpoint.EventDrivenConsumer       : started bean 'enrichWithDialFlow.org.springframework.integration.config.ConsumerEndpointFactoryBean#2'; defined in: 'class path resource [com/corelogic/homevisit/accuservice/AccuConnectConfiguration.class]'; from source: 'bean method enrichWithDialFlow'
2020-04-09 13:19:32.592  INFO 93364 --- [    Test worker] o.s.i.endpoint.EventDrivenConsumer       : Adding {bridge} as a subscriber to the 'toRequestPrintJob' channel
2020-04-09 13:19:32.592  INFO 93364 --- [    Test worker] o.s.i.channel.PublishSubscribeChannel    : Channel 'application-1.toRequestPrintJob' has 1 subscriber(s).
2020-04-09 13:19:32.592  INFO 93364 --- [    Test worker] o.s.i.endpoint.EventDrivenConsumer       : started bean 'submitOrderFlow.org.springframework.integration.config.ConsumerEndpointFactoryBean#0'; defined in: 'class path resource [com/corelogic/homevisit/accuservice/AccuConnectConfiguration.class]'; from source: 'bean method submitOrderFlow'
2020-04-09 13:19:32.592  INFO 93364 --- [    Test worker] o.s.i.endpoint.EventDrivenConsumer       : Adding {filter} as a subscriber to the 'submitOrderFlow.channel#1' channel
2020-04-09 13:19:32.592  INFO 93364 --- [    Test worker] o.s.integration.channel.DirectChannel    : Channel 'application-1.submitOrderFlow.channel#1' has 1 subscriber(s).
2020-04-09 13:19:32.593  INFO 93364 --- [    Test worker] o.s.i.endpoint.EventDrivenConsumer       : started bean 'submitOrderFlow.org.springframework.integration.config.ConsumerEndpointFactoryBean#1'; defined in: 'class path resource [com/corelogic/homevisit/accuservice/AccuConnectConfiguration.class]'; from source: 'bean method submitOrderFlow'
2020-04-09 13:19:32.593  INFO 93364 --- [    Test worker] o.s.i.endpoint.EventDrivenConsumer       : Adding {transformer} as a subscriber to the 'submitOrderFlow.channel#2' channel
2020-04-09 13:19:32.593  INFO 93364 --- [    Test worker] o.s.integration.channel.DirectChannel    : Channel 'application-1.submitOrderFlow.channel#2' has 1 subscriber(s).
2020-04-09 13:19:32.593  INFO 93364 --- [    Test worker] o.s.i.endpoint.EventDrivenConsumer       : started bean 'submitOrderFlow.org.springframework.integration.config.ConsumerEndpointFactoryBean#2'; defined in: 'class path resource [com/corelogic/homevisit/accuservice/AccuConnectConfiguration.class]'; from source: 'bean method submitOrderFlow'
2020-04-09 13:19:32.593  INFO 93364 --- [    Test worker] o.s.i.endpoint.EventDrivenConsumer       : Adding {transformer} as a subscriber to the 'submitOrderFlow.channel#4' channel
2020-04-09 13:19:32.593  INFO 93364 --- [    Test worker] o.s.integration.channel.DirectChannel    : Channel 'application-1.submitOrderFlow.channel#4' has 1 subscriber(s).
2020-04-09 13:19:32.593  INFO 93364 --- [    Test worker] o.s.i.endpoint.EventDrivenConsumer       : started bean 'submitOrderFlow.org.springframework.integration.config.ConsumerEndpointFactoryBean#3'; defined in: 'class path resource [com/corelogic/homevisit/accuservice/AccuConnectConfiguration.class]'; from source: 'bean method submitOrderFlow'
2020-04-09 13:19:32.593  INFO 93364 --- [    Test worker] o.s.i.endpoint.EventDrivenConsumer       : Adding {http:outbound-gateway} as a subscriber to the 'submitOrderFlow.channel#6' channel
2020-04-09 13:19:32.593  INFO 93364 --- [    Test worker] o.s.integration.channel.DirectChannel    : Channel 'application-1.submitOrderFlow.channel#6' has 1 subscriber(s).
2020-04-09 13:19:32.593  INFO 93364 --- [    Test worker] o.s.i.endpoint.EventDrivenConsumer       : started bean 'submitOrderFlow.org.springframework.integration.config.ConsumerEndpointFactoryBean#4'; defined in: 'class path resource [com/corelogic/homevisit/accuservice/AccuConnectConfiguration.class]'; from source: 'bean method submitOrderFlow'
2020-04-09 13:19:32.593  INFO 93364 --- [    Test worker] o.s.i.endpoint.EventDrivenConsumer       : Adding {bridge} as a subscriber to the 'submitOrderFlow.channel#8' channel
2020-04-09 13:19:32.593  INFO 93364 --- [    Test worker] o.s.integration.channel.DirectChannel    : Channel 'application-1.submitOrderFlow.channel#8' has 1 subscriber(s).
2020-04-09 13:19:32.593  INFO 93364 --- [    Test worker] o.s.i.endpoint.EventDrivenConsumer       : started bean 'submitOrderFlow.org.springframework.integration.config.ConsumerEndpointFactoryBean#5'; defined in: 'class path resource [com/corelogic/homevisit/accuservice/AccuConnectConfiguration.class]'; from source: 'bean method submitOrderFlow'
2020-04-09 13:19:32.593  INFO 93364 --- [    Test worker] o.s.i.endpoint.EventDrivenConsumer       : Adding {bridge} as a subscriber to the 'toPrintJobResponse' channel
2020-04-09 13:19:32.593  INFO 93364 --- [    Test worker] o.s.i.channel.PublishSubscribeChannel    : Channel 'application-1.toPrintJobResponse' has 1 subscriber(s).
2020-04-09 13:19:32.593  INFO 93364 --- [    Test worker] o.s.i.endpoint.EventDrivenConsumer       : started bean 'processPrintJobRequestFlow.org.springframework.integration.config.ConsumerEndpointFactoryBean#0'; defined in: 'class path resource [com/corelogic/homevisit/accuservice/AccuConnectConfiguration.class]'; from source: 'bean method processPrintJobRequestFlow'
2020-04-09 13:19:32.593  INFO 93364 --- [    Test worker] o.s.i.endpoint.EventDrivenConsumer       : Adding {transformer} as a subscriber to the 'processPrintJobRequestFlow.channel#1' channel
2020-04-09 13:19:32.593  INFO 93364 --- [    Test worker] o.s.integration.channel.DirectChannel    : Channel 'application-1.processPrintJobRequestFlow.channel#1' has 1 subscriber(s).
2020-04-09 13:19:32.593  INFO 93364 --- [    Test worker] o.s.i.endpoint.EventDrivenConsumer       : started bean 'processPrintJobRequestFlow.org.springframework.integration.config.ConsumerEndpointFactoryBean#1'; defined in: 'class path resource [com/corelogic/homevisit/accuservice/AccuConnectConfiguration.class]'; from source: 'bean method processPrintJobRequestFlow'
2020-04-09 13:19:32.593  INFO 93364 --- [    Test worker] o.s.i.endpoint.EventDrivenConsumer       : Adding {header-enricher} as a subscriber to the 'processPrintJobRequestFlow.channel#2' channel
2020-04-09 13:19:32.593  INFO 93364 --- [    Test worker] o.s.integration.channel.DirectChannel    : Channel 'application-1.processPrintJobRequestFlow.channel#2' has 1 subscriber(s).
2020-04-09 13:19:32.593  INFO 93364 --- [    Test worker] o.s.i.endpoint.EventDrivenConsumer       : started bean 'processPrintJobRequestFlow.org.springframework.integration.config.ConsumerEndpointFactoryBean#2'; defined in: 'class path resource [com/corelogic/homevisit/accuservice/AccuConnectConfiguration.class]'; from source: 'bean method processPrintJobRequestFlow'
2020-04-09 13:19:32.593  INFO 93364 --- [    Test worker] o.s.i.endpoint.EventDrivenConsumer       : Adding {bridge} as a subscriber to the 'processPrintJobRequestFlow.channel#4' channel
2020-04-09 13:19:32.593  INFO 93364 --- [    Test worker] o.s.integration.channel.DirectChannel    : Channel 'application-1.processPrintJobRequestFlow.channel#4' has 1 subscriber(s).
2020-04-09 13:19:32.593  INFO 93364 --- [    Test worker] o.s.i.endpoint.EventDrivenConsumer       : started bean 'processPrintJobRequestFlow.org.springframework.integration.config.ConsumerEndpointFactoryBean#3'; defined in: 'class path resource [com/corelogic/homevisit/accuservice/AccuConnectConfiguration.class]'; from source: 'bean method processPrintJobRequestFlow'
2020-04-09 13:19:32.593  INFO 93364 --- [    Test worker] o.s.i.endpoint.EventDrivenConsumer       : Adding {bridge} as a subscriber to the 'toPrintRequestHasError' channel
2020-04-09 13:19:32.593  INFO 93364 --- [    Test worker] o.s.i.channel.PublishSubscribeChannel    : Channel 'application-1.toPrintRequestHasError' has 1 subscriber(s).
2020-04-09 13:19:32.593  INFO 93364 --- [    Test worker] o.s.i.endpoint.EventDrivenConsumer       : started bean 'printRequestHasErrorFlow.org.springframework.integration.config.ConsumerEndpointFactoryBean#0'; defined in: 'class path resource [com/corelogic/homevisit/accuservice/AccuConnectConfiguration.class]'; from source: 'bean method printRequestHasErrorFlow'
2020-04-09 13:19:32.593  INFO 93364 --- [    Test worker] o.s.i.endpoint.EventDrivenConsumer       : Adding {transformer} as a subscriber to the 'printRequestHasErrorFlow.channel#1' channel
2020-04-09 13:19:32.593  INFO 93364 --- [    Test worker] o.s.integration.channel.DirectChannel    : Channel 'application-1.printRequestHasErrorFlow.channel#1' has 1 subscriber(s).
2020-04-09 13:19:32.593  INFO 93364 --- [    Test worker] o.s.i.endpoint.EventDrivenConsumer       : started bean 'printRequestHasErrorFlow.org.springframework.integration.config.ConsumerEndpointFactoryBean#1'; defined in: 'class path resource [com/corelogic/homevisit/accuservice/AccuConnectConfiguration.class]'; from source: 'bean method printRequestHasErrorFlow'
2020-04-09 13:19:32.593  INFO 93364 --- [    Test worker] o.s.i.endpoint.EventDrivenConsumer       : Adding {header-enricher} as a subscriber to the 'printRequestHasErrorFlow.channel#2' channel
2020-04-09 13:19:32.593  INFO 93364 --- [    Test worker] o.s.integration.channel.DirectChannel    : Channel 'application-1.printRequestHasErrorFlow.channel#2' has 1 subscriber(s).
2020-04-09 13:19:32.593  INFO 93364 --- [    Test worker] o.s.i.endpoint.EventDrivenConsumer       : started bean 'printRequestHasErrorFlow.org.springframework.integration.config.ConsumerEndpointFactoryBean#2'; defined in: 'class path resource [com/corelogic/homevisit/accuservice/AccuConnectConfiguration.class]'; from source: 'bean method printRequestHasErrorFlow'
2020-04-09 13:19:32.593  INFO 93364 --- [    Test worker] o.s.i.endpoint.EventDrivenConsumer       : Adding {bridge} as a subscriber to the 'printRequestHasErrorFlow.channel#4' channel
2020-04-09 13:19:32.593  INFO 93364 --- [    Test worker] o.s.integration.channel.DirectChannel    : Channel 'application-1.printRequestHasErrorFlow.channel#4' has 1 subscriber(s).
2020-04-09 13:19:32.593  INFO 93364 --- [    Test worker] o.s.i.endpoint.EventDrivenConsumer       : started bean 'printRequestHasErrorFlow.org.springframework.integration.config.ConsumerEndpointFactoryBean#3'; defined in: 'class path resource [com/corelogic/homevisit/accuservice/AccuConnectConfiguration.class]'; from source: 'bean method printRequestHasErrorFlow'
2020-04-09 13:19:32.593  INFO 93364 --- [    Test worker] o.s.i.endpoint.EventDrivenConsumer       : Adding {filter} as a subscriber to the 'inboundSuccessCallbackFlow.channel#0' channel
2020-04-09 13:19:32.593  INFO 93364 --- [    Test worker] o.s.integration.channel.DirectChannel    : Channel 'application-1.inboundSuccessCallbackFlow.channel#0' has 1 subscriber(s).
2020-04-09 13:19:32.594  INFO 93364 --- [    Test worker] o.s.i.endpoint.EventDrivenConsumer       : started bean 'inboundSuccessCallbackFlow.org.springframework.integration.config.ConsumerEndpointFactoryBean#0'; defined in: 'class path resource [com/corelogic/homevisit/accuservice/AccuConnectConfiguration.class]'; from source: 'bean method inboundSuccessCallbackFlow'
2020-04-09 13:19:32.594  INFO 93364 --- [    Test worker] o.s.i.endpoint.EventDrivenConsumer       : Adding {json-to-object-transformer} as a subscriber to the 'inboundSuccessCallbackFlow.channel#1' channel
2020-04-09 13:19:32.594  INFO 93364 --- [    Test worker] o.s.integration.channel.DirectChannel    : Channel 'application-1.inboundSuccessCallbackFlow.channel#1' has 1 subscriber(s).
2020-04-09 13:19:32.594  INFO 93364 --- [    Test worker] o.s.i.endpoint.EventDrivenConsumer       : started bean 'inboundSuccessCallbackFlow.org.springframework.integration.config.ConsumerEndpointFactoryBean#1'; defined in: 'class path resource [com/corelogic/homevisit/accuservice/AccuConnectConfiguration.class]'; from source: 'bean method inboundSuccessCallbackFlow'
2020-04-09 13:19:32.594  INFO 93364 --- [    Test worker] o.s.i.endpoint.EventDrivenConsumer       : Adding {header-enricher} as a subscriber to the 'inboundSuccessCallbackFlow.channel#2' channel
2020-04-09 13:19:32.594  INFO 93364 --- [    Test worker] o.s.integration.channel.DirectChannel    : Channel 'application-1.inboundSuccessCallbackFlow.channel#2' has 1 subscriber(s).
2020-04-09 13:19:32.594  INFO 93364 --- [    Test worker] o.s.i.endpoint.EventDrivenConsumer       : started bean 'inboundSuccessCallbackFlow.org.springframework.integration.config.ConsumerEndpointFactoryBean#2'; defined in: 'class path resource [com/corelogic/homevisit/accuservice/AccuConnectConfiguration.class]'; from source: 'bean method inboundSuccessCallbackFlow'
2020-04-09 13:19:32.594  INFO 93364 --- [    Test worker] o.s.i.endpoint.EventDrivenConsumer       : Adding {bridge} as a subscriber to the 'inboundSuccessCallbackFlow.channel#4' channel
2020-04-09 13:19:32.594  INFO 93364 --- [    Test worker] o.s.integration.channel.DirectChannel    : Channel 'application-1.inboundSuccessCallbackFlow.channel#4' has 1 subscriber(s).
2020-04-09 13:19:32.594  INFO 93364 --- [    Test worker] o.s.i.endpoint.EventDrivenConsumer       : started bean 'inboundSuccessCallbackFlow.org.springframework.integration.config.ConsumerEndpointFactoryBean#3'; defined in: 'class path resource [com/corelogic/homevisit/accuservice/AccuConnectConfiguration.class]'; from source: 'bean method inboundSuccessCallbackFlow'
2020-04-09 13:19:32.594  INFO 93364 --- [    Test worker] o.s.i.endpoint.EventDrivenConsumer       : Adding {header-enricher} as a subscriber to the 'toPickupAddressesChannel' channel
2020-04-09 13:19:32.594  INFO 93364 --- [    Test worker] o.s.i.channel.PublishSubscribeChannel    : Channel 'application-1.toPickupAddressesChannel' has 1 subscriber(s).
2020-04-09 13:19:32.594  INFO 93364 --- [    Test worker] o.s.i.endpoint.EventDrivenConsumer       : started bean 'addressForVerificationIntegrationFlow.org.springframework.integration.config.ConsumerEndpointFactoryBean#0'; defined in: 'class path resource [com/corelogic/homevisit/accuservice/AccuServiceConfiguration.class]'; from source: 'bean method addressForVerificationIntegrationFlow'
2020-04-09 13:19:32.594  INFO 93364 --- [    Test worker] o.s.i.endpoint.EventDrivenConsumer       : Adding {transformer} as a subscriber to the 'addressForVerificationIntegrationFlow.channel#1' channel
2020-04-09 13:19:32.594  INFO 93364 --- [    Test worker] o.s.integration.channel.DirectChannel    : Channel 'application-1.addressForVerificationIntegrationFlow.channel#1' has 1 subscriber(s).
2020-04-09 13:19:32.594  INFO 93364 --- [    Test worker] o.s.i.endpoint.EventDrivenConsumer       : started bean 'addressForVerificationIntegrationFlow.org.springframework.integration.config.ConsumerEndpointFactoryBean#1'; defined in: 'class path resource [com/corelogic/homevisit/accuservice/AccuServiceConfiguration.class]'; from source: 'bean method addressForVerificationIntegrationFlow'
2020-04-09 13:19:32.594  INFO 93364 --- [    Test worker] o.s.i.endpoint.EventDrivenConsumer       : Adding {filter} as a subscriber to the 'addressForVerificationIntegrationFlow.channel#2' channel
2020-04-09 13:19:32.594  INFO 93364 --- [    Test worker] o.s.integration.channel.DirectChannel    : Channel 'application-1.addressForVerificationIntegrationFlow.channel#2' has 1 subscriber(s).
2020-04-09 13:19:32.594  INFO 93364 --- [    Test worker] o.s.i.endpoint.EventDrivenConsumer       : started bean 'addressForVerificationIntegrationFlow.org.springframework.integration.config.ConsumerEndpointFactoryBean#2'; defined in: 'class path resource [com/corelogic/homevisit/accuservice/AccuServiceConfiguration.class]'; from source: 'bean method addressForVerificationIntegrationFlow'
2020-04-09 13:19:32.594  INFO 93364 --- [    Test worker] o.s.i.endpoint.EventDrivenConsumer       : Adding {bridge} as a subscriber to the 'addressForVerificationIntegrationFlow.channel#4' channel
2020-04-09 13:19:32.594  INFO 93364 --- [    Test worker] o.s.integration.channel.DirectChannel    : Channel 'application-1.addressForVerificationIntegrationFlow.channel#4' has 1 subscriber(s).
2020-04-09 13:19:32.594  INFO 93364 --- [    Test worker] o.s.i.endpoint.EventDrivenConsumer       : started bean 'addressForVerificationIntegrationFlow.org.springframework.integration.config.ConsumerEndpointFactoryBean#3'; defined in: 'class path resource [com/corelogic/homevisit/accuservice/AccuServiceConfiguration.class]'; from source: 'bean method addressForVerificationIntegrationFlow'
2020-04-09 13:19:32.594  INFO 93364 --- [    Test worker] o.s.i.endpoint.EventDrivenConsumer       : Adding {bridge} as a subscriber to the 'toCsvUploadChannel' channel
2020-04-09 13:19:32.594  INFO 93364 --- [    Test worker] o.s.i.channel.PublishSubscribeChannel    : Channel 'application-1.toCsvUploadChannel' has 1 subscriber(s).
2020-04-09 13:19:32.594  INFO 93364 --- [    Test worker] o.s.i.endpoint.EventDrivenConsumer       : started bean 'toCsvMessageFlow.org.springframework.integration.config.ConsumerEndpointFactoryBean#0'; defined in: 'class path resource [com/corelogic/homevisit/accuservice/AccuServiceConfiguration.class]'; from source: 'bean method toCsvMessageFlow'
2020-04-09 13:19:32.594  INFO 93364 --- [    Test worker] o.s.i.endpoint.EventDrivenConsumer       : Adding {transformer} as a subscriber to the 'toCsvMessageFlow.channel#1' channel
2020-04-09 13:19:32.594  INFO 93364 --- [    Test worker] o.s.integration.channel.DirectChannel    : Channel 'application-1.toCsvMessageFlow.channel#1' has 1 subscriber(s).
2020-04-09 13:19:32.594  INFO 93364 --- [    Test worker] o.s.i.endpoint.EventDrivenConsumer       : started bean 'toCsvMessageFlow.org.springframework.integration.config.ConsumerEndpointFactoryBean#1'; defined in: 'class path resource [com/corelogic/homevisit/accuservice/AccuServiceConfiguration.class]'; from source: 'bean method toCsvMessageFlow'
2020-04-09 13:19:32.594  INFO 93364 --- [    Test worker] o.s.i.endpoint.EventDrivenConsumer       : Adding {http:outbound-gateway} as a subscriber to the 'toCsvMessageFlow.channel#3' channel
2020-04-09 13:19:32.594  INFO 93364 --- [    Test worker] o.s.integration.channel.DirectChannel    : Channel 'application-1.toCsvMessageFlow.channel#3' has 1 subscriber(s).
2020-04-09 13:19:32.594  INFO 93364 --- [    Test worker] o.s.i.endpoint.EventDrivenConsumer       : started bean 'toCsvMessageFlow.org.springframework.integration.config.ConsumerEndpointFactoryBean#2'; defined in: 'class path resource [com/corelogic/homevisit/accuservice/AccuServiceConfiguration.class]'; from source: 'bean method toCsvMessageFlow'
2020-04-09 13:19:32.594  INFO 93364 --- [    Test worker] o.s.i.endpoint.EventDrivenConsumer       : Adding {filter} as a subscriber to the 'toCsvMessageFlow.channel#5' channel
2020-04-09 13:19:32.594  INFO 93364 --- [    Test worker] o.s.integration.channel.DirectChannel    : Channel 'application-1.toCsvMessageFlow.channel#5' has 1 subscriber(s).
2020-04-09 13:19:32.594  INFO 93364 --- [    Test worker] o.s.i.endpoint.EventDrivenConsumer       : started bean 'toCsvMessageFlow.org.springframework.integration.config.ConsumerEndpointFactoryBean#3'; defined in: 'class path resource [com/corelogic/homevisit/accuservice/AccuServiceConfiguration.class]'; from source: 'bean method toCsvMessageFlow'
2020-04-09 13:19:32.594  INFO 93364 --- [    Test worker] o.s.i.endpoint.EventDrivenConsumer       : Adding {transformer} as a subscriber to the 'toCsvMessageFlow.channel#6' channel
2020-04-09 13:19:32.594  INFO 93364 --- [    Test worker] o.s.integration.channel.DirectChannel    : Channel 'application-1.toCsvMessageFlow.channel#6' has 1 subscriber(s).
2020-04-09 13:19:32.594  INFO 93364 --- [    Test worker] o.s.i.endpoint.EventDrivenConsumer       : started bean 'toCsvMessageFlow.org.springframework.integration.config.ConsumerEndpointFactoryBean#4'; defined in: 'class path resource [com/corelogic/homevisit/accuservice/AccuServiceConfiguration.class]'; from source: 'bean method toCsvMessageFlow'
2020-04-09 13:19:32.594  INFO 93364 --- [    Test worker] o.s.i.endpoint.EventDrivenConsumer       : Adding {header-enricher} as a subscriber to the 'toCsvMessageFlow.channel#7' channel
2020-04-09 13:19:32.594  INFO 93364 --- [    Test worker] o.s.integration.channel.DirectChannel    : Channel 'application-1.toCsvMessageFlow.channel#7' has 1 subscriber(s).
2020-04-09 13:19:32.594  INFO 93364 --- [    Test worker] o.s.i.endpoint.EventDrivenConsumer       : started bean 'toCsvMessageFlow.org.springframework.integration.config.ConsumerEndpointFactoryBean#5'; defined in: 'class path resource [com/corelogic/homevisit/accuservice/AccuServiceConfiguration.class]'; from source: 'bean method toCsvMessageFlow'
2020-04-09 13:19:32.594  INFO 93364 --- [    Test worker] o.s.i.endpoint.EventDrivenConsumer       : Adding {bridge} as a subscriber to the 'toCsvMessageFlow.channel#9' channel
2020-04-09 13:19:32.594  INFO 93364 --- [    Test worker] o.s.integration.channel.DirectChannel    : Channel 'application-1.toCsvMessageFlow.channel#9' has 1 subscriber(s).
2020-04-09 13:19:32.594  INFO 93364 --- [    Test worker] o.s.i.endpoint.EventDrivenConsumer       : started bean 'toCsvMessageFlow.org.springframework.integration.config.ConsumerEndpointFactoryBean#6'; defined in: 'class path resource [com/corelogic/homevisit/accuservice/AccuServiceConfiguration.class]'; from source: 'bean method toCsvMessageFlow'
2020-04-09 13:19:32.594  INFO 93364 --- [    Test worker] o.s.i.endpoint.EventDrivenConsumer       : Adding {header-enricher} as a subscriber to the 'checkUploadMessageChannel' channel
2020-04-09 13:19:32.594  INFO 93364 --- [    Test worker] o.s.i.channel.PublishSubscribeChannel    : Channel 'application-1.checkUploadMessageChannel' has 1 subscriber(s).
2020-04-09 13:19:32.594  INFO 93364 --- [    Test worker] o.s.i.endpoint.EventDrivenConsumer       : started bean 'checkUploadMessageFlow.org.springframework.integration.config.ConsumerEndpointFactoryBean#0'; defined in: 'class path resource [com/corelogic/homevisit/accuservice/AccuServiceConfiguration.class]'; from source: 'bean method checkUploadMessageFlow'
2020-04-09 13:19:32.594  INFO 93364 --- [    Test worker] o.s.i.endpoint.EventDrivenConsumer       : Adding {http:outbound-gateway} as a subscriber to the 'checkUploadMessageFlow.channel#1' channel
2020-04-09 13:19:32.594  INFO 93364 --- [    Test worker] o.s.integration.channel.DirectChannel    : Channel 'application-1.checkUploadMessageFlow.channel#1' has 1 subscriber(s).
2020-04-09 13:19:32.594  INFO 93364 --- [    Test worker] o.s.i.endpoint.EventDrivenConsumer       : started bean 'checkUploadMessageFlow.org.springframework.integration.config.ConsumerEndpointFactoryBean#1'; defined in: 'class path resource [com/corelogic/homevisit/accuservice/AccuServiceConfiguration.class]'; from source: 'bean method checkUploadMessageFlow'
2020-04-09 13:19:32.594  INFO 93364 --- [    Test worker] o.s.i.endpoint.EventDrivenConsumer       : Adding {transformer} as a subscriber to the 'checkUploadMessageFlow.channel#3' channel
2020-04-09 13:19:32.595  INFO 93364 --- [    Test worker] o.s.integration.channel.DirectChannel    : Channel 'application-1.checkUploadMessageFlow.channel#3' has 1 subscriber(s).
2020-04-09 13:19:32.595  INFO 93364 --- [    Test worker] o.s.i.endpoint.EventDrivenConsumer       : started bean 'checkUploadMessageFlow.org.springframework.integration.config.ConsumerEndpointFactoryBean#2'; defined in: 'class path resource [com/corelogic/homevisit/accuservice/AccuServiceConfiguration.class]'; from source: 'bean method checkUploadMessageFlow'
2020-04-09 13:19:32.595  INFO 93364 --- [    Test worker] o.s.i.endpoint.EventDrivenConsumer       : Adding {filter} as a subscriber to the 'checkUploadMessageFlow.channel#4' channel
2020-04-09 13:19:32.595  INFO 93364 --- [    Test worker] o.s.integration.channel.DirectChannel    : Channel 'application-1.checkUploadMessageFlow.channel#4' has 1 subscriber(s).
2020-04-09 13:19:32.595  INFO 93364 --- [    Test worker] o.s.i.endpoint.EventDrivenConsumer       : started bean 'checkUploadMessageFlow.org.springframework.integration.config.ConsumerEndpointFactoryBean#3'; defined in: 'class path resource [com/corelogic/homevisit/accuservice/AccuServiceConfiguration.class]'; from source: 'bean method checkUploadMessageFlow'
2020-04-09 13:19:32.595  INFO 93364 --- [    Test worker] o.s.i.endpoint.EventDrivenConsumer       : Adding {header-enricher} as a subscriber to the 'checkUploadMessageFlow.channel#5' channel
2020-04-09 13:19:32.595  INFO 93364 --- [    Test worker] o.s.integration.channel.DirectChannel    : Channel 'application-1.checkUploadMessageFlow.channel#5' has 1 subscriber(s).
2020-04-09 13:19:32.595  INFO 93364 --- [    Test worker] o.s.i.endpoint.EventDrivenConsumer       : started bean 'checkUploadMessageFlow.org.springframework.integration.config.ConsumerEndpointFactoryBean#4'; defined in: 'class path resource [com/corelogic/homevisit/accuservice/AccuServiceConfiguration.class]'; from source: 'bean method checkUploadMessageFlow'
2020-04-09 13:19:32.595  INFO 93364 --- [    Test worker] o.s.i.endpoint.EventDrivenConsumer       : Adding {bridge} as a subscriber to the 'checkUploadMessageFlow.channel#7' channel
2020-04-09 13:19:32.595  INFO 93364 --- [    Test worker] o.s.integration.channel.DirectChannel    : Channel 'application-1.checkUploadMessageFlow.channel#7' has 1 subscriber(s).
2020-04-09 13:19:32.595  INFO 93364 --- [    Test worker] o.s.i.endpoint.EventDrivenConsumer       : started bean 'checkUploadMessageFlow.org.springframework.integration.config.ConsumerEndpointFactoryBean#5'; defined in: 'class path resource [com/corelogic/homevisit/accuservice/AccuServiceConfiguration.class]'; from source: 'bean method checkUploadMessageFlow'
2020-04-09 13:19:32.595  INFO 93364 --- [    Test worker] o.s.i.endpoint.EventDrivenConsumer       : Adding {header-enricher} as a subscriber to the 'updateQuoteMessageChannel' channel
2020-04-09 13:19:32.595  INFO 93364 --- [    Test worker] o.s.i.channel.PublishSubscribeChannel    : Channel 'application-1.updateQuoteMessageChannel' has 1 subscriber(s).
2020-04-09 13:19:32.595  INFO 93364 --- [    Test worker] o.s.i.endpoint.EventDrivenConsumer       : started bean 'updateQuoteMessageFlow.org.springframework.integration.config.ConsumerEndpointFactoryBean#0'; defined in: 'class path resource [com/corelogic/homevisit/accuservice/AccuServiceConfiguration.class]'; from source: 'bean method updateQuoteMessageFlow'
2020-04-09 13:19:32.595  INFO 93364 --- [    Test worker] o.s.i.endpoint.EventDrivenConsumer       : Adding {transformer} as a subscriber to the 'updateQuoteMessageFlow.channel#0' channel
2020-04-09 13:19:32.595  INFO 93364 --- [    Test worker] o.s.integration.channel.DirectChannel    : Channel 'application-1.updateQuoteMessageFlow.channel#0' has 1 subscriber(s).
2020-04-09 13:19:32.595  INFO 93364 --- [    Test worker] o.s.i.endpoint.EventDrivenConsumer       : started bean 'updateQuoteMessageFlow.org.springframework.integration.config.ConsumerEndpointFactoryBean#1'; defined in: 'class path resource [com/corelogic/homevisit/accuservice/AccuServiceConfiguration.class]'; from source: 'bean method updateQuoteMessageFlow'
2020-04-09 13:19:32.595  INFO 93364 --- [    Test worker] o.s.i.endpoint.EventDrivenConsumer       : Adding {http:outbound-gateway} as a subscriber to the 'updateQuoteMessageFlow.channel#2' channel
2020-04-09 13:19:32.595  INFO 93364 --- [    Test worker] o.s.integration.channel.DirectChannel    : Channel 'application-1.updateQuoteMessageFlow.channel#2' has 1 subscriber(s).
2020-04-09 13:19:32.595  INFO 93364 --- [    Test worker] o.s.i.endpoint.EventDrivenConsumer       : started bean 'updateQuoteMessageFlow.org.springframework.integration.config.ConsumerEndpointFactoryBean#2'; defined in: 'class path resource [com/corelogic/homevisit/accuservice/AccuServiceConfiguration.class]'; from source: 'bean method updateQuoteMessageFlow'
2020-04-09 13:19:32.595  INFO 93364 --- [    Test worker] o.s.i.endpoint.EventDrivenConsumer       : Adding {transformer} as a subscriber to the 'updateQuoteMessageFlow.channel#4' channel
2020-04-09 13:19:32.595  INFO 93364 --- [    Test worker] o.s.integration.channel.DirectChannel    : Channel 'application-1.updateQuoteMessageFlow.channel#4' has 1 subscriber(s).
2020-04-09 13:19:32.595  INFO 93364 --- [    Test worker] o.s.i.endpoint.EventDrivenConsumer       : started bean 'updateQuoteMessageFlow.org.springframework.integration.config.ConsumerEndpointFactoryBean#3'; defined in: 'class path resource [com/corelogic/homevisit/accuservice/AccuServiceConfiguration.class]'; from source: 'bean method updateQuoteMessageFlow'
2020-04-09 13:19:32.595  INFO 93364 --- [    Test worker] o.s.i.endpoint.EventDrivenConsumer       : Adding {header-enricher} as a subscriber to the 'updateQuoteMessageFlow.channel#5' channel
2020-04-09 13:19:32.595  INFO 93364 --- [    Test worker] o.s.integration.channel.DirectChannel    : Channel 'application-1.updateQuoteMessageFlow.channel#5' has 1 subscriber(s).
2020-04-09 13:19:32.595  INFO 93364 --- [    Test worker] o.s.i.endpoint.EventDrivenConsumer       : started bean 'updateQuoteMessageFlow.org.springframework.integration.config.ConsumerEndpointFactoryBean#4'; defined in: 'class path resource [com/corelogic/homevisit/accuservice/AccuServiceConfiguration.class]'; from source: 'bean method updateQuoteMessageFlow'
2020-04-09 13:19:32.595  INFO 93364 --- [    Test worker] o.s.i.endpoint.EventDrivenConsumer       : Adding {bridge} as a subscriber to the 'updateQuoteMessageFlow.channel#7' channel
2020-04-09 13:19:32.595  INFO 93364 --- [    Test worker] o.s.integration.channel.DirectChannel    : Channel 'application-1.updateQuoteMessageFlow.channel#7' has 1 subscriber(s).
2020-04-09 13:19:32.595  INFO 93364 --- [    Test worker] o.s.i.endpoint.EventDrivenConsumer       : started bean 'updateQuoteMessageFlow.org.springframework.integration.config.ConsumerEndpointFactoryBean#5'; defined in: 'class path resource [com/corelogic/homevisit/accuservice/AccuServiceConfiguration.class]'; from source: 'bean method updateQuoteMessageFlow'
2020-04-09 13:19:32.595  INFO 93364 --- [    Test worker] o.s.i.endpoint.EventDrivenConsumer       : Adding {header-enricher} as a subscriber to the 'printRequestCsvJobMessageChannel' channel
2020-04-09 13:19:32.595  INFO 93364 --- [    Test worker] o.s.i.channel.PublishSubscribeChannel    : Channel 'application-1.printRequestCsvJobMessageChannel' has 1 subscriber(s).
2020-04-09 13:19:32.595  INFO 93364 --- [    Test worker] o.s.i.endpoint.EventDrivenConsumer       : started bean 'printRequestCsvJobMessageFlow.org.springframework.integration.config.ConsumerEndpointFactoryBean#0'; defined in: 'class path resource [com/corelogic/homevisit/accuservice/AccuServiceConfiguration.class]'; from source: 'bean method printRequestCsvJobMessageFlow'
2020-04-09 13:19:32.595  INFO 93364 --- [    Test worker] o.s.i.endpoint.EventDrivenConsumer       : Adding {http:outbound-gateway} as a subscriber to the 'printRequestCsvJobMessageFlow.channel#1' channel
2020-04-09 13:19:32.595  INFO 93364 --- [    Test worker] o.s.integration.channel.DirectChannel    : Channel 'application-1.printRequestCsvJobMessageFlow.channel#1' has 1 subscriber(s).
2020-04-09 13:19:32.595  INFO 93364 --- [    Test worker] o.s.i.endpoint.EventDrivenConsumer       : started bean 'printRequestCsvJobMessageFlow.org.springframework.integration.config.ConsumerEndpointFactoryBean#1'; defined in: 'class path resource [com/corelogic/homevisit/accuservice/AccuServiceConfiguration.class]'; from source: 'bean method printRequestCsvJobMessageFlow'
2020-04-09 13:19:32.595  INFO 93364 --- [    Test worker] o.s.i.endpoint.EventDrivenConsumer       : Adding {transformer} as a subscriber to the 'printRequestCsvJobMessageFlow.channel#3' channel
2020-04-09 13:19:32.595  INFO 93364 --- [    Test worker] o.s.integration.channel.DirectChannel    : Channel 'application-1.printRequestCsvJobMessageFlow.channel#3' has 1 subscriber(s).
2020-04-09 13:19:32.595  INFO 93364 --- [    Test worker] o.s.i.endpoint.EventDrivenConsumer       : started bean 'printRequestCsvJobMessageFlow.org.springframework.integration.config.ConsumerEndpointFactoryBean#2'; defined in: 'class path resource [com/corelogic/homevisit/accuservice/AccuServiceConfiguration.class]'; from source: 'bean method printRequestCsvJobMessageFlow'
2020-04-09 13:19:32.596  INFO 93364 --- [    Test worker] o.s.i.endpoint.EventDrivenConsumer       : Adding {filter} as a subscriber to the 'printRequestCsvJobMessageFlow.channel#4' channel
2020-04-09 13:19:32.596  INFO 93364 --- [    Test worker] o.s.integration.channel.DirectChannel    : Channel 'application-1.printRequestCsvJobMessageFlow.channel#4' has 1 subscriber(s).
2020-04-09 13:19:32.596  INFO 93364 --- [    Test worker] o.s.i.endpoint.EventDrivenConsumer       : started bean 'printRequestCsvJobMessageFlow.org.springframework.integration.config.ConsumerEndpointFactoryBean#3'; defined in: 'class path resource [com/corelogic/homevisit/accuservice/AccuServiceConfiguration.class]'; from source: 'bean method printRequestCsvJobMessageFlow'
2020-04-09 13:19:32.596  INFO 93364 --- [    Test worker] o.s.i.endpoint.EventDrivenConsumer       : Adding {http:outbound-gateway} as a subscriber to the 'printRequestCsvJobMessageFlow.channel#5' channel
2020-04-09 13:19:32.596  INFO 93364 --- [    Test worker] o.s.integration.channel.DirectChannel    : Channel 'application-1.printRequestCsvJobMessageFlow.channel#5' has 1 subscriber(s).
2020-04-09 13:19:32.596  INFO 93364 --- [    Test worker] o.s.i.endpoint.EventDrivenConsumer       : started bean 'printRequestCsvJobMessageFlow.org.springframework.integration.config.ConsumerEndpointFactoryBean#4'; defined in: 'class path resource [com/corelogic/homevisit/accuservice/AccuServiceConfiguration.class]'; from source: 'bean method printRequestCsvJobMessageFlow'
2020-04-09 13:19:32.596  INFO 93364 --- [    Test worker] o.s.i.endpoint.EventDrivenConsumer       : Adding {transformer} as a subscriber to the 'printRequestCsvJobMessageFlow.channel#7' channel
2020-04-09 13:19:32.596  INFO 93364 --- [    Test worker] o.s.integration.channel.DirectChannel    : Channel 'application-1.printRequestCsvJobMessageFlow.channel#7' has 1 subscriber(s).
2020-04-09 13:19:32.596  INFO 93364 --- [    Test worker] o.s.i.endpoint.EventDrivenConsumer       : started bean 'printRequestCsvJobMessageFlow.org.springframework.integration.config.ConsumerEndpointFactoryBean#5'; defined in: 'class path resource [com/corelogic/homevisit/accuservice/AccuServiceConfiguration.class]'; from source: 'bean method printRequestCsvJobMessageFlow'
2020-04-09 13:19:32.596  INFO 93364 --- [    Test worker] o.s.i.endpoint.EventDrivenConsumer       : Adding {filter} as a subscriber to the 'printRequestCsvJobMessageFlow.channel#8' channel
2020-04-09 13:19:32.596  INFO 93364 --- [    Test worker] o.s.integration.channel.DirectChannel    : Channel 'application-1.printRequestCsvJobMessageFlow.channel#8' has 1 subscriber(s).
2020-04-09 13:19:32.596  INFO 93364 --- [    Test worker] o.s.i.endpoint.EventDrivenConsumer       : started bean 'printRequestCsvJobMessageFlow.org.springframework.integration.config.ConsumerEndpointFactoryBean#6'; defined in: 'class path resource [com/corelogic/homevisit/accuservice/AccuServiceConfiguration.class]'; from source: 'bean method printRequestCsvJobMessageFlow'
2020-04-09 13:19:32.596  INFO 93364 --- [    Test worker] o.s.i.endpoint.EventDrivenConsumer       : Adding {header-enricher} as a subscriber to the 'printRequestCsvJobMessageFlow.channel#9' channel
2020-04-09 13:19:32.596  INFO 93364 --- [    Test worker] o.s.integration.channel.DirectChannel    : Channel 'application-1.printRequestCsvJobMessageFlow.channel#9' has 1 subscriber(s).
2020-04-09 13:19:32.596  INFO 93364 --- [    Test worker] o.s.i.endpoint.EventDrivenConsumer       : started bean 'printRequestCsvJobMessageFlow.org.springframework.integration.config.ConsumerEndpointFactoryBean#7'; defined in: 'class path resource [com/corelogic/homevisit/accuservice/AccuServiceConfiguration.class]'; from source: 'bean method printRequestCsvJobMessageFlow'
2020-04-09 13:19:32.596  INFO 93364 --- [    Test worker] o.s.i.endpoint.EventDrivenConsumer       : Adding {bridge} as a subscriber to the 'printRequestCsvJobMessageFlow.channel#11' channel
2020-04-09 13:19:32.596  INFO 93364 --- [    Test worker] o.s.integration.channel.DirectChannel    : Channel 'application-1.printRequestCsvJobMessageFlow.channel#11' has 1 subscriber(s).
2020-04-09 13:19:32.596  INFO 93364 --- [    Test worker] o.s.i.endpoint.EventDrivenConsumer       : started bean 'printRequestCsvJobMessageFlow.org.springframework.integration.config.ConsumerEndpointFactoryBean#8'; defined in: 'class path resource [com/corelogic/homevisit/accuservice/AccuServiceConfiguration.class]'; from source: 'bean method printRequestCsvJobMessageFlow'
2020-04-09 13:19:32.596  INFO 93364 --- [    Test worker] o.s.i.endpoint.EventDrivenConsumer       : Adding {header-enricher} as a subscriber to the 'printRequestQuoteMessageChannel' channel
2020-04-09 13:19:32.596  INFO 93364 --- [    Test worker] o.s.i.channel.PublishSubscribeChannel    : Channel 'application-1.printRequestQuoteMessageChannel' has 1 subscriber(s).
2020-04-09 13:19:32.596  INFO 93364 --- [    Test worker] o.s.i.endpoint.EventDrivenConsumer       : started bean 'printRequestQuoteMessageFlow.org.springframework.integration.config.ConsumerEndpointFactoryBean#0'; defined in: 'class path resource [com/corelogic/homevisit/accuservice/AccuServiceConfiguration.class]'; from source: 'bean method printRequestQuoteMessageFlow'
2020-04-09 13:19:32.596  INFO 93364 --- [    Test worker] o.s.i.endpoint.EventDrivenConsumer       : Adding {http:outbound-gateway} as a subscriber to the 'printRequestQuoteMessageFlow.channel#1' channel
2020-04-09 13:19:32.596  INFO 93364 --- [    Test worker] o.s.integration.channel.DirectChannel    : Channel 'application-1.printRequestQuoteMessageFlow.channel#1' has 1 subscriber(s).
2020-04-09 13:19:32.596  INFO 93364 --- [    Test worker] o.s.i.endpoint.EventDrivenConsumer       : started bean 'printRequestQuoteMessageFlow.org.springframework.integration.config.ConsumerEndpointFactoryBean#1'; defined in: 'class path resource [com/corelogic/homevisit/accuservice/AccuServiceConfiguration.class]'; from source: 'bean method printRequestQuoteMessageFlow'
2020-04-09 13:19:32.596  INFO 93364 --- [    Test worker] o.s.i.endpoint.EventDrivenConsumer       : Adding {transformer} as a subscriber to the 'printRequestQuoteMessageFlow.channel#3' channel
2020-04-09 13:19:32.596  INFO 93364 --- [    Test worker] o.s.integration.channel.DirectChannel    : Channel 'application-1.printRequestQuoteMessageFlow.channel#3' has 1 subscriber(s).
2020-04-09 13:19:32.596  INFO 93364 --- [    Test worker] o.s.i.endpoint.EventDrivenConsumer       : started bean 'printRequestQuoteMessageFlow.org.springframework.integration.config.ConsumerEndpointFactoryBean#2'; defined in: 'class path resource [com/corelogic/homevisit/accuservice/AccuServiceConfiguration.class]'; from source: 'bean method printRequestQuoteMessageFlow'
2020-04-09 13:19:32.596  INFO 93364 --- [    Test worker] o.s.i.endpoint.EventDrivenConsumer       : Adding {filter} as a subscriber to the 'printRequestQuoteMessageFlow.channel#4' channel
2020-04-09 13:19:32.596  INFO 93364 --- [    Test worker] o.s.integration.channel.DirectChannel    : Channel 'application-1.printRequestQuoteMessageFlow.channel#4' has 1 subscriber(s).
2020-04-09 13:19:32.596  INFO 93364 --- [    Test worker] o.s.i.endpoint.EventDrivenConsumer       : started bean 'printRequestQuoteMessageFlow.org.springframework.integration.config.ConsumerEndpointFactoryBean#3'; defined in: 'class path resource [com/corelogic/homevisit/accuservice/AccuServiceConfiguration.class]'; from source: 'bean method printRequestQuoteMessageFlow'
2020-04-09 13:19:32.596  INFO 93364 --- [    Test worker] o.s.i.endpoint.EventDrivenConsumer       : Adding {header-enricher} as a subscriber to the 'printRequestQuoteMessageFlow.channel#5' channel
2020-04-09 13:19:32.596  INFO 93364 --- [    Test worker] o.s.integration.channel.DirectChannel    : Channel 'application-1.printRequestQuoteMessageFlow.channel#5' has 1 subscriber(s).
2020-04-09 13:19:32.597  INFO 93364 --- [    Test worker] o.s.i.endpoint.EventDrivenConsumer       : started bean 'printRequestQuoteMessageFlow.org.springframework.integration.config.ConsumerEndpointFactoryBean#4'; defined in: 'class path resource [com/corelogic/homevisit/accuservice/AccuServiceConfiguration.class]'; from source: 'bean method printRequestQuoteMessageFlow'
2020-04-09 13:19:32.597  INFO 93364 --- [    Test worker] o.s.i.endpoint.EventDrivenConsumer       : Adding {bridge} as a subscriber to the 'printRequestQuoteMessageFlow.channel#7' channel
2020-04-09 13:19:32.597  INFO 93364 --- [    Test worker] o.s.integration.channel.DirectChannel    : Channel 'application-1.printRequestQuoteMessageFlow.channel#7' has 1 subscriber(s).
2020-04-09 13:19:32.597  INFO 93364 --- [    Test worker] o.s.i.endpoint.EventDrivenConsumer       : started bean 'printRequestQuoteMessageFlow.org.springframework.integration.config.ConsumerEndpointFactoryBean#5'; defined in: 'class path resource [com/corelogic/homevisit/accuservice/AccuServiceConfiguration.class]'; from source: 'bean method printRequestQuoteMessageFlow'
2020-04-09 13:19:32.597  INFO 93364 --- [    Test worker] o.s.i.endpoint.EventDrivenConsumer       : Adding {header-enricher} as a subscriber to the 'printRequestReadyMessageChannel' channel
2020-04-09 13:19:32.597  INFO 93364 --- [    Test worker] o.s.i.channel.PublishSubscribeChannel    : Channel 'application-1.printRequestReadyMessageChannel' has 1 subscriber(s).
2020-04-09 13:19:32.597  INFO 93364 --- [    Test worker] o.s.i.endpoint.EventDrivenConsumer       : started bean 'printRequestReadyMessageFlow.org.springframework.integration.config.ConsumerEndpointFactoryBean#0'; defined in: 'class path resource [com/corelogic/homevisit/accuservice/AccuServiceConfiguration.class]'; from source: 'bean method printRequestReadyMessageFlow'
2020-04-09 13:19:32.597  INFO 93364 --- [    Test worker] o.s.i.endpoint.EventDrivenConsumer       : Adding {jdbc:outbound-gateway} as a subscriber to the 'printRequestReadyMessageFlow.channel#1' channel
2020-04-09 13:19:32.597  INFO 93364 --- [    Test worker] o.s.integration.channel.DirectChannel    : Channel 'application-1.printRequestReadyMessageFlow.channel#1' has 1 subscriber(s).
2020-04-09 13:19:32.597  INFO 93364 --- [    Test worker] o.s.i.endpoint.EventDrivenConsumer       : started bean 'printRequestReadyMessageFlow.org.springframework.integration.config.ConsumerEndpointFactoryBean#1'; defined in: 'class path resource [com/corelogic/homevisit/accuservice/AccuServiceConfiguration.class]'; from source: 'bean method printRequestReadyMessageFlow'
2020-04-09 13:19:32.597  INFO 93364 --- [    Test worker] o.s.i.endpoint.EventDrivenConsumer       : Adding {http:outbound-gateway} as a subscriber to the 'printRequestReadyMessageFlow.channel#3' channel
2020-04-09 13:19:32.597  INFO 93364 --- [    Test worker] o.s.integration.channel.DirectChannel    : Channel 'application-1.printRequestReadyMessageFlow.channel#3' has 1 subscriber(s).
2020-04-09 13:19:32.597  INFO 93364 --- [    Test worker] o.s.i.endpoint.EventDrivenConsumer       : started bean 'printRequestReadyMessageFlow.org.springframework.integration.config.ConsumerEndpointFactoryBean#2'; defined in: 'class path resource [com/corelogic/homevisit/accuservice/AccuServiceConfiguration.class]'; from source: 'bean method printRequestReadyMessageFlow'
2020-04-09 13:19:32.597  INFO 93364 --- [    Test worker] o.s.i.endpoint.EventDrivenConsumer       : Adding {transformer} as a subscriber to the 'printRequestReadyMessageFlow.channel#5' channel
2020-04-09 13:19:32.597  INFO 93364 --- [    Test worker] o.s.integration.channel.DirectChannel    : Channel 'application-1.printRequestReadyMessageFlow.channel#5' has 1 subscriber(s).
2020-04-09 13:19:32.597  INFO 93364 --- [    Test worker] o.s.i.endpoint.EventDrivenConsumer       : started bean 'printRequestReadyMessageFlow.org.springframework.integration.config.ConsumerEndpointFactoryBean#3'; defined in: 'class path resource [com/corelogic/homevisit/accuservice/AccuServiceConfiguration.class]'; from source: 'bean method printRequestReadyMessageFlow'
2020-04-09 13:19:32.597  INFO 93364 --- [    Test worker] o.s.i.endpoint.EventDrivenConsumer       : Adding {jdbc:outbound-gateway} as a subscriber to the 'printRequestReadyMessageFlow.channel#7' channel
2020-04-09 13:19:32.597  INFO 93364 --- [    Test worker] o.s.integration.channel.DirectChannel    : Channel 'application-1.printRequestReadyMessageFlow.channel#7' has 1 subscriber(s).
2020-04-09 13:19:32.597  INFO 93364 --- [    Test worker] o.s.i.endpoint.EventDrivenConsumer       : started bean 'printRequestReadyMessageFlow.org.springframework.integration.config.ConsumerEndpointFactoryBean#4'; defined in: 'class path resource [com/corelogic/homevisit/accuservice/AccuServiceConfiguration.class]'; from source: 'bean method printRequestReadyMessageFlow'
2020-04-09 13:19:32.597  INFO 93364 --- [    Test worker] o.s.i.endpoint.EventDrivenConsumer       : Adding {header-enricher} as a subscriber to the 'printRequestReadyMessageFlow.channel#9' channel
2020-04-09 13:19:32.597  INFO 93364 --- [    Test worker] o.s.integration.channel.DirectChannel    : Channel 'application-1.printRequestReadyMessageFlow.channel#9' has 1 subscriber(s).
2020-04-09 13:19:32.597  INFO 93364 --- [    Test worker] o.s.i.endpoint.EventDrivenConsumer       : started bean 'printRequestReadyMessageFlow.org.springframework.integration.config.ConsumerEndpointFactoryBean#5'; defined in: 'class path resource [com/corelogic/homevisit/accuservice/AccuServiceConfiguration.class]'; from source: 'bean method printRequestReadyMessageFlow'
2020-04-09 13:19:32.597  INFO 93364 --- [    Test worker] o.s.i.endpoint.EventDrivenConsumer       : Adding {bridge} as a subscriber to the 'printRequestReadyMessageFlow.channel#11' channel
2020-04-09 13:19:32.597  INFO 93364 --- [    Test worker] o.s.integration.channel.DirectChannel    : Channel 'application-1.printRequestReadyMessageFlow.channel#11' has 1 subscriber(s).
2020-04-09 13:19:32.597  INFO 93364 --- [    Test worker] o.s.i.endpoint.EventDrivenConsumer       : started bean 'printRequestReadyMessageFlow.org.springframework.integration.config.ConsumerEndpointFactoryBean#6'; defined in: 'class path resource [com/corelogic/homevisit/accuservice/AccuServiceConfiguration.class]'; from source: 'bean method printRequestReadyMessageFlow'
2020-04-09 13:19:32.597  INFO 93364 --- [    Test worker] o.s.i.endpoint.EventDrivenConsumer       : Adding {http:outbound-gateway} as a subscriber to the 'accountInfo.channel#1' channel
2020-04-09 13:19:32.597  INFO 93364 --- [    Test worker] o.s.integration.channel.DirectChannel    : Channel 'application-1.accountInfo.channel#1' has 1 subscriber(s).
2020-04-09 13:19:32.597  INFO 93364 --- [    Test worker] o.s.i.endpoint.EventDrivenConsumer       : started bean 'accountInfo.org.springframework.integration.config.ConsumerEndpointFactoryBean#0'; defined in: 'class path resource [com/corelogic/homevisit/accuservice/AccuServiceConfiguration.class]'; from source: 'bean method accountInfo'
2020-04-09 13:19:32.598  INFO 93364 --- [    Test worker] o.s.i.endpoint.EventDrivenConsumer       : Adding {bridge} as a subscriber to the 'accountInfo.channel#3' channel
2020-04-09 13:19:32.598  INFO 93364 --- [    Test worker] o.s.integration.channel.DirectChannel    : Channel 'application-1.accountInfo.channel#3' has 1 subscriber(s).
2020-04-09 13:19:32.598  INFO 93364 --- [    Test worker] o.s.i.endpoint.EventDrivenConsumer       : started bean 'accountInfo.org.springframework.integration.config.ConsumerEndpointFactoryBean#1'; defined in: 'class path resource [com/corelogic/homevisit/accuservice/AccuServiceConfiguration.class]'; from source: 'bean method accountInfo'
2020-04-09 13:19:32.598  INFO 93364 --- [    Test worker] o.s.i.endpoint.EventDrivenConsumer       : Adding {message-handler:accuConnectConfiguration.updateSecurityToken.serviceActivator} as a subscriber to the 'toUpdateSecurityToken' channel
2020-04-09 13:19:32.598  INFO 93364 --- [    Test worker] o.s.i.channel.PublishSubscribeChannel    : Channel 'application-1.toUpdateSecurityToken' has 1 subscriber(s).
2020-04-09 13:19:32.598  INFO 93364 --- [    Test worker] o.s.i.endpoint.EventDrivenConsumer       : started bean 'accuConnectConfiguration.updateSecurityToken.serviceActivator'
2020-04-09 13:19:32.598  INFO 93364 --- [    Test worker] o.s.i.endpoint.EventDrivenConsumer       : Adding {message-handler:accuConnectConfiguration.updatePrintJobRequestStatus.serviceActivator} as a subscriber to the 'toUpdatePrintJobRequestStatus' channel
2020-04-09 13:19:32.598  INFO 93364 --- [    Test worker] o.s.i.channel.PublishSubscribeChannel    : Channel 'application-1.toUpdatePrintJobRequestStatus' has 1 subscriber(s).
2020-04-09 13:19:32.598  INFO 93364 --- [    Test worker] o.s.i.endpoint.EventDrivenConsumer       : started bean 'accuConnectConfiguration.updatePrintJobRequestStatus.serviceActivator'
2020-04-09 13:19:32.598  INFO 93364 --- [    Test worker] o.s.i.endpoint.EventDrivenConsumer       : Adding {message-handler:accuServiceConfiguration.updatePrintRequestStatusCounter.serviceActivator} as a subscriber to the 'toUpdatePrintRequestStatusCounter' channel
2020-04-09 13:19:32.598  INFO 93364 --- [    Test worker] o.s.i.channel.PublishSubscribeChannel    : Channel 'application-1.toUpdatePrintRequestStatusCounter' has 1 subscriber(s).
2020-04-09 13:19:32.598  INFO 93364 --- [    Test worker] o.s.i.endpoint.EventDrivenConsumer       : started bean 'accuServiceConfiguration.updatePrintRequestStatusCounter.serviceActivator'
2020-04-09 13:19:32.598  INFO 93364 --- [    Test worker] o.s.i.endpoint.EventDrivenConsumer       : Adding {message-handler:accuServiceConfiguration.updatePrintRequestStatus.serviceActivator} as a subscriber to the 'toUpdatePrintRequestStatus' channel
2020-04-09 13:19:32.598  INFO 93364 --- [    Test worker] o.s.i.channel.PublishSubscribeChannel    : Channel 'application-1.toUpdatePrintRequestStatus' has 1 subscriber(s).
2020-04-09 13:19:32.598  INFO 93364 --- [    Test worker] o.s.i.endpoint.EventDrivenConsumer       : started bean 'accuServiceConfiguration.updatePrintRequestStatus.serviceActivator'
2020-04-09 13:19:32.598  INFO 93364 --- [    Test worker] .h.i.HttpRequestHandlingMessagingGateway : started bean 'inboundSuccessCallbackFlow.http:inbound-channel-adapter#0'; defined in: 'class path resource [com/corelogic/homevisit/accuservice/AccuConnectConfiguration.class]'; from source: 'bean method inboundSuccessCallbackFlow'
2020-04-09 13:19:32.599  INFO 93364 --- [    Test worker] o.s.i.e.SourcePollingChannelAdapter      : started bean 'accountInfo.org.springframework.integration.config.SourcePollingChannelAdapterFactoryBean#0'; defined in: 'class path resource [com/corelogic/homevisit/accuservice/AccuServiceConfiguration.class]'; from source: 'bean method accountInfo'
2020-04-09 13:19:32.599  INFO 93364 --- [    Test worker] o.s.s.quartz.SchedulerFactoryBean        : Starting Quartz Scheduler now
2020-04-09 13:19:32.599  INFO 93364 --- [    Test worker] org.quartz.core.QuartzScheduler          : Scheduler quartzScheduler_$_NON_CLUSTERED started.
2020-04-09 13:19:32.906  INFO 93364 --- [    Test worker] o.s.b.w.embedded.tomcat.TomcatWebServer  : Tomcat started on port(s): 18443 (https) 18087 (http) with context path ''
2020-04-09 13:19:32.908  INFO 93364 --- [    Test worker] c.c.h.a.AccuConnectConfigurationTest     : Started AccuConnectConfigurationTest in 3.149 seconds (JVM running for 19.869)
2020-04-09 13:19:32.919  INFO 93364 --- [    Test worker] org.quartz.core.QuartzScheduler          : Scheduler quartzScheduler_$_NON_CLUSTERED paused.
2020-04-09 13:19:32.920  INFO 93364 --- [    Test worker] o.s.i.e.SourcePollingChannelAdapter      : stopped bean 'accountInfo.org.springframework.integration.config.SourcePollingChannelAdapterFactoryBean#0'; defined in: 'class path resource [com/corelogic/homevisit/accuservice/AccuServiceConfiguration.class]'; from source: 'bean method accountInfo'
2020-04-09 13:19:32.920  INFO 93364 --- [    Test worker] o.s.i.endpoint.EventDrivenConsumer       : Removing {bridge} as a subscriber to the 'toEnrichWithVerifiedAddresses' channel
2020-04-09 13:19:32.920  INFO 93364 --- [    Test worker] o.s.i.channel.PublishSubscribeChannel    : Channel 'application-1.toEnrichWithVerifiedAddresses' has 0 subscriber(s).
2020-04-09 13:19:32.920  INFO 93364 --- [    Test worker] o.s.i.endpoint.EventDrivenConsumer       : stopped bean 'enrichWithVerifiedAddressesFlow.org.springframework.integration.config.ConsumerEndpointFactoryBean#0'; defined in: 'class path resource [com/corelogic/homevisit/accuservice/AccuConnectConfiguration.class]'; from source: 'bean method enrichWithVerifiedAddressesFlow'
2020-04-09 13:19:32.920  INFO 93364 --- [    Test worker] o.s.i.endpoint.EventDrivenConsumer       : Removing {header-enricher} as a subscriber to the 'enrichWithVerifiedAddressesFlow.channel#1' channel
2020-04-09 13:19:32.920  INFO 93364 --- [    Test worker] o.s.integration.channel.DirectChannel    : Channel 'application-1.enrichWithVerifiedAddressesFlow.channel#1' has 0 subscriber(s).
[...]
2020-04-09 13:19:32.924  INFO 93364 --- [    Test worker] o.s.i.endpoint.EventDrivenConsumer       : Removing {transformer} as a subscriber to the 'printRequestCsvJobMessageFlow.channel#7' channel
2020-04-09 13:19:32.924  INFO 93364 --- [    Test worker] o.s.integration.channel.DirectChannel    : Channel 'application-1.printRequestCsvJobMessageFlow.channel#7' has 0 subscriber(s).
2020-04-09 13:19:32.924  INFO 93364 --- [    Test worker] o.s.i.endpoint.EventDrivenConsumer       : stopped bean 'printRequestCsvJobMessageFlow.org.springframework.integration.config.ConsumerEndpointFactoryBean#5'; defined in: 'class path resource [com/corelogic/homevisit/accuservice/AccuServiceConfiguration.class]'; from source: 'bean method printRequestCsvJobMessageFlow'
2020-04-09 13:19:32.924  INFO 93364 --- [    Test worker] o.s.i.endpoint.EventDrivenConsumer       : Removing {filter} as a subscriber to the 'printRequestCsvJobMessageFlow.channel#8' channel
2020-04-09 13:19:32.924  INFO 93364 --- [    Test worker] o.s.integration.channel.DirectChannel    : Channel 'application-1.printRequestCsvJobMessageFlow.channel#8' has 0 subscriber(s).
2020-04-09 13:19:32.924  INFO 93364 --- [    Test worker] o.s.i.endpoint.EventDrivenConsumer       : stopped bean 'printRequestCsvJobMessageFlow.org.springframework.integration.config.ConsumerEndpointFactoryBean#6'; defined in: 'class path resource [com/corelogic/homevisit/accuservice/AccuServiceConfiguration.class]'; from source: 'bean method printRequestCsvJobMessageFlow'
2020-04-09 13:19:32.924  INFO 93364 --- [    Test worker] o.s.i.endpoint.EventDrivenConsumer       : Removing {header-enricher} as a subscriber to the 'printRequestCsvJobMessageFlow.channel#9' channel
2020-04-09 13:19:32.924  INFO 93364 --- [    Test worker] o.s.integration.channel.DirectChannel    : Channel 'application-1.printRequestCsvJobMessageFlow.channel#9' has 0 subscriber(s).
2020-04-09 13:19:32.924  INFO 93364 --- [    Test worker] o.s.i.endpoint.EventDrivenConsumer       : stopped bean 'printRequestCsvJobMessageFlow.org.springframework.integration.config.ConsumerEndpointFactoryBean#7'; defined in: 'class path resource [com/corelogic/homevisit/accuservice/AccuServiceConfiguration.class]'; from source: 'bean method printRequestCsvJobMessageFlow'
2020-04-09 13:19:32.924  INFO 93364 --- [    Test worker] o.s.i.endpoint.EventDrivenConsumer       : Removing {bridge} as a subscriber to the 'printRequestCsvJobMessageFlow.channel#11' channel
2020-04-09 13:19:32.924  INFO 93364 --- [    Test worker] o.s.integration.channel.DirectChannel    : Channel 'application-1.printRequestCsvJobMessageFlow.channel#11' has 0 subscriber(s).
2020-04-09 13:19:32.924  INFO 93364 --- [    Test worker] o.s.i.endpoint.EventDrivenConsumer       : stopped bean 'printRequestCsvJobMessageFlow.org.springframework.integration.config.ConsumerEndpointFactoryBean#8'; defined in: 'class path resource [com/corelogic/homevisit/accuservice/AccuServiceConfiguration.class]'; from source: 'bean method printRequestCsvJobMessageFlow'
2020-04-09 13:19:32.924  INFO 93364 --- [    Test worker] o.s.i.endpoint.EventDrivenConsumer       : Removing {header-enricher} as a subscriber to the 'printRequestQuoteMessageChannel' channel
2020-04-09 13:19:32.924  INFO 93364 --- [    Test worker] o.s.i.channel.PublishSubscribeChannel    : Channel 'application-1.printRequestQuoteMessageChannel' has 0 subscriber(s).
2020-04-09 13:19:32.924  INFO 93364 --- [    Test worker] o.s.i.endpoint.EventDrivenConsumer       : stopped bean 'printRequestQuoteMessageFlow.org.springframework.integration.config.ConsumerEndpointFactoryBean#0'; defined in: 'class path resource [com/corelogic/homevisit/accuservice/AccuServiceConfiguration.class]'; from source: 'bean method printRequestQuoteMessageFlow'
2020-04-09 13:19:32.924  INFO 93364 --- [    Test worker] o.s.i.endpoint.EventDrivenConsumer       : Removing {http:outbound-gateway} as a subscriber to the 'printRequestQuoteMessageFlow.channel#1' channel
2020-04-09 13:19:32.924  INFO 93364 --- [    Test worker] o.s.integration.channel.DirectChannel    : Channel 'application-1.printRequestQuoteMessageFlow.channel#1' has 0 subscriber(s).
2020-04-09 13:19:32.924  INFO 93364 --- [    Test worker] o.s.i.endpoint.EventDrivenConsumer       : stopped bean 'printRequestQuoteMessageFlow.org.springframework.integration.config.ConsumerEndpointFactoryBean#1'; defined in: 'class path resource [com/corelogic/homevisit/accuservice/AccuServiceConfiguration.class]'; from source: 'bean method printRequestQuoteMessageFlow'
2020-04-09 13:19:32.924  INFO 93364 --- [    Test worker] o.s.i.endpoint.EventDrivenConsumer       : Removing {transformer} as a subscriber to the 'printRequestQuoteMessageFlow.channel#3' channel
2020-04-09 13:19:32.924  INFO 93364 --- [    Test worker] o.s.integration.channel.DirectChannel    : Channel 'application-1.printRequestQuoteMessageFlow.channel#3' has 0 subscriber(s).
2020-04-09 13:19:32.924  INFO 93364 --- [    Test worker] o.s.i.endpoint.EventDrivenConsumer       : stopped bean 'printRequestQuoteMessageFlow.org.springframework.integration.config.ConsumerEndpointFactoryBean#2'; defined in: 'class path resource [com/corelogic/homevisit/accuservice/AccuServiceConfiguration.class]'; from source: 'bean method printRequestQuoteMessageFlow'
2020-04-09 13:19:32.924  INFO 93364 --- [    Test worker] o.s.i.endpoint.EventDrivenConsumer       : Removing {filter} as a subscriber to the 'printRequestQuoteMessageFlow.channel#4' channel
2020-04-09 13:19:32.924  INFO 93364 --- [    Test worker] o.s.integration.channel.DirectChannel    : Channel 'application-1.printRequestQuoteMessageFlow.channel#4' has 0 subscriber(s).
2020-04-09 13:19:32.924  INFO 93364 --- [    Test worker] o.s.i.endpoint.EventDrivenConsumer       : stopped bean 'printRequestQuoteMessageFlow.org.springframework.integration.config.ConsumerEndpointFactoryBean#3'; defined in: 'class path resource [com/corelogic/homevisit/accuservice/AccuServiceConfiguration.class]'; from source: 'bean method printRequestQuoteMessageFlow'
2020-04-09 13:19:32.924  INFO 93364 --- [    Test worker] o.s.i.endpoint.EventDrivenConsumer       : Removing {header-enricher} as a subscriber to the 'printRequestQuoteMessageFlow.channel#5' channel
2020-04-09 13:19:32.924  INFO 93364 --- [    Test worker] o.s.integration.channel.DirectChannel    : Channel 'application-1.printRequestQuoteMessageFlow.channel#5' has 0 subscriber(s).
2020-04-09 13:19:32.924  INFO 93364 --- [    Test worker] o.s.i.endpoint.EventDrivenConsumer       : stopped bean 'printRequestQuoteMessageFlow.org.springframework.integration.config.ConsumerEndpointFactoryBean#4'; defined in: 'class path resource [com/corelogic/homevisit/accuservice/AccuServiceConfiguration.class]'; from source: 'bean method printRequestQuoteMessageFlow'
2020-04-09 13:19:32.924  INFO 93364 --- [    Test worker] o.s.i.endpoint.EventDrivenConsumer       : Removing {bridge} as a subscriber to the 'printRequestQuoteMessageFlow.channel#7' channel
2020-04-09 13:19:32.924  INFO 93364 --- [    Test worker] o.s.integration.channel.DirectChannel    : Channel 'application-1.printRequestQuoteMessageFlow.channel#7' has 0 subscriber(s).
2020-04-09 13:19:32.924  INFO 93364 --- [    Test worker] o.s.i.endpoint.EventDrivenConsumer       : stopped bean 'printRequestQuoteMessageFlow.org.springframework.integration.config.ConsumerEndpointFactoryBean#5'; defined in: 'class path resource [com/corelogic/homevisit/accuservice/AccuServiceConfiguration.class]'; from source: 'bean method printRequestQuoteMessageFlow'
2020-04-09 13:19:32.925  INFO 93364 --- [    Test worker] o.s.i.endpoint.EventDrivenConsumer       : Removing {header-enricher} as a subscriber to the 'printRequestReadyMessageChannel' channel
2020-04-09 13:19:32.925  INFO 93364 --- [    Test worker] o.s.i.channel.PublishSubscribeChannel    : Channel 'application-1.printRequestReadyMessageChannel' has 0 subscriber(s).
2020-04-09 13:19:32.925  INFO 93364 --- [    Test worker] o.s.i.endpoint.EventDrivenConsumer       : stopped bean 'printRequestReadyMessageFlow.org.springframework.integration.config.ConsumerEndpointFactoryBean#0'; defined in: 'class path resource [com/corelogic/homevisit/accuservice/AccuServiceConfiguration.class]'; from source: 'bean method printRequestReadyMessageFlow'
2020-04-09 13:19:32.925  INFO 93364 --- [    Test worker] o.s.i.endpoint.EventDrivenConsumer       : Removing {jdbc:outbound-gateway} as a subscriber to the 'printRequestReadyMessageFlow.channel#1' channel
2020-04-09 13:19:32.925  INFO 93364 --- [    Test worker] o.s.integration.channel.DirectChannel    : Channel 'application-1.printRequestReadyMessageFlow.channel#1' has 0 subscriber(s).
2020-04-09 13:19:32.925  INFO 93364 --- [    Test worker] o.s.i.endpoint.EventDrivenConsumer       : stopped bean 'printRequestReadyMessageFlow.org.springframework.integration.config.ConsumerEndpointFactoryBean#1'; defined in: 'class path resource [com/corelogic/homevisit/accuservice/AccuServiceConfiguration.class]'; from source: 'bean method printRequestReadyMessageFlow'
2020-04-09 13:19:32.925  INFO 93364 --- [    Test worker] o.s.i.endpoint.EventDrivenConsumer       : Removing {http:outbound-gateway} as a subscriber to the 'printRequestReadyMessageFlow.channel#3' channel
2020-04-09 13:19:32.925  INFO 93364 --- [    Test worker] o.s.integration.channel.DirectChannel    : Channel 'application-1.printRequestReadyMessageFlow.channel#3' has 0 subscriber(s).
2020-04-09 13:19:32.925  INFO 93364 --- [    Test worker] o.s.i.endpoint.EventDrivenConsumer       : stopped bean 'printRequestReadyMessageFlow.org.springframework.integration.config.ConsumerEndpointFactoryBean#2'; defined in: 'class path resource [com/corelogic/homevisit/accuservice/AccuServiceConfiguration.class]'; from source: 'bean method printRequestReadyMessageFlow'
2020-04-09 13:19:32.925  INFO 93364 --- [    Test worker] o.s.i.endpoint.EventDrivenConsumer       : Removing {transformer} as a subscriber to the 'printRequestReadyMessageFlow.channel#5' channel
2020-04-09 13:19:32.925  INFO 93364 --- [    Test worker] o.s.integration.channel.DirectChannel    : Channel 'application-1.printRequestReadyMessageFlow.channel#5' has 0 subscriber(s).
2020-04-09 13:19:32.925  INFO 93364 --- [    Test worker] o.s.i.endpoint.EventDrivenConsumer       : stopped bean 'printRequestReadyMessageFlow.org.springframework.integration.config.ConsumerEndpointFactoryBean#3'; defined in: 'class path resource [com/corelogic/homevisit/accuservice/AccuServiceConfiguration.class]'; from source: 'bean method printRequestReadyMessageFlow'
2020-04-09 13:19:32.925  INFO 93364 --- [    Test worker] o.s.i.endpoint.EventDrivenConsumer       : Removing {jdbc:outbound-gateway} as a subscriber to the 'printRequestReadyMessageFlow.channel#7' channel
2020-04-09 13:19:32.925  INFO 93364 --- [    Test worker] o.s.integration.channel.DirectChannel    : Channel 'application-1.printRequestReadyMessageFlow.channel#7' has 0 subscriber(s).
2020-04-09 13:19:32.925  INFO 93364 --- [    Test worker] o.s.i.endpoint.EventDrivenConsumer       : stopped bean 'printRequestReadyMessageFlow.org.springframework.integration.config.ConsumerEndpointFactoryBean#4'; defined in: 'class path resource [com/corelogic/homevisit/accuservice/AccuServiceConfiguration.class]'; from source: 'bean method printRequestReadyMessageFlow'
2020-04-09 13:19:32.925  INFO 93364 --- [    Test worker] o.s.i.endpoint.EventDrivenConsumer       : Removing {header-enricher} as a subscriber to the 'printRequestReadyMessageFlow.channel#9' channel
2020-04-09 13:19:32.925  INFO 93364 --- [    Test worker] o.s.integration.channel.DirectChannel    : Channel 'application-1.printRequestReadyMessageFlow.channel#9' has 0 subscriber(s).
2020-04-09 13:19:32.925  INFO 93364 --- [    Test worker] o.s.i.endpoint.EventDrivenConsumer       : stopped bean 'printRequestReadyMessageFlow.org.springframework.integration.config.ConsumerEndpointFactoryBean#5'; defined in: 'class path resource [com/corelogic/homevisit/accuservice/AccuServiceConfiguration.class]'; from source: 'bean method printRequestReadyMessageFlow'
2020-04-09 13:19:32.925  INFO 93364 --- [    Test worker] o.s.i.endpoint.EventDrivenConsumer       : Removing {bridge} as a subscriber to the 'printRequestReadyMessageFlow.channel#11' channel
2020-04-09 13:19:32.925  INFO 93364 --- [    Test worker] o.s.integration.channel.DirectChannel    : Channel 'application-1.printRequestReadyMessageFlow.channel#11' has 0 subscriber(s).
2020-04-09 13:19:32.925  INFO 93364 --- [    Test worker] o.s.i.endpoint.EventDrivenConsumer       : stopped bean 'printRequestReadyMessageFlow.org.springframework.integration.config.ConsumerEndpointFactoryBean#6'; defined in: 'class path resource [com/corelogic/homevisit/accuservice/AccuServiceConfiguration.class]'; from source: 'bean method printRequestReadyMessageFlow'
2020-04-09 13:19:32.925  INFO 93364 --- [    Test worker] o.s.i.endpoint.EventDrivenConsumer       : Removing {http:outbound-gateway} as a subscriber to the 'accountInfo.channel#1' channel
2020-04-09 13:19:32.925  INFO 93364 --- [    Test worker] o.s.integration.channel.DirectChannel    : Channel 'application-1.accountInfo.channel#1' has 0 subscriber(s).
2020-04-09 13:19:32.925  INFO 93364 --- [    Test worker] o.s.i.endpoint.EventDrivenConsumer       : stopped bean 'accountInfo.org.springframework.integration.config.ConsumerEndpointFactoryBean#0'; defined in: 'class path resource [com/corelogic/homevisit/accuservice/AccuServiceConfiguration.class]'; from source: 'bean method accountInfo'
2020-04-09 13:19:32.925  INFO 93364 --- [    Test worker] o.s.i.endpoint.EventDrivenConsumer       : Removing {bridge} as a subscriber to the 'accountInfo.channel#3' channel
2020-04-09 13:19:32.925  INFO 93364 --- [    Test worker] o.s.integration.channel.DirectChannel    : Channel 'application-1.accountInfo.channel#3' has 0 subscriber(s).
2020-04-09 13:19:32.925  INFO 93364 --- [    Test worker] o.s.i.endpoint.EventDrivenConsumer       : stopped bean 'accountInfo.org.springframework.integration.config.ConsumerEndpointFactoryBean#1'; defined in: 'class path resource [com/corelogic/homevisit/accuservice/AccuServiceConfiguration.class]'; from source: 'bean method accountInfo'
2020-04-09 13:19:32.926  INFO 93364 --- [    Test worker] o.s.i.endpoint.EventDrivenConsumer       : Removing {logging-channel-adapter:_org.springframework.integration.errorLogger} as a subscriber to the 'errorChannel' channel
2020-04-09 13:19:32.926  INFO 93364 --- [    Test worker] o.s.i.channel.PublishSubscribeChannel    : Channel 'application-1.errorChannel' has 0 subscriber(s).
2020-04-09 13:19:32.926  INFO 93364 --- [    Test worker] o.s.i.endpoint.EventDrivenConsumer       : stopped bean '_org.springframework.integration.errorLogger'
2020-04-09 13:19:32.926  INFO 93364 --- [    Test worker] o.s.i.endpoint.EventDrivenConsumer       : Removing {message-handler:accuConnectConfiguration.updateSecurityToken.serviceActivator} as a subscriber to the 'toUpdateSecurityToken' channel
2020-04-09 13:19:32.926  INFO 93364 --- [    Test worker] o.s.i.channel.PublishSubscribeChannel    : Channel 'application-1.toUpdateSecurityToken' has 0 subscriber(s).
2020-04-09 13:19:32.926  INFO 93364 --- [    Test worker] o.s.i.endpoint.EventDrivenConsumer       : stopped bean 'accuConnectConfiguration.updateSecurityToken.serviceActivator'
2020-04-09 13:19:32.926  INFO 93364 --- [    Test worker] o.s.i.endpoint.EventDrivenConsumer       : Removing {message-handler:accuConnectConfiguration.updatePrintJobRequestStatus.serviceActivator} as a subscriber to the 'toUpdatePrintJobRequestStatus' channel
2020-04-09 13:19:32.926  INFO 93364 --- [    Test worker] o.s.i.channel.PublishSubscribeChannel    : Channel 'application-1.toUpdatePrintJobRequestStatus' has 0 subscriber(s).
2020-04-09 13:19:32.926  INFO 93364 --- [    Test worker] o.s.i.endpoint.EventDrivenConsumer       : stopped bean 'accuConnectConfiguration.updatePrintJobRequestStatus.serviceActivator'
2020-04-09 13:19:32.926  INFO 93364 --- [    Test worker] o.s.i.endpoint.EventDrivenConsumer       : Removing {message-handler:accuServiceConfiguration.updatePrintRequestStatusCounter.serviceActivator} as a subscriber to the 'toUpdatePrintRequestStatusCounter' channel
2020-04-09 13:19:32.926  INFO 93364 --- [    Test worker] o.s.i.channel.PublishSubscribeChannel    : Channel 'application-1.toUpdatePrintRequestStatusCounter' has 0 subscriber(s).
2020-04-09 13:19:32.926  INFO 93364 --- [    Test worker] o.s.i.endpoint.EventDrivenConsumer       : stopped bean 'accuServiceConfiguration.updatePrintRequestStatusCounter.serviceActivator'
2020-04-09 13:19:32.926  INFO 93364 --- [    Test worker] o.s.i.endpoint.EventDrivenConsumer       : Removing {message-handler:accuServiceConfiguration.updatePrintRequestStatus.serviceActivator} as a subscriber to the 'toUpdatePrintRequestStatus' channel
2020-04-09 13:19:32.926  INFO 93364 --- [    Test worker] o.s.i.channel.PublishSubscribeChannel    : Channel 'application-1.toUpdatePrintRequestStatus' has 0 subscriber(s).
2020-04-09 13:19:32.926  INFO 93364 --- [    Test worker] o.s.i.endpoint.EventDrivenConsumer       : stopped bean 'accuServiceConfiguration.updatePrintRequestStatus.serviceActivator'
2020-04-09 13:19:32.926  INFO 93364 --- [    Test worker] o.s.s.c.ThreadPoolTaskScheduler          : Shutting down ExecutorService 'taskScheduler'
2020-04-09 13:19:32.927  INFO 93364 --- [    Test worker] o.s.s.quartz.SchedulerFactoryBean        : Shutting down Quartz Scheduler
2020-04-09 13:19:32.927  INFO 93364 --- [    Test worker] org.quartz.core.QuartzScheduler          : Scheduler quartzScheduler_$_NON_CLUSTERED shutting down.
2020-04-09 13:19:32.927  INFO 93364 --- [    Test worker] org.quartz.core.QuartzScheduler          : Scheduler quartzScheduler_$_NON_CLUSTERED paused.
2020-04-09 13:19:32.927  INFO 93364 --- [    Test worker] org.quartz.core.QuartzScheduler          : Scheduler quartzScheduler_$_NON_CLUSTERED shutdown complete.
2020-04-09 13:19:32.928  INFO 93364 --- [    Test worker] o.s.s.concurrent.ThreadPoolTaskExecutor  : Shutting down ExecutorService 'applicationTaskExecutor'
2020-04-09 13:19:32.933  INFO 93364 --- [    Test worker] j.LocalContainerEntityManagerFactoryBean : Closing JPA EntityManagerFactory for persistence unit 'default'
2020-04-09 13:19:32.933  INFO 93364 --- [    Test worker] .SchemaDropperImpl$DelayedDropActionImpl : HHH000477: Starting delayed evictData of schema as part of SessionFactory shut-down'
Hibernate: 
    
    drop table agvproduct if exists
Hibernate: 
    
    drop table agvproductvariant if exists
Hibernate: 
    
    drop table cart if exists
Hibernate: 
    
    drop table cart_id if exists
Hibernate: 
    
    drop table chiliDefPostagePlacement if exists
Hibernate: 
    
    drop table chiliMasterTemplateAltLayout if exists
Hibernate: 
    
    drop table chiliUserPrint if exists
Hibernate: 
    
    drop table chiliUserPrintPage if exists
Hibernate: 
    
    drop table chiliUserPrintProduction if exists
Hibernate: 
    
    drop table item if exists
Hibernate: 
    
    drop table printAddress if exists
Hibernate: 
    
    drop table printAddressVerified if exists
Hibernate: 
    
    drop table printRequest if exists
2020-04-09 13:19:32.938  INFO 93364 --- [    Test worker] com.zaxxer.hikari.HikariDataSource       : HikariPool-3 - Shutdown initiated...
2020-04-09 13:19:32.941  INFO 93364 --- [    Test worker] com.zaxxer.hikari.HikariDataSource       : HikariPool-3 - Shutdown completed.
2020-04-09 13:19:32.958  INFO 93364 --- [    Test worker] o.apache.catalina.core.StandardService   : Stopping service [Tomcat]
]]></system-out>
  <system-err><![CDATA[]]></system-err>
</testsuite>
